   1                             		.file	"arm_nn_mat_mult_kernel_q7_q15_reordered.c"
   2                             		.section P,"ax"
   3                             	.Ltext0:
   4                             		.section	.text.arm_nn_mat_mult_kernel_q7_q15_reordered,"ax",@progbits
   5                             		.global	_arm_nn_mat_mult_kernel_q7_q15_reordered
   7                             	_arm_nn_mat_mult_kernel_q7_q15_reordered:
   8                             	.LFB82:
   9                             		.file 1 "../src/CMSIS/NN/Source/ConvolutionFunctions/arm_nn_mat_mult_kernel_q7_q15_reordered.c"
   1:../src/CMSIS/NN/Source/ConvolutionFunctions/arm_nn_mat_mult_kernel_q7_q15_reordered.c **** /*
   2:../src/CMSIS/NN/Source/ConvolutionFunctions/arm_nn_mat_mult_kernel_q7_q15_reordered.c ****  * Copyright (C) 2010-2021 Arm Limited or its affiliates. All rights reserved.
   3:../src/CMSIS/NN/Source/ConvolutionFunctions/arm_nn_mat_mult_kernel_q7_q15_reordered.c ****  *
   4:../src/CMSIS/NN/Source/ConvolutionFunctions/arm_nn_mat_mult_kernel_q7_q15_reordered.c ****  * SPDX-License-Identifier: Apache-2.0
   5:../src/CMSIS/NN/Source/ConvolutionFunctions/arm_nn_mat_mult_kernel_q7_q15_reordered.c ****  *
   6:../src/CMSIS/NN/Source/ConvolutionFunctions/arm_nn_mat_mult_kernel_q7_q15_reordered.c ****  * Licensed under the Apache License, Version 2.0 (the License); you may
   7:../src/CMSIS/NN/Source/ConvolutionFunctions/arm_nn_mat_mult_kernel_q7_q15_reordered.c ****  * not use this file except in compliance with the License.
   8:../src/CMSIS/NN/Source/ConvolutionFunctions/arm_nn_mat_mult_kernel_q7_q15_reordered.c ****  * You may obtain a copy of the License at
   9:../src/CMSIS/NN/Source/ConvolutionFunctions/arm_nn_mat_mult_kernel_q7_q15_reordered.c ****  *
  10:../src/CMSIS/NN/Source/ConvolutionFunctions/arm_nn_mat_mult_kernel_q7_q15_reordered.c ****  * www.apache.org/licenses/LICENSE-2.0
  11:../src/CMSIS/NN/Source/ConvolutionFunctions/arm_nn_mat_mult_kernel_q7_q15_reordered.c ****  *
  12:../src/CMSIS/NN/Source/ConvolutionFunctions/arm_nn_mat_mult_kernel_q7_q15_reordered.c ****  * Unless required by applicable law or agreed to in writing, software
  13:../src/CMSIS/NN/Source/ConvolutionFunctions/arm_nn_mat_mult_kernel_q7_q15_reordered.c ****  * distributed under the License is distributed on an AS IS BASIS, WITHOUT
  14:../src/CMSIS/NN/Source/ConvolutionFunctions/arm_nn_mat_mult_kernel_q7_q15_reordered.c ****  * WARRANTIES OR CONDITIONS OF ANY KIND, either express or implied.
  15:../src/CMSIS/NN/Source/ConvolutionFunctions/arm_nn_mat_mult_kernel_q7_q15_reordered.c ****  * See the License for the specific language governing permissions and
  16:../src/CMSIS/NN/Source/ConvolutionFunctions/arm_nn_mat_mult_kernel_q7_q15_reordered.c ****  * limitations under the License.
  17:../src/CMSIS/NN/Source/ConvolutionFunctions/arm_nn_mat_mult_kernel_q7_q15_reordered.c ****  */
  18:../src/CMSIS/NN/Source/ConvolutionFunctions/arm_nn_mat_mult_kernel_q7_q15_reordered.c **** 
  19:../src/CMSIS/NN/Source/ConvolutionFunctions/arm_nn_mat_mult_kernel_q7_q15_reordered.c **** /* ----------------------------------------------------------------------
  20:../src/CMSIS/NN/Source/ConvolutionFunctions/arm_nn_mat_mult_kernel_q7_q15_reordered.c ****  * Project:      CMSIS NN Library
  21:../src/CMSIS/NN/Source/ConvolutionFunctions/arm_nn_mat_mult_kernel_q7_q15_reordered.c ****  * Title:        arm_nn_mat_mult_kernel_q7_q15_reordered.c
  22:../src/CMSIS/NN/Source/ConvolutionFunctions/arm_nn_mat_mult_kernel_q7_q15_reordered.c ****  * Description:  Matrix-multiplication function for convolution with reordered columns
  23:../src/CMSIS/NN/Source/ConvolutionFunctions/arm_nn_mat_mult_kernel_q7_q15_reordered.c ****  *
  24:../src/CMSIS/NN/Source/ConvolutionFunctions/arm_nn_mat_mult_kernel_q7_q15_reordered.c ****  * $Date:        January 26, 2021
  25:../src/CMSIS/NN/Source/ConvolutionFunctions/arm_nn_mat_mult_kernel_q7_q15_reordered.c ****  * $Revision:    V.1.0.2
  26:../src/CMSIS/NN/Source/ConvolutionFunctions/arm_nn_mat_mult_kernel_q7_q15_reordered.c ****  *
  27:../src/CMSIS/NN/Source/ConvolutionFunctions/arm_nn_mat_mult_kernel_q7_q15_reordered.c ****  * Target Processor:  Cortex-M cores
  28:../src/CMSIS/NN/Source/ConvolutionFunctions/arm_nn_mat_mult_kernel_q7_q15_reordered.c ****  * -------------------------------------------------------------------- */
  29:../src/CMSIS/NN/Source/ConvolutionFunctions/arm_nn_mat_mult_kernel_q7_q15_reordered.c **** 
  30:../src/CMSIS/NN/Source/ConvolutionFunctions/arm_nn_mat_mult_kernel_q7_q15_reordered.c **** #include "arm_nnfunctions.h"
  31:../src/CMSIS/NN/Source/ConvolutionFunctions/arm_nn_mat_mult_kernel_q7_q15_reordered.c **** #include "arm_nnsupportfunctions.h"
  32:../src/CMSIS/NN/Source/ConvolutionFunctions/arm_nn_mat_mult_kernel_q7_q15_reordered.c **** 
  33:../src/CMSIS/NN/Source/ConvolutionFunctions/arm_nn_mat_mult_kernel_q7_q15_reordered.c **** /**
  34:../src/CMSIS/NN/Source/ConvolutionFunctions/arm_nn_mat_mult_kernel_q7_q15_reordered.c ****  * @brief Matrix-multiplication function for convolution with re-ordered input.
  35:../src/CMSIS/NN/Source/ConvolutionFunctions/arm_nn_mat_mult_kernel_q7_q15_reordered.c ****  *
  36:../src/CMSIS/NN/Source/ConvolutionFunctions/arm_nn_mat_mult_kernel_q7_q15_reordered.c ****  * @details Refer to header file for details.
  37:../src/CMSIS/NN/Source/ConvolutionFunctions/arm_nn_mat_mult_kernel_q7_q15_reordered.c ****  *
  38:../src/CMSIS/NN/Source/ConvolutionFunctions/arm_nn_mat_mult_kernel_q7_q15_reordered.c ****  */
  39:../src/CMSIS/NN/Source/ConvolutionFunctions/arm_nn_mat_mult_kernel_q7_q15_reordered.c **** 
  40:../src/CMSIS/NN/Source/ConvolutionFunctions/arm_nn_mat_mult_kernel_q7_q15_reordered.c **** q7_t *arm_nn_mat_mult_kernel_q7_q15_reordered(const q7_t *pA,
  41:../src/CMSIS/NN/Source/ConvolutionFunctions/arm_nn_mat_mult_kernel_q7_q15_reordered.c ****                                               const q15_t *pInBuffer,
  42:../src/CMSIS/NN/Source/ConvolutionFunctions/arm_nn_mat_mult_kernel_q7_q15_reordered.c ****                                               const uint16_t ch_im_out,
  43:../src/CMSIS/NN/Source/ConvolutionFunctions/arm_nn_mat_mult_kernel_q7_q15_reordered.c ****                                               const uint16_t numCol_A,
  44:../src/CMSIS/NN/Source/ConvolutionFunctions/arm_nn_mat_mult_kernel_q7_q15_reordered.c ****                                               const uint16_t bias_shift,
  45:../src/CMSIS/NN/Source/ConvolutionFunctions/arm_nn_mat_mult_kernel_q7_q15_reordered.c ****                                               const uint16_t out_shift,
  46:../src/CMSIS/NN/Source/ConvolutionFunctions/arm_nn_mat_mult_kernel_q7_q15_reordered.c ****                                               const q7_t *bias,
  47:../src/CMSIS/NN/Source/ConvolutionFunctions/arm_nn_mat_mult_kernel_q7_q15_reordered.c ****                                               q7_t *pOut)
  48:../src/CMSIS/NN/Source/ConvolutionFunctions/arm_nn_mat_mult_kernel_q7_q15_reordered.c **** {
  10                             		.loc 1 48 1
  11                             	.LVL0:
  12 0000 60 C0                   		sub	#12, r0
  13                             	.LCFI0:
  49:../src/CMSIS/NN/Source/ConvolutionFunctions/arm_nn_mat_mult_kernel_q7_q15_reordered.c **** 
  50:../src/CMSIS/NN/Source/ConvolutionFunctions/arm_nn_mat_mult_kernel_q7_q15_reordered.c **** #if defined(ARM_MATH_DSP)
  51:../src/CMSIS/NN/Source/ConvolutionFunctions/arm_nn_mat_mult_kernel_q7_q15_reordered.c ****     /* set up the second output pointers */
  52:../src/CMSIS/NN/Source/ConvolutionFunctions/arm_nn_mat_mult_kernel_q7_q15_reordered.c ****     q7_t *pOut2 = pOut + ch_im_out;
  53:../src/CMSIS/NN/Source/ConvolutionFunctions/arm_nn_mat_mult_kernel_q7_q15_reordered.c ****     int i;
  54:../src/CMSIS/NN/Source/ConvolutionFunctions/arm_nn_mat_mult_kernel_q7_q15_reordered.c **** 
  55:../src/CMSIS/NN/Source/ConvolutionFunctions/arm_nn_mat_mult_kernel_q7_q15_reordered.c ****     /* this loop over rows in A */
  56:../src/CMSIS/NN/Source/ConvolutionFunctions/arm_nn_mat_mult_kernel_q7_q15_reordered.c ****     for (i = 0; i < ch_im_out; i += 2)
  57:../src/CMSIS/NN/Source/ConvolutionFunctions/arm_nn_mat_mult_kernel_q7_q15_reordered.c ****     {
  58:../src/CMSIS/NN/Source/ConvolutionFunctions/arm_nn_mat_mult_kernel_q7_q15_reordered.c ****         /* setup pointers for B */
  59:../src/CMSIS/NN/Source/ConvolutionFunctions/arm_nn_mat_mult_kernel_q7_q15_reordered.c ****         const q15_t *pB = pInBuffer;
  60:../src/CMSIS/NN/Source/ConvolutionFunctions/arm_nn_mat_mult_kernel_q7_q15_reordered.c ****         const q15_t *pB2 = pB + numCol_A;
  61:../src/CMSIS/NN/Source/ConvolutionFunctions/arm_nn_mat_mult_kernel_q7_q15_reordered.c **** 
  62:../src/CMSIS/NN/Source/ConvolutionFunctions/arm_nn_mat_mult_kernel_q7_q15_reordered.c ****         /* align the second pointer for A */
  63:../src/CMSIS/NN/Source/ConvolutionFunctions/arm_nn_mat_mult_kernel_q7_q15_reordered.c ****         const q7_t *pA2 = pA + numCol_A;
  64:../src/CMSIS/NN/Source/ConvolutionFunctions/arm_nn_mat_mult_kernel_q7_q15_reordered.c **** 
  65:../src/CMSIS/NN/Source/ConvolutionFunctions/arm_nn_mat_mult_kernel_q7_q15_reordered.c ****         /* init the sum with bias */
  66:../src/CMSIS/NN/Source/ConvolutionFunctions/arm_nn_mat_mult_kernel_q7_q15_reordered.c ****         q31_t sum = ((q31_t)(bias[i]) << bias_shift) + NN_ROUND(out_shift);
  67:../src/CMSIS/NN/Source/ConvolutionFunctions/arm_nn_mat_mult_kernel_q7_q15_reordered.c ****         q31_t sum2 = ((q31_t)(bias[i]) << bias_shift) + NN_ROUND(out_shift);
  68:../src/CMSIS/NN/Source/ConvolutionFunctions/arm_nn_mat_mult_kernel_q7_q15_reordered.c ****         q31_t sum3 = ((q31_t)(bias[i + 1]) << bias_shift) + NN_ROUND(out_shift);
  69:../src/CMSIS/NN/Source/ConvolutionFunctions/arm_nn_mat_mult_kernel_q7_q15_reordered.c ****         q31_t sum4 = ((q31_t)(bias[i + 1]) << bias_shift) + NN_ROUND(out_shift);
  70:../src/CMSIS/NN/Source/ConvolutionFunctions/arm_nn_mat_mult_kernel_q7_q15_reordered.c **** 
  71:../src/CMSIS/NN/Source/ConvolutionFunctions/arm_nn_mat_mult_kernel_q7_q15_reordered.c ****         uint16_t colCnt = numCol_A >> 2;
  72:../src/CMSIS/NN/Source/ConvolutionFunctions/arm_nn_mat_mult_kernel_q7_q15_reordered.c ****         /* accumulate over the vector */
  73:../src/CMSIS/NN/Source/ConvolutionFunctions/arm_nn_mat_mult_kernel_q7_q15_reordered.c ****         while (colCnt)
  74:../src/CMSIS/NN/Source/ConvolutionFunctions/arm_nn_mat_mult_kernel_q7_q15_reordered.c ****         {
  75:../src/CMSIS/NN/Source/ConvolutionFunctions/arm_nn_mat_mult_kernel_q7_q15_reordered.c ****             q31_t inA11, inA12, inA21, inA22;
  76:../src/CMSIS/NN/Source/ConvolutionFunctions/arm_nn_mat_mult_kernel_q7_q15_reordered.c **** 
  77:../src/CMSIS/NN/Source/ConvolutionFunctions/arm_nn_mat_mult_kernel_q7_q15_reordered.c ****             q31_t inB1 = arm_nn_read_q15x2_ia(&pB);
  78:../src/CMSIS/NN/Source/ConvolutionFunctions/arm_nn_mat_mult_kernel_q7_q15_reordered.c ****             q31_t inB2 = arm_nn_read_q15x2_ia(&pB2);
  79:../src/CMSIS/NN/Source/ConvolutionFunctions/arm_nn_mat_mult_kernel_q7_q15_reordered.c **** 
  80:../src/CMSIS/NN/Source/ConvolutionFunctions/arm_nn_mat_mult_kernel_q7_q15_reordered.c ****             pA = read_and_pad_reordered(pA, &inA11, &inA12);
  81:../src/CMSIS/NN/Source/ConvolutionFunctions/arm_nn_mat_mult_kernel_q7_q15_reordered.c ****             pA2 = read_and_pad_reordered(pA2, &inA21, &inA22);
  82:../src/CMSIS/NN/Source/ConvolutionFunctions/arm_nn_mat_mult_kernel_q7_q15_reordered.c **** 
  83:../src/CMSIS/NN/Source/ConvolutionFunctions/arm_nn_mat_mult_kernel_q7_q15_reordered.c ****             sum = __SMLAD(inA11, inB1, sum);
  84:../src/CMSIS/NN/Source/ConvolutionFunctions/arm_nn_mat_mult_kernel_q7_q15_reordered.c ****             sum2 = __SMLAD(inA11, inB2, sum2);
  85:../src/CMSIS/NN/Source/ConvolutionFunctions/arm_nn_mat_mult_kernel_q7_q15_reordered.c ****             sum3 = __SMLAD(inA21, inB1, sum3);
  86:../src/CMSIS/NN/Source/ConvolutionFunctions/arm_nn_mat_mult_kernel_q7_q15_reordered.c ****             sum4 = __SMLAD(inA21, inB2, sum4);
  87:../src/CMSIS/NN/Source/ConvolutionFunctions/arm_nn_mat_mult_kernel_q7_q15_reordered.c **** 
  88:../src/CMSIS/NN/Source/ConvolutionFunctions/arm_nn_mat_mult_kernel_q7_q15_reordered.c ****             inB1 = arm_nn_read_q15x2_ia(&pB);
  89:../src/CMSIS/NN/Source/ConvolutionFunctions/arm_nn_mat_mult_kernel_q7_q15_reordered.c ****             inB2 = arm_nn_read_q15x2_ia(&pB2);
  90:../src/CMSIS/NN/Source/ConvolutionFunctions/arm_nn_mat_mult_kernel_q7_q15_reordered.c **** 
  91:../src/CMSIS/NN/Source/ConvolutionFunctions/arm_nn_mat_mult_kernel_q7_q15_reordered.c ****             sum = __SMLAD(inA12, inB1, sum);
  92:../src/CMSIS/NN/Source/ConvolutionFunctions/arm_nn_mat_mult_kernel_q7_q15_reordered.c ****             sum2 = __SMLAD(inA12, inB2, sum2);
  93:../src/CMSIS/NN/Source/ConvolutionFunctions/arm_nn_mat_mult_kernel_q7_q15_reordered.c ****             sum3 = __SMLAD(inA22, inB1, sum3);
  94:../src/CMSIS/NN/Source/ConvolutionFunctions/arm_nn_mat_mult_kernel_q7_q15_reordered.c ****             sum4 = __SMLAD(inA22, inB2, sum4);
  95:../src/CMSIS/NN/Source/ConvolutionFunctions/arm_nn_mat_mult_kernel_q7_q15_reordered.c **** 
  96:../src/CMSIS/NN/Source/ConvolutionFunctions/arm_nn_mat_mult_kernel_q7_q15_reordered.c ****             colCnt--;
  97:../src/CMSIS/NN/Source/ConvolutionFunctions/arm_nn_mat_mult_kernel_q7_q15_reordered.c ****         } /* while over colCnt */
  98:../src/CMSIS/NN/Source/ConvolutionFunctions/arm_nn_mat_mult_kernel_q7_q15_reordered.c ****         colCnt = numCol_A & 0x3;
  99:../src/CMSIS/NN/Source/ConvolutionFunctions/arm_nn_mat_mult_kernel_q7_q15_reordered.c ****         while (colCnt)
 100:../src/CMSIS/NN/Source/ConvolutionFunctions/arm_nn_mat_mult_kernel_q7_q15_reordered.c ****         {
 101:../src/CMSIS/NN/Source/ConvolutionFunctions/arm_nn_mat_mult_kernel_q7_q15_reordered.c ****             q7_t inA1 = *pA++;
 102:../src/CMSIS/NN/Source/ConvolutionFunctions/arm_nn_mat_mult_kernel_q7_q15_reordered.c ****             q15_t inB1 = *pB++;
 103:../src/CMSIS/NN/Source/ConvolutionFunctions/arm_nn_mat_mult_kernel_q7_q15_reordered.c ****             q7_t inA2 = *pA2++;
 104:../src/CMSIS/NN/Source/ConvolutionFunctions/arm_nn_mat_mult_kernel_q7_q15_reordered.c ****             q15_t inB2 = *pB2++;
 105:../src/CMSIS/NN/Source/ConvolutionFunctions/arm_nn_mat_mult_kernel_q7_q15_reordered.c **** 
 106:../src/CMSIS/NN/Source/ConvolutionFunctions/arm_nn_mat_mult_kernel_q7_q15_reordered.c ****             sum += inA1 * inB1;
 107:../src/CMSIS/NN/Source/ConvolutionFunctions/arm_nn_mat_mult_kernel_q7_q15_reordered.c ****             sum2 += inA1 * inB2;
 108:../src/CMSIS/NN/Source/ConvolutionFunctions/arm_nn_mat_mult_kernel_q7_q15_reordered.c ****             sum3 += inA2 * inB1;
 109:../src/CMSIS/NN/Source/ConvolutionFunctions/arm_nn_mat_mult_kernel_q7_q15_reordered.c ****             sum4 += inA2 * inB2;
 110:../src/CMSIS/NN/Source/ConvolutionFunctions/arm_nn_mat_mult_kernel_q7_q15_reordered.c ****             colCnt--;
 111:../src/CMSIS/NN/Source/ConvolutionFunctions/arm_nn_mat_mult_kernel_q7_q15_reordered.c ****         } /* while over colCnt */
 112:../src/CMSIS/NN/Source/ConvolutionFunctions/arm_nn_mat_mult_kernel_q7_q15_reordered.c ****         *pOut++ = (q7_t)__SSAT((sum >> out_shift), 8);
 113:../src/CMSIS/NN/Source/ConvolutionFunctions/arm_nn_mat_mult_kernel_q7_q15_reordered.c ****         *pOut++ = (q7_t)__SSAT((sum3 >> out_shift), 8);
 114:../src/CMSIS/NN/Source/ConvolutionFunctions/arm_nn_mat_mult_kernel_q7_q15_reordered.c ****         *pOut2++ = (q7_t)__SSAT((sum2 >> out_shift), 8);
 115:../src/CMSIS/NN/Source/ConvolutionFunctions/arm_nn_mat_mult_kernel_q7_q15_reordered.c ****         *pOut2++ = (q7_t)__SSAT((sum4 >> out_shift), 8);
 116:../src/CMSIS/NN/Source/ConvolutionFunctions/arm_nn_mat_mult_kernel_q7_q15_reordered.c **** 
 117:../src/CMSIS/NN/Source/ConvolutionFunctions/arm_nn_mat_mult_kernel_q7_q15_reordered.c ****         /* skip the row computed with A2 */
 118:../src/CMSIS/NN/Source/ConvolutionFunctions/arm_nn_mat_mult_kernel_q7_q15_reordered.c ****         pA += numCol_A;
 119:../src/CMSIS/NN/Source/ConvolutionFunctions/arm_nn_mat_mult_kernel_q7_q15_reordered.c ****     } /* for over ch_im_out */
 120:../src/CMSIS/NN/Source/ConvolutionFunctions/arm_nn_mat_mult_kernel_q7_q15_reordered.c **** 
 121:../src/CMSIS/NN/Source/ConvolutionFunctions/arm_nn_mat_mult_kernel_q7_q15_reordered.c ****     pOut += ch_im_out;
 122:../src/CMSIS/NN/Source/ConvolutionFunctions/arm_nn_mat_mult_kernel_q7_q15_reordered.c **** 
 123:../src/CMSIS/NN/Source/ConvolutionFunctions/arm_nn_mat_mult_kernel_q7_q15_reordered.c ****     /* return the new output pointer with offset */
 124:../src/CMSIS/NN/Source/ConvolutionFunctions/arm_nn_mat_mult_kernel_q7_q15_reordered.c ****     return pOut;
 125:../src/CMSIS/NN/Source/ConvolutionFunctions/arm_nn_mat_mult_kernel_q7_q15_reordered.c **** #else
 126:../src/CMSIS/NN/Source/ConvolutionFunctions/arm_nn_mat_mult_kernel_q7_q15_reordered.c ****     (void)pA;
  14                             		.loc 1 126 5
 127:../src/CMSIS/NN/Source/ConvolutionFunctions/arm_nn_mat_mult_kernel_q7_q15_reordered.c ****     (void)pInBuffer;
  15                             		.loc 1 127 5
 128:../src/CMSIS/NN/Source/ConvolutionFunctions/arm_nn_mat_mult_kernel_q7_q15_reordered.c ****     (void)ch_im_out;
  16                             		.loc 1 128 5
 129:../src/CMSIS/NN/Source/ConvolutionFunctions/arm_nn_mat_mult_kernel_q7_q15_reordered.c ****     (void)numCol_A;
  17                             		.loc 1 129 5
 130:../src/CMSIS/NN/Source/ConvolutionFunctions/arm_nn_mat_mult_kernel_q7_q15_reordered.c ****     (void)bias_shift;
  18                             		.loc 1 130 5
 131:../src/CMSIS/NN/Source/ConvolutionFunctions/arm_nn_mat_mult_kernel_q7_q15_reordered.c ****     (void)out_shift;
  19                             		.loc 1 131 5
 132:../src/CMSIS/NN/Source/ConvolutionFunctions/arm_nn_mat_mult_kernel_q7_q15_reordered.c ****     (void)bias;
  20                             		.loc 1 132 5
 133:../src/CMSIS/NN/Source/ConvolutionFunctions/arm_nn_mat_mult_kernel_q7_q15_reordered.c ****     (void)pOut;
  21                             		.loc 1 133 5
 134:../src/CMSIS/NN/Source/ConvolutionFunctions/arm_nn_mat_mult_kernel_q7_q15_reordered.c ****     /* To be completed */
 135:../src/CMSIS/NN/Source/ConvolutionFunctions/arm_nn_mat_mult_kernel_q7_q15_reordered.c ****     return NULL;
  22                             		.loc 1 135 5
 136:../src/CMSIS/NN/Source/ConvolutionFunctions/arm_nn_mat_mult_kernel_q7_q15_reordered.c **** #endif /* ARM_MATH_DSP */
 137:../src/CMSIS/NN/Source/ConvolutionFunctions/arm_nn_mat_mult_kernel_q7_q15_reordered.c **** }
  23                             		.loc 1 137 1 is_stmt 0
  24 0002 66 01                   		mov.L	#0, r1
  25                             	.LVL1:
  26 0004 67 03                   		rtsd	#12
  27                             	.LFE82:
  59                             	.Letext0:
  60                             		.file 2 "c:\\gcc for renesas rx 8.3.0.202004-gnurx-elf\\rx-elf\\rx-elf\\rx-elf\\include\\machine\\
  61                             		.file 3 "c:\\gcc for renesas rx 8.3.0.202004-gnurx-elf\\rx-elf\\rx-elf\\rx-elf\\include\\sys\\_std
  62                             		.file 4 "c:\\gcc for renesas rx 8.3.0.202004-gnurx-elf\\rx-elf\\rx-elf\\rx-elf\\include\\sys\\lock
  63                             		.file 5 "c:\\gcc for renesas rx 8.3.0.202004-gnurx-elf\\rx-elf\\rx-elf\\rx-elf\\include\\sys\\_typ
  64                             		.file 6 "c:\\gcc for renesas rx 8.3.0.202004-gnurx-elf\\rx-elf\\rx-elf\\lib\\gcc\\rx-elf\\8.3.0.20
  65                             		.file 7 "c:\\gcc for renesas rx 8.3.0.202004-gnurx-elf\\rx-elf\\rx-elf\\rx-elf\\include\\sys\\reen
  66                             		.file 8 "c:\\gcc for renesas rx 8.3.0.202004-gnurx-elf\\rx-elf\\rx-elf\\rx-elf\\include\\math.h"
  67                             		.file 9 "C:\\Users\\a5116938\\Desktop\\e2_studio_workspace\\EEMBC_final\\RX65N_Cloud_Kit\\src\\CMS
  68                             		.file 10 "C:\\Users\\a5116938\\Desktop\\e2_studio_workspace\\EEMBC_final\\RX65N_Cloud_Kit\\src\\CM
