   1                             		.file	"arm_concatenation_s8_x.c"
   2                             		.section P,"ax"
   3                             	.Ltext0:
   4                             		.section	.text.arm_concatenation_s8_x,"ax",@progbits
   5                             		.global	_arm_concatenation_s8_x
   7                             	_arm_concatenation_s8_x:
   8                             	.LFB27:
   9                             		.file 1 "../src/CMSIS/NN/Source/ConcatenationFunctions/arm_concatenation_s8_x.c"
   1:../src/CMSIS/NN/Source/ConcatenationFunctions/arm_concatenation_s8_x.c **** /*
   2:../src/CMSIS/NN/Source/ConcatenationFunctions/arm_concatenation_s8_x.c ****  * Copyright (C) 2010-2019 Arm Limited or its affiliates. All rights reserved.
   3:../src/CMSIS/NN/Source/ConcatenationFunctions/arm_concatenation_s8_x.c ****  *
   4:../src/CMSIS/NN/Source/ConcatenationFunctions/arm_concatenation_s8_x.c ****  * SPDX-License-Identifier: Apache-2.0
   5:../src/CMSIS/NN/Source/ConcatenationFunctions/arm_concatenation_s8_x.c ****  *
   6:../src/CMSIS/NN/Source/ConcatenationFunctions/arm_concatenation_s8_x.c ****  * Licensed under the Apache License, Version 2.0 (the License); you may
   7:../src/CMSIS/NN/Source/ConcatenationFunctions/arm_concatenation_s8_x.c ****  * not use this file except in compliance with the License.
   8:../src/CMSIS/NN/Source/ConcatenationFunctions/arm_concatenation_s8_x.c ****  * You may obtain a copy of the License at
   9:../src/CMSIS/NN/Source/ConcatenationFunctions/arm_concatenation_s8_x.c ****  *
  10:../src/CMSIS/NN/Source/ConcatenationFunctions/arm_concatenation_s8_x.c ****  * www.apache.org/licenses/LICENSE-2.0
  11:../src/CMSIS/NN/Source/ConcatenationFunctions/arm_concatenation_s8_x.c ****  *
  12:../src/CMSIS/NN/Source/ConcatenationFunctions/arm_concatenation_s8_x.c ****  * Unless required by applicable law or agreed to in writing, software
  13:../src/CMSIS/NN/Source/ConcatenationFunctions/arm_concatenation_s8_x.c ****  * distributed under the License is distributed on an AS IS BASIS, WITHOUT
  14:../src/CMSIS/NN/Source/ConcatenationFunctions/arm_concatenation_s8_x.c ****  * WARRANTIES OR CONDITIONS OF ANY KIND, either express or implied.
  15:../src/CMSIS/NN/Source/ConcatenationFunctions/arm_concatenation_s8_x.c ****  * See the License for the specific language governing permissions and
  16:../src/CMSIS/NN/Source/ConcatenationFunctions/arm_concatenation_s8_x.c ****  * limitations under the License.
  17:../src/CMSIS/NN/Source/ConcatenationFunctions/arm_concatenation_s8_x.c ****  */
  18:../src/CMSIS/NN/Source/ConcatenationFunctions/arm_concatenation_s8_x.c **** 
  19:../src/CMSIS/NN/Source/ConcatenationFunctions/arm_concatenation_s8_x.c **** /* ----------------------------------------------------------------------
  20:../src/CMSIS/NN/Source/ConcatenationFunctions/arm_concatenation_s8_x.c ****  * Project:      CMSIS NN Library
  21:../src/CMSIS/NN/Source/ConcatenationFunctions/arm_concatenation_s8_x.c ****  * Title:        arm_concatenation_s8_x.c
  22:../src/CMSIS/NN/Source/ConcatenationFunctions/arm_concatenation_s8_x.c ****  * Description:  s8 version of concatenation along the X axis
  23:../src/CMSIS/NN/Source/ConcatenationFunctions/arm_concatenation_s8_x.c ****  *
  24:../src/CMSIS/NN/Source/ConcatenationFunctions/arm_concatenation_s8_x.c ****  * $Date:        October 2019
  25:../src/CMSIS/NN/Source/ConcatenationFunctions/arm_concatenation_s8_x.c ****  * $Revision:    V.1.0.0
  26:../src/CMSIS/NN/Source/ConcatenationFunctions/arm_concatenation_s8_x.c ****  *
  27:../src/CMSIS/NN/Source/ConcatenationFunctions/arm_concatenation_s8_x.c ****  * Target Processor:  Cortex-M cores
  28:../src/CMSIS/NN/Source/ConcatenationFunctions/arm_concatenation_s8_x.c ****  *
  29:../src/CMSIS/NN/Source/ConcatenationFunctions/arm_concatenation_s8_x.c ****  * -------------------------------------------------------------------- */
  30:../src/CMSIS/NN/Source/ConcatenationFunctions/arm_concatenation_s8_x.c **** 
  31:../src/CMSIS/NN/Source/ConcatenationFunctions/arm_concatenation_s8_x.c **** #include "arm_nnfunctions.h"
  32:../src/CMSIS/NN/Source/ConcatenationFunctions/arm_concatenation_s8_x.c **** 
  33:../src/CMSIS/NN/Source/ConcatenationFunctions/arm_concatenation_s8_x.c **** /**
  34:../src/CMSIS/NN/Source/ConcatenationFunctions/arm_concatenation_s8_x.c ****  *  @ingroup groupNN
  35:../src/CMSIS/NN/Source/ConcatenationFunctions/arm_concatenation_s8_x.c ****  */
  36:../src/CMSIS/NN/Source/ConcatenationFunctions/arm_concatenation_s8_x.c **** 
  37:../src/CMSIS/NN/Source/ConcatenationFunctions/arm_concatenation_s8_x.c **** /**
  38:../src/CMSIS/NN/Source/ConcatenationFunctions/arm_concatenation_s8_x.c ****  * @addtogroup Concatenation
  39:../src/CMSIS/NN/Source/ConcatenationFunctions/arm_concatenation_s8_x.c ****  * @{
  40:../src/CMSIS/NN/Source/ConcatenationFunctions/arm_concatenation_s8_x.c ****  */
  41:../src/CMSIS/NN/Source/ConcatenationFunctions/arm_concatenation_s8_x.c **** 
  42:../src/CMSIS/NN/Source/ConcatenationFunctions/arm_concatenation_s8_x.c **** /*
  43:../src/CMSIS/NN/Source/ConcatenationFunctions/arm_concatenation_s8_x.c ****  *  s8 version of concatenation along the X axis
  44:../src/CMSIS/NN/Source/ConcatenationFunctions/arm_concatenation_s8_x.c ****  *
  45:../src/CMSIS/NN/Source/ConcatenationFunctions/arm_concatenation_s8_x.c ****  * Refer to header file for details.
  46:../src/CMSIS/NN/Source/ConcatenationFunctions/arm_concatenation_s8_x.c ****  *
  47:../src/CMSIS/NN/Source/ConcatenationFunctions/arm_concatenation_s8_x.c ****  */
  48:../src/CMSIS/NN/Source/ConcatenationFunctions/arm_concatenation_s8_x.c **** void arm_concatenation_s8_x(const int8_t *input,
  49:../src/CMSIS/NN/Source/ConcatenationFunctions/arm_concatenation_s8_x.c ****                             const uint16_t input_x,
  50:../src/CMSIS/NN/Source/ConcatenationFunctions/arm_concatenation_s8_x.c ****                             const uint16_t input_y,
  51:../src/CMSIS/NN/Source/ConcatenationFunctions/arm_concatenation_s8_x.c ****                             const uint16_t input_z,
  52:../src/CMSIS/NN/Source/ConcatenationFunctions/arm_concatenation_s8_x.c ****                             const uint16_t input_w,
  53:../src/CMSIS/NN/Source/ConcatenationFunctions/arm_concatenation_s8_x.c ****                             int8_t *output,
  54:../src/CMSIS/NN/Source/ConcatenationFunctions/arm_concatenation_s8_x.c ****                             const uint16_t output_x,
  55:../src/CMSIS/NN/Source/ConcatenationFunctions/arm_concatenation_s8_x.c ****                             const uint32_t offset_x)
  56:../src/CMSIS/NN/Source/ConcatenationFunctions/arm_concatenation_s8_x.c **** {
  10                             		.loc 1 56 1
  11                             	.LVL0:
  12 0000 6E 7A                   		pushm	r7-r10
  13                             	.LCFI0:
  14 0002 71 00 F0                		add	#-16, r0
  15                             	.LCFI1:
  57:../src/CMSIS/NN/Source/ConcatenationFunctions/arm_concatenation_s8_x.c ****     const uint32_t num_iterations = input_y * input_z * input_w;
  16                             		.loc 1 57 5
  56:../src/CMSIS/NN/Source/ConcatenationFunctions/arm_concatenation_s8_x.c ****     const uint32_t num_iterations = input_y * input_z * input_w;
  17                             		.loc 1 56 1 is_stmt 0
  18 0005 75 47 24                		mov.L	#36, r7
  19 0008 4B 07                   		add	r0, r7
  20                             		.loc 1 57 45
  21 000a 5F 33                   		movu.W	r3, r3
  22 000c 5F 44                   		movu.W	r4, r4
  23                             		.loc 1 57 55
  24 000e 5C 7A                   		movu.W	[r7], r10
  56:../src/CMSIS/NN/Source/ConcatenationFunctions/arm_concatenation_s8_x.c ****     const uint32_t num_iterations = input_y * input_z * input_w;
  25                             		.loc 1 56 1
  26 0010 A8 7D                   		mov.L	4[r7], r5
  27                             		.loc 1 57 45
  28 0012 4F 43                   		mul	r4, r3
  29                             	.LVL1:
  30                             		.loc 1 57 55
  31 0014 4F 3A                   		mul	r3, r10
  32                             	.LVL2:
  58:../src/CMSIS/NN/Source/ConcatenationFunctions/arm_concatenation_s8_x.c **** 
  59:../src/CMSIS/NN/Source/ConcatenationFunctions/arm_concatenation_s8_x.c ****     output += offset_x;
  33                             		.loc 1 59 5 is_stmt 1
  56:../src/CMSIS/NN/Source/ConcatenationFunctions/arm_concatenation_s8_x.c ****     const uint32_t num_iterations = input_y * input_z * input_w;
  34                             		.loc 1 56 1 is_stmt 0
  35 0016 99 73                   		mov.W	8[r7], r3
  36                             		.loc 1 59 12
  37 0018 06 89 75 03             		add	12[r7].L, r5
  38                             	.LVL3:
  60:../src/CMSIS/NN/Source/ConcatenationFunctions/arm_concatenation_s8_x.c **** 
  61:../src/CMSIS/NN/Source/ConcatenationFunctions/arm_concatenation_s8_x.c ****     uint32_t i;
  39                             		.loc 1 61 5 is_stmt 1
  62:../src/CMSIS/NN/Source/ConcatenationFunctions/arm_concatenation_s8_x.c **** 
  63:../src/CMSIS/NN/Source/ConcatenationFunctions/arm_concatenation_s8_x.c ****     // Copy per row
  64:../src/CMSIS/NN/Source/ConcatenationFunctions/arm_concatenation_s8_x.c ****     for (i = 0; i < num_iterations; ++i)
  40                             		.loc 1 64 5
  41 001c 61 0A                   		cmp	#0, r10
  42 001e 20 1C                   		beq	.L1
  43 0020 EF 14                   		mov.L	r1, r4
  44                             	.LVL4:
  45 0022 5F 2F                   		movu.W	r2, r15
  46 0024 5F 37                   		movu.W	r3, r7
  47                             		.loc 1 64 12 is_stmt 0
  48 0026 66 0E                   		mov.L	#0, r14
  49                             	.LVL5:
  50                             		.balign 8,3,1
  51                             	.L3:
  65:../src/CMSIS/NN/Source/ConcatenationFunctions/arm_concatenation_s8_x.c ****     {
  66:../src/CMSIS/NN/Source/ConcatenationFunctions/arm_concatenation_s8_x.c ****         memcpy(output, input, input_x);
  52                             		.loc 1 66 9 is_stmt 1 discriminator 3
  53 0028 EF 51                   		mov.L	r5, r1
  54 002a EF 42                   		mov.L	r4, r2
  55 002c EF F3                   		mov.L	r15, r3
  56 002e 7F 8F                   		smovf
  67:../src/CMSIS/NN/Source/ConcatenationFunctions/arm_concatenation_s8_x.c ****         input += input_x;
  57                             		.loc 1 67 9 discriminator 3
  64:../src/CMSIS/NN/Source/ConcatenationFunctions/arm_concatenation_s8_x.c ****     {
  58                             		.loc 1 64 37 is_stmt 0 discriminator 3
  59 0030 62 1E                   		add	#1, r14
  60                             	.LVL6:
  61                             		.loc 1 67 15 discriminator 3
  62 0032 4B F4                   		add	r15, r4
  63                             	.LVL7:
  68:../src/CMSIS/NN/Source/ConcatenationFunctions/arm_concatenation_s8_x.c ****         output += output_x;
  64                             		.loc 1 68 9 is_stmt 1 discriminator 3
  65                             		.loc 1 68 16 is_stmt 0 discriminator 3
  66 0034 4B 75                   		add	r7, r5
  67                             	.LVL8:
  64:../src/CMSIS/NN/Source/ConcatenationFunctions/arm_concatenation_s8_x.c ****     {
  68                             		.loc 1 64 5 discriminator 3
  69 0036 47 EA                   		cmp	r14, r10
  70 0038 21 F0                   		bne	.L3
  71                             	.LVL9:
  72                             		.balign 8,3,2
  73                             	.L1:
  69:../src/CMSIS/NN/Source/ConcatenationFunctions/arm_concatenation_s8_x.c ****     }
  70:../src/CMSIS/NN/Source/ConcatenationFunctions/arm_concatenation_s8_x.c **** }
  74                             		.loc 1 70 1
  75 003a 3F 7A 08                		rtsd	#32, r7-r10
  76                             	.LFE27:
 120                             	.Letext0:
 121                             		.file 2 "c:\\gcc for renesas rx 8.3.0.202004-gnurx-elf\\rx-elf\\rx-elf\\rx-elf\\include\\machine\\
 122                             		.file 3 "c:\\gcc for renesas rx 8.3.0.202004-gnurx-elf\\rx-elf\\rx-elf\\rx-elf\\include\\sys\\_std
 123                             		.file 4 "c:\\gcc for renesas rx 8.3.0.202004-gnurx-elf\\rx-elf\\rx-elf\\rx-elf\\include\\sys\\lock
 124                             		.file 5 "c:\\gcc for renesas rx 8.3.0.202004-gnurx-elf\\rx-elf\\rx-elf\\rx-elf\\include\\sys\\_typ
 125                             		.file 6 "c:\\gcc for renesas rx 8.3.0.202004-gnurx-elf\\rx-elf\\rx-elf\\lib\\gcc\\rx-elf\\8.3.0.20
 126                             		.file 7 "c:\\gcc for renesas rx 8.3.0.202004-gnurx-elf\\rx-elf\\rx-elf\\rx-elf\\include\\sys\\reen
 127                             		.file 8 "c:\\gcc for renesas rx 8.3.0.202004-gnurx-elf\\rx-elf\\rx-elf\\rx-elf\\include\\math.h"
