   1                             		.file	"Config_SCI0_user.c"
   2                             		.section P,"ax"
   3                             	.Ltext0:
   4                             		.section	.text.R_Config_SCI0_Create_UserInit,"ax",@progbits
   5                             		.global	_R_Config_SCI0_Create_UserInit
   7                             	_R_Config_SCI0_Create_UserInit:
   8                             	.LFB3:
   9                             		.file 1 "../src/smc_gen/Config_SCI0/Config_SCI0_user.c"
   1:../src/smc_gen/Config_SCI0/Config_SCI0_user.c **** /**************************************************************************************************
   2:../src/smc_gen/Config_SCI0/Config_SCI0_user.c **** * DISCLAIMER
   3:../src/smc_gen/Config_SCI0/Config_SCI0_user.c **** * This software is supplied by Renesas Electronics Corporation and is only intended for use with Re
   4:../src/smc_gen/Config_SCI0/Config_SCI0_user.c **** * No other uses are authorized. This software is owned by Renesas Electronics Corporation and is pr
   5:../src/smc_gen/Config_SCI0/Config_SCI0_user.c **** * applicable laws, including copyright laws. 
   6:../src/smc_gen/Config_SCI0/Config_SCI0_user.c **** * THIS SOFTWARE IS PROVIDED "AS IS" AND RENESAS MAKES NO WARRANTIES REGARDING THIS SOFTWARE, WHETHE
   7:../src/smc_gen/Config_SCI0/Config_SCI0_user.c **** * OR STATUTORY, INCLUDING BUT NOT LIMITED TO WARRANTIES OF MERCHANTABILITY, FITNESS FOR A PARTICULA
   8:../src/smc_gen/Config_SCI0/Config_SCI0_user.c **** * NON-INFRINGEMENT.  ALL SUCH WARRANTIES ARE EXPRESSLY DISCLAIMED.TO THE MAXIMUM EXTENT PERMITTED N
   9:../src/smc_gen/Config_SCI0/Config_SCI0_user.c **** * LAW, NEITHER RENESAS ELECTRONICS CORPORATION NOR ANY OF ITS AFFILIATED COMPANIES SHALL BE LIABLE 
  10:../src/smc_gen/Config_SCI0/Config_SCI0_user.c **** * INDIRECT, SPECIAL, INCIDENTAL OR CONSEQUENTIAL DAMAGES FOR ANY REASON RELATED TO THIS SOFTWARE, E
  11:../src/smc_gen/Config_SCI0/Config_SCI0_user.c **** * ITS AFFILIATES HAVE BEEN ADVISED OF THE POSSIBILITY OF SUCH DAMAGES.
  12:../src/smc_gen/Config_SCI0/Config_SCI0_user.c **** * Renesas reserves the right, without notice, to make changes to this software and to discontinue t
  13:../src/smc_gen/Config_SCI0/Config_SCI0_user.c **** * of this software. 
  14:../src/smc_gen/Config_SCI0/Config_SCI0_user.c **** *
  15:../src/smc_gen/Config_SCI0/Config_SCI0_user.c **** * Copyright (C) 2019 Renesas Electronics Corporation. All rights reserved.
  16:../src/smc_gen/Config_SCI0/Config_SCI0_user.c **** ***************************************************************************************************
  17:../src/smc_gen/Config_SCI0/Config_SCI0_user.c **** 
  18:../src/smc_gen/Config_SCI0/Config_SCI0_user.c **** /**************************************************************************************************
  19:../src/smc_gen/Config_SCI0/Config_SCI0_user.c **** * File Name    : Config_SCI0_user.c
  20:../src/smc_gen/Config_SCI0/Config_SCI0_user.c **** * Version      : 1.9.2
  21:../src/smc_gen/Config_SCI0/Config_SCI0_user.c **** * Device(s)    : R5F565NEDxFP
  22:../src/smc_gen/Config_SCI0/Config_SCI0_user.c **** * Description  : This file implements device driver for Config_SCI0.
  23:../src/smc_gen/Config_SCI0/Config_SCI0_user.c **** * Creation Date: 2021-06-15
  24:../src/smc_gen/Config_SCI0/Config_SCI0_user.c **** ***************************************************************************************************
  25:../src/smc_gen/Config_SCI0/Config_SCI0_user.c **** 
  26:../src/smc_gen/Config_SCI0/Config_SCI0_user.c **** /**************************************************************************************************
  27:../src/smc_gen/Config_SCI0/Config_SCI0_user.c **** Pragma directive
  28:../src/smc_gen/Config_SCI0/Config_SCI0_user.c **** ***************************************************************************************************
  29:../src/smc_gen/Config_SCI0/Config_SCI0_user.c **** /* Start user code for pragma. Do not edit comment generated here */
  30:../src/smc_gen/Config_SCI0/Config_SCI0_user.c **** /* End user code. Do not edit comment generated here */
  31:../src/smc_gen/Config_SCI0/Config_SCI0_user.c **** 
  32:../src/smc_gen/Config_SCI0/Config_SCI0_user.c **** /**************************************************************************************************
  33:../src/smc_gen/Config_SCI0/Config_SCI0_user.c **** Includes
  34:../src/smc_gen/Config_SCI0/Config_SCI0_user.c **** ***************************************************************************************************
  35:../src/smc_gen/Config_SCI0/Config_SCI0_user.c **** #include "r_cg_macrodriver.h"
  36:../src/smc_gen/Config_SCI0/Config_SCI0_user.c **** #include "Config_SCI0.h"
  37:../src/smc_gen/Config_SCI0/Config_SCI0_user.c **** /* Start user code for include. Do not edit comment generated here */
  38:../src/smc_gen/Config_SCI0/Config_SCI0_user.c **** /* End user code. Do not edit comment generated here */
  39:../src/smc_gen/Config_SCI0/Config_SCI0_user.c **** #include "r_cg_userdefine.h"
  40:../src/smc_gen/Config_SCI0/Config_SCI0_user.c **** 
  41:../src/smc_gen/Config_SCI0/Config_SCI0_user.c **** /**************************************************************************************************
  42:../src/smc_gen/Config_SCI0/Config_SCI0_user.c **** Global variables and functions
  43:../src/smc_gen/Config_SCI0/Config_SCI0_user.c **** ***************************************************************************************************
  44:../src/smc_gen/Config_SCI0/Config_SCI0_user.c **** extern volatile uint8_t * gp_sci0_tx_address;                /* SCI0 transmit buffer address */
  45:../src/smc_gen/Config_SCI0/Config_SCI0_user.c **** extern volatile uint16_t  g_sci0_tx_count;                   /* SCI0 transmit data number */
  46:../src/smc_gen/Config_SCI0/Config_SCI0_user.c **** extern volatile uint8_t * gp_sci0_rx_address;                /* SCI0 receive buffer address */
  47:../src/smc_gen/Config_SCI0/Config_SCI0_user.c **** extern volatile uint16_t  g_sci0_rx_count;                   /* SCI0 receive data number */
  48:../src/smc_gen/Config_SCI0/Config_SCI0_user.c **** extern volatile uint16_t  g_sci0_rx_length;                  /* SCI0 receive data length */
  49:../src/smc_gen/Config_SCI0/Config_SCI0_user.c **** /* Start user code for global. Do not edit comment generated here */
  50:../src/smc_gen/Config_SCI0/Config_SCI0_user.c **** #define TRANSFER_LENGTH (128)
  51:../src/smc_gen/Config_SCI0/Config_SCI0_user.c **** 
  52:../src/smc_gen/Config_SCI0/Config_SCI0_user.c **** uint8_t  g_out_of_band_received[TRANSFER_LENGTH];
  53:../src/smc_gen/Config_SCI0/Config_SCI0_user.c **** uint32_t g_transfer_complete = 0;
  54:../src/smc_gen/Config_SCI0/Config_SCI0_user.c **** uint32_t g_receive_complete  = 0;
  55:../src/smc_gen/Config_SCI0/Config_SCI0_user.c **** uint32_t g_out_of_band_index = 0;
  56:../src/smc_gen/Config_SCI0/Config_SCI0_user.c **** 
  57:../src/smc_gen/Config_SCI0/Config_SCI0_user.c **** /* End user code. Do not edit comment generated here */
  58:../src/smc_gen/Config_SCI0/Config_SCI0_user.c **** 
  59:../src/smc_gen/Config_SCI0/Config_SCI0_user.c **** /**************************************************************************************************
  60:../src/smc_gen/Config_SCI0/Config_SCI0_user.c **** * Function Name: R_Config_SCI0_Create_UserInit
  61:../src/smc_gen/Config_SCI0/Config_SCI0_user.c **** * Description  : This function adds user code after initializing the SCI0 channel
  62:../src/smc_gen/Config_SCI0/Config_SCI0_user.c **** * Arguments    : None
  63:../src/smc_gen/Config_SCI0/Config_SCI0_user.c **** * Return Value : None
  64:../src/smc_gen/Config_SCI0/Config_SCI0_user.c **** ***************************************************************************************************
  65:../src/smc_gen/Config_SCI0/Config_SCI0_user.c **** 
  66:../src/smc_gen/Config_SCI0/Config_SCI0_user.c **** void R_Config_SCI0_Create_UserInit(void)
  67:../src/smc_gen/Config_SCI0/Config_SCI0_user.c **** {
  10                             		.loc 1 67 1
  68:../src/smc_gen/Config_SCI0/Config_SCI0_user.c ****     /* Start user code for user init. Do not edit comment generated here */
  69:../src/smc_gen/Config_SCI0/Config_SCI0_user.c ****     g_sci0_rx_count = 0U;
  11                             		.loc 1 69 5
  12                             		.loc 1 69 21 is_stmt 0
  13 0000 FB 52 00 00 00 00       		mov.L	#_g_sci0_rx_count, r5
  14 0006 F8 55 00                		mov.W	#0, [r5]
  70:../src/smc_gen/Config_SCI0/Config_SCI0_user.c ****     g_sci0_rx_length = TRANSFER_LENGTH;
  15                             		.loc 1 70 5 is_stmt 1
  16                             		.loc 1 70 22 is_stmt 0
  17 0009 FB 52 00 00 00 00       		mov.L	#_g_sci0_rx_length, r5
  18 000f F8 59 80 00             		mov.W	#0x80, [r5]
  71:../src/smc_gen/Config_SCI0/Config_SCI0_user.c ****     gp_sci0_rx_address = g_out_of_band_received;
  19                             		.loc 1 71 5 is_stmt 1
  72:../src/smc_gen/Config_SCI0/Config_SCI0_user.c ****     SCI0.SCR.BIT.RIE = 1U;
  20                             		.loc 1 72 22 is_stmt 0
  21 0013 FB 5E 00 A0 08          		mov.L	#0x8a000, r5
  71:../src/smc_gen/Config_SCI0/Config_SCI0_user.c ****     gp_sci0_rx_address = g_out_of_band_received;
  22                             		.loc 1 71 24
  23 0018 FB 42 00 00 00 00       		mov.L	#_gp_sci0_rx_address, r4
  24 001e F8 42 00 00 00 00       		mov.L	#.LANCHOR0, [r4]
  25                             		.loc 1 72 5 is_stmt 1
  26                             		.loc 1 72 22 is_stmt 0
  27 0024 F1 56 02                		bset	#6, 2[r5].B
  73:../src/smc_gen/Config_SCI0/Config_SCI0_user.c ****     SCI0.SCR.BIT.RE = 1U;
  28                             		.loc 1 73 5 is_stmt 1
  29                             		.loc 1 73 21 is_stmt 0
  30 0027 F1 54 02                		bset	#4, 2[r5].B
  74:../src/smc_gen/Config_SCI0/Config_SCI0_user.c **** 
  75:../src/smc_gen/Config_SCI0/Config_SCI0_user.c ****     /* End user code. Do not edit comment generated here */
  76:../src/smc_gen/Config_SCI0/Config_SCI0_user.c **** }
  31                             		.loc 1 76 1
  32 002a 02                      		rts
  33                             	.LFE3:
  35                             		.section	.text.r_Config_SCI0_transmit_interrupt,"ax",@progbits
  36                             		.global	_r_Config_SCI0_transmit_interrupt
  38                             	_r_Config_SCI0_transmit_interrupt:
  39                             	.LFB4:
  77:../src/smc_gen/Config_SCI0/Config_SCI0_user.c **** 
  78:../src/smc_gen/Config_SCI0/Config_SCI0_user.c **** /**************************************************************************************************
  79:../src/smc_gen/Config_SCI0/Config_SCI0_user.c **** * Function Name: r_Config_SCI0_transmit_interrupt
  80:../src/smc_gen/Config_SCI0/Config_SCI0_user.c **** * Description  : This function is TXI0 interrupt service routine
  81:../src/smc_gen/Config_SCI0/Config_SCI0_user.c **** * Arguments    : None
  82:../src/smc_gen/Config_SCI0/Config_SCI0_user.c **** * Return Value : None
  83:../src/smc_gen/Config_SCI0/Config_SCI0_user.c **** ***************************************************************************************************
  84:../src/smc_gen/Config_SCI0/Config_SCI0_user.c **** 
  85:../src/smc_gen/Config_SCI0/Config_SCI0_user.c **** void r_Config_SCI0_transmit_interrupt(void)
  86:../src/smc_gen/Config_SCI0/Config_SCI0_user.c **** {
  40                             		.loc 1 86 1 is_stmt 1
  41                             		.global	$tableentry$59$.rvectors
  42                             	$tableentry$59$.rvectors:
  43                             		; Note: Interrupt Handler
  44 0000 6E 15                   		pushm	r1-r5
  45                             	.LCFI0:
  87:../src/smc_gen/Config_SCI0/Config_SCI0_user.c ****     if (0U < g_sci0_tx_count)
  46                             		.loc 1 87 5
  47                             		.loc 1 87 12 is_stmt 0
  48 0002 FB 42 00 00 00 00       		mov.L	#_g_sci0_tx_count, r4
  49                             		.loc 1 87 8
  50 0008 5C 45                   		movu.W	[r4], r5
  51 000a 61 05                   		cmp	#0, r5
  52 000c 20 20                   		beq	.L4
  88:../src/smc_gen/Config_SCI0/Config_SCI0_user.c ****     {
  89:../src/smc_gen/Config_SCI0/Config_SCI0_user.c ****         SCI0.TDR = *gp_sci0_tx_address;
  53                             		.loc 1 89 9 is_stmt 1
  54                             		.loc 1 89 20 is_stmt 0
  55 000e FB 22 00 00 00 00       		mov.L	#_gp_sci0_tx_address, r2
  56 0014 EC 23                   		mov.L	[r2], r3
  57 0016 FD 28 31                		mov.B	[r3+], r1
  58                             		.loc 1 89 18
  59 0019 FB 5E 00 A0 08          		mov.L	#0x8a000, r5
  60 001e 80 D9                   		mov.B	r1, 3[r5]
  90:../src/smc_gen/Config_SCI0/Config_SCI0_user.c ****         gp_sci0_tx_address++;
  61                             		.loc 1 90 9 is_stmt 1
  91:../src/smc_gen/Config_SCI0/Config_SCI0_user.c ****         g_sci0_tx_count--;
  62                             		.loc 1 91 24 is_stmt 0
  63 0020 DC 45                   		mov.W	[r4], r5
  90:../src/smc_gen/Config_SCI0/Config_SCI0_user.c ****         gp_sci0_tx_address++;
  64                             		.loc 1 90 27
  65 0022 E3 23                   		mov.L	r3, [r2]
  66                             		.loc 1 91 9 is_stmt 1
  67                             		.loc 1 91 24 is_stmt 0
  68 0024 60 15                   		sub	#1, r5
  69 0026 D3 45                   		mov.W	r5, [r4]
  92:../src/smc_gen/Config_SCI0/Config_SCI0_user.c ****     }
  93:../src/smc_gen/Config_SCI0/Config_SCI0_user.c ****     else
  94:../src/smc_gen/Config_SCI0/Config_SCI0_user.c ****     {
  95:../src/smc_gen/Config_SCI0/Config_SCI0_user.c ****         SCI0.SCR.BIT.TIE = 0U;
  96:../src/smc_gen/Config_SCI0/Config_SCI0_user.c ****         SCI0.SCR.BIT.TEIE = 1U;
  97:../src/smc_gen/Config_SCI0/Config_SCI0_user.c ****     }
  98:../src/smc_gen/Config_SCI0/Config_SCI0_user.c **** }
  70                             		.loc 1 98 1
  71 0028 6F 15                   		popm	r1-r5
  72 002a 7F 95                   		rte
  73                             	.L4:
  95:../src/smc_gen/Config_SCI0/Config_SCI0_user.c ****         SCI0.SCR.BIT.TEIE = 1U;
  74                             		.loc 1 95 9 is_stmt 1
  95:../src/smc_gen/Config_SCI0/Config_SCI0_user.c ****         SCI0.SCR.BIT.TEIE = 1U;
  75                             		.loc 1 95 26 is_stmt 0
  76 002c FB 5E 00 A0 08          		mov.L	#0x8a000, r5
  77 0031 88 D4                   		mov.B	2[r5], r4
  78 0033 7A 74                   		bclr	#7, r4
  79 0035 80 D4                   		mov.B	r4, 2[r5]
  96:../src/smc_gen/Config_SCI0/Config_SCI0_user.c ****     }
  80                             		.loc 1 96 9 is_stmt 1
  96:../src/smc_gen/Config_SCI0/Config_SCI0_user.c ****     }
  81                             		.loc 1 96 27 is_stmt 0
  82 0037 F1 52 02                		bset	#2, 2[r5].B
  83                             		.loc 1 98 1
  84 003a 6F 15                   		popm	r1-r5
  85 003c 7F 95                   		rte
  86                             	.LFE4:
  88                             		.section	.text.r_Config_SCI0_transmitend_interrupt,"ax",@progbits
  89                             		.global	_r_Config_SCI0_transmitend_interrupt
  91                             	_r_Config_SCI0_transmitend_interrupt:
  92                             	.LFB5:
  99:../src/smc_gen/Config_SCI0/Config_SCI0_user.c **** 
 100:../src/smc_gen/Config_SCI0/Config_SCI0_user.c **** /**************************************************************************************************
 101:../src/smc_gen/Config_SCI0/Config_SCI0_user.c **** * Function Name: r_Config_SCI0_transmitend_interrupt
 102:../src/smc_gen/Config_SCI0/Config_SCI0_user.c **** * Description  : This function is TEI0 interrupt service routine
 103:../src/smc_gen/Config_SCI0/Config_SCI0_user.c **** * Arguments    : None
 104:../src/smc_gen/Config_SCI0/Config_SCI0_user.c **** * Return Value : None
 105:../src/smc_gen/Config_SCI0/Config_SCI0_user.c **** ***************************************************************************************************
 106:../src/smc_gen/Config_SCI0/Config_SCI0_user.c **** 
 107:../src/smc_gen/Config_SCI0/Config_SCI0_user.c **** void r_Config_SCI0_transmitend_interrupt(void)
 108:../src/smc_gen/Config_SCI0/Config_SCI0_user.c **** {
  93                             		.loc 1 108 1 is_stmt 1
 109:../src/smc_gen/Config_SCI0/Config_SCI0_user.c ****     /* Set TXD0 pin */
 110:../src/smc_gen/Config_SCI0/Config_SCI0_user.c ****     PORT3.PMR.BYTE &= 0xFBU;
  94                             		.loc 1 110 5
 111:../src/smc_gen/Config_SCI0/Config_SCI0_user.c **** 
 112:../src/smc_gen/Config_SCI0/Config_SCI0_user.c ****     SCI0.SCR.BIT.TIE = 0U;
  95                             		.loc 1 112 5
 110:../src/smc_gen/Config_SCI0/Config_SCI0_user.c **** 
  96                             		.loc 1 110 20 is_stmt 0
  97 0000 FB 4E 03 C0 08          		mov.L	#0x8c003, r4
  98                             		.loc 1 112 22
  99 0005 FB 5E 00 A0 08          		mov.L	#0x8a000, r5
 110:../src/smc_gen/Config_SCI0/Config_SCI0_user.c **** 
 100                             		.loc 1 110 20
 101 000a F1 4A 60                		bclr	#2, 96[r4].B
 102                             		.loc 1 112 22
 103 000d 88 D4                   		mov.B	2[r5], r4
 104 000f 7A 74                   		bclr	#7, r4
 105 0011 80 D4                   		mov.B	r4, 2[r5]
 113:../src/smc_gen/Config_SCI0/Config_SCI0_user.c ****     SCI0.SCR.BIT.TE = 0U;
 106                             		.loc 1 113 5 is_stmt 1
 107                             		.loc 1 113 21 is_stmt 0
 108 0013 F1 5D 02                		bclr	#5, 2[r5].B
 114:../src/smc_gen/Config_SCI0/Config_SCI0_user.c ****     SCI0.SCR.BIT.TEIE = 0U;
 109                             		.loc 1 114 5 is_stmt 1
 110                             		.loc 1 114 23 is_stmt 0
 111 0016 F1 5A 02                		bclr	#2, 2[r5].B
 115:../src/smc_gen/Config_SCI0/Config_SCI0_user.c ****     
 116:../src/smc_gen/Config_SCI0/Config_SCI0_user.c ****     r_Config_SCI0_callback_transmitend();
 112                             		.loc 1 116 5 is_stmt 1
 113                             	.LBB6:
 114                             	.LBB7:
 117:../src/smc_gen/Config_SCI0/Config_SCI0_user.c **** }
 118:../src/smc_gen/Config_SCI0/Config_SCI0_user.c **** 
 119:../src/smc_gen/Config_SCI0/Config_SCI0_user.c **** /**************************************************************************************************
 120:../src/smc_gen/Config_SCI0/Config_SCI0_user.c **** * Function Name: r_Config_SCI0_receive_interrupt
 121:../src/smc_gen/Config_SCI0/Config_SCI0_user.c **** * Description  : This function is RXI0 interrupt service routine
 122:../src/smc_gen/Config_SCI0/Config_SCI0_user.c **** * Arguments    : None
 123:../src/smc_gen/Config_SCI0/Config_SCI0_user.c **** * Return Value : None
 124:../src/smc_gen/Config_SCI0/Config_SCI0_user.c **** ***************************************************************************************************
 125:../src/smc_gen/Config_SCI0/Config_SCI0_user.c **** 
 126:../src/smc_gen/Config_SCI0/Config_SCI0_user.c **** void r_Config_SCI0_receive_interrupt(void)
 127:../src/smc_gen/Config_SCI0/Config_SCI0_user.c **** {
 128:../src/smc_gen/Config_SCI0/Config_SCI0_user.c **** 	g_out_of_band_received[g_out_of_band_index++] = SCI0.RDR;
 129:../src/smc_gen/Config_SCI0/Config_SCI0_user.c ****     
 130:../src/smc_gen/Config_SCI0/Config_SCI0_user.c ****     if( TRANSFER_LENGTH <= g_out_of_band_index )
 131:../src/smc_gen/Config_SCI0/Config_SCI0_user.c ****     {
 132:../src/smc_gen/Config_SCI0/Config_SCI0_user.c ****         g_out_of_band_index = 0;
 133:../src/smc_gen/Config_SCI0/Config_SCI0_user.c ****     }
 134:../src/smc_gen/Config_SCI0/Config_SCI0_user.c **** }
 135:../src/smc_gen/Config_SCI0/Config_SCI0_user.c **** 
 136:../src/smc_gen/Config_SCI0/Config_SCI0_user.c **** /**************************************************************************************************
 137:../src/smc_gen/Config_SCI0/Config_SCI0_user.c **** * Function Name: r_Config_SCI0_callback_transmitend
 138:../src/smc_gen/Config_SCI0/Config_SCI0_user.c **** * Description  : This function is a callback function when SCI0 finishes transmission
 139:../src/smc_gen/Config_SCI0/Config_SCI0_user.c **** * Arguments    : None
 140:../src/smc_gen/Config_SCI0/Config_SCI0_user.c **** * Return Value : None
 141:../src/smc_gen/Config_SCI0/Config_SCI0_user.c **** ***************************************************************************************************
 142:../src/smc_gen/Config_SCI0/Config_SCI0_user.c **** 
 143:../src/smc_gen/Config_SCI0/Config_SCI0_user.c **** static void r_Config_SCI0_callback_transmitend(void)
 144:../src/smc_gen/Config_SCI0/Config_SCI0_user.c **** {
 145:../src/smc_gen/Config_SCI0/Config_SCI0_user.c ****     /* Start user code for r_Config_SCI0_callback_transmitend. Do not edit comment generated here *
 146:../src/smc_gen/Config_SCI0/Config_SCI0_user.c **** 	g_transfer_complete = 0;
 115                             		.loc 1 146 2
 116                             		.loc 1 146 22 is_stmt 0
 117 0019 FB 52 00 00 00 00       		mov.L	#.LANCHOR1, r5
 118 001f F8 56 00                		mov.L	#0, [r5]
 119                             	.LBE7:
 120                             	.LBE6:
 117:../src/smc_gen/Config_SCI0/Config_SCI0_user.c **** }
 121                             		.loc 1 117 1
 122 0022 02                      		rts
 123                             	.LFE5:
 125                             		.section	.text.r_Config_SCI0_receive_interrupt,"ax",@progbits
 126                             		.global	_r_Config_SCI0_receive_interrupt
 128                             	_r_Config_SCI0_receive_interrupt:
 129                             	.LFB6:
 127:../src/smc_gen/Config_SCI0/Config_SCI0_user.c **** 	g_out_of_band_received[g_out_of_band_index++] = SCI0.RDR;
 130                             		.loc 1 127 1 is_stmt 1
 131                             		.global	$tableentry$58$.rvectors
 132                             	$tableentry$58$.rvectors:
 133                             		; Note: Interrupt Handler
 134 0000 6E 15                   		pushm	r1-r5
 135                             	.LCFI1:
 128:../src/smc_gen/Config_SCI0/Config_SCI0_user.c ****     
 136                             		.loc 1 128 2
 128:../src/smc_gen/Config_SCI0/Config_SCI0_user.c ****     
 137                             		.loc 1 128 44 is_stmt 0
 138 0002 FB 52 00 00 00 00       		mov.L	#.LANCHOR2, r5
 139 0008 EC 53                   		mov.L	[r5], r3
 140 000a 71 34 01                		add	#1, r3, r4
 141 000d E3 54                   		mov.L	r4, [r5]
 128:../src/smc_gen/Config_SCI0/Config_SCI0_user.c ****     
 142                             		.loc 1 128 54
 143 000f FB 2E 00 A0 08          		mov.L	#0x8a000, r2
 144 0014 89 29                   		mov.B	5[r2], r1
 128:../src/smc_gen/Config_SCI0/Config_SCI0_user.c ****     
 145                             		.loc 1 128 48
 146 0016 FB 22 00 00 00 00       		mov.L	#.LANCHOR0, r2
 147 001c FE 03 21                		mov.B	r1, [r3,r2]
 130:../src/smc_gen/Config_SCI0/Config_SCI0_user.c ****     {
 148                             		.loc 1 130 5 is_stmt 1
 130:../src/smc_gen/Config_SCI0/Config_SCI0_user.c ****     {
 149                             		.loc 1 130 7 is_stmt 0
 150 001f 75 54 7F                		cmp	#0x7f, r4
 151 0022 25 06                   		bleu	.L8
 132:../src/smc_gen/Config_SCI0/Config_SCI0_user.c ****     }
 152                             		.loc 1 132 9 is_stmt 1
 132:../src/smc_gen/Config_SCI0/Config_SCI0_user.c ****     }
 153                             		.loc 1 132 29 is_stmt 0
 154 0024 F8 56 00                		mov.L	#0, [r5]
 155 0027 03                      		.balign 8,3,1
 156                             	.L8:
 134:../src/smc_gen/Config_SCI0/Config_SCI0_user.c **** 
 157                             		.loc 1 134 1
 158 0028 6F 15                   		popm	r1-r5
 159 002a 7F 95                   		rte
 160                             	.LFE6:
 162 002c 76 10 01 00             		.section	.text.R_Config_SCI0_Create_9600bps,"ax",@progbits
 163                             		.global	_R_Config_SCI0_Create_9600bps
 165                             	_R_Config_SCI0_Create_9600bps:
 166                             	.LFB9:
 147:../src/smc_gen/Config_SCI0/Config_SCI0_user.c ****     /* End user code. Do not edit comment generated here */
 148:../src/smc_gen/Config_SCI0/Config_SCI0_user.c **** }
 149:../src/smc_gen/Config_SCI0/Config_SCI0_user.c **** 
 150:../src/smc_gen/Config_SCI0/Config_SCI0_user.c **** /**************************************************************************************************
 151:../src/smc_gen/Config_SCI0/Config_SCI0_user.c **** * Function Name: r_Config_SCI0_callback_receiveend
 152:../src/smc_gen/Config_SCI0/Config_SCI0_user.c **** * Description  : This function is a callback function when SCI0 finishes reception
 153:../src/smc_gen/Config_SCI0/Config_SCI0_user.c **** * Arguments    : None
 154:../src/smc_gen/Config_SCI0/Config_SCI0_user.c **** * Return Value : None
 155:../src/smc_gen/Config_SCI0/Config_SCI0_user.c **** ***************************************************************************************************
 156:../src/smc_gen/Config_SCI0/Config_SCI0_user.c **** 
 157:../src/smc_gen/Config_SCI0/Config_SCI0_user.c **** static void r_Config_SCI0_callback_receiveend(void)
 158:../src/smc_gen/Config_SCI0/Config_SCI0_user.c **** {
 159:../src/smc_gen/Config_SCI0/Config_SCI0_user.c ****     /* Start user code for r_Config_SCI0_callback_receiveend. Do not edit comment generated here */
 160:../src/smc_gen/Config_SCI0/Config_SCI0_user.c ****     /* End user code. Do not edit comment generated here */
 161:../src/smc_gen/Config_SCI0/Config_SCI0_user.c **** }
 162:../src/smc_gen/Config_SCI0/Config_SCI0_user.c **** 
 163:../src/smc_gen/Config_SCI0/Config_SCI0_user.c **** /* Start user code for adding. Do not edit comment generated here */
 164:../src/smc_gen/Config_SCI0/Config_SCI0_user.c **** void R_Config_SCI0_Create_9600bps(void)
 165:../src/smc_gen/Config_SCI0/Config_SCI0_user.c **** {
 167                             		.loc 1 165 1 is_stmt 1
 166:../src/smc_gen/Config_SCI0/Config_SCI0_user.c ****     /* Cancel SCI stop state */
 167:../src/smc_gen/Config_SCI0/Config_SCI0_user.c ****     MSTP(SCI0) = 0U;
 168                             		.loc 1 167 5
 169                             		.loc 1 167 16 is_stmt 0
 170 0000 FB 3E 00 00 08          		mov.L	#0x80000, r3
 168:../src/smc_gen/Config_SCI0/Config_SCI0_user.c **** 
 169:../src/smc_gen/Config_SCI0/Config_SCI0_user.c ****     /* Set interrupt priority */
 170:../src/smc_gen/Config_SCI0/Config_SCI0_user.c ****     IPR(SCI0, RXI0) = _02_SCI_PRIORITY_LEVEL2;
 171                             		.loc 1 170 21
 172 0005 FB 2E 00 70 08          		mov.L	#0x87000, r2
 167:../src/smc_gen/Config_SCI0/Config_SCI0_user.c **** 
 173                             		.loc 1 167 16
 174 000a ED 3E 05                		mov.L	20[r3], r14
 171:../src/smc_gen/Config_SCI0/Config_SCI0_user.c ****     IPR(SCI0, TXI0) = _02_SCI_PRIORITY_LEVEL2;
 172:../src/smc_gen/Config_SCI0/Config_SCI0_user.c **** 
 173:../src/smc_gen/Config_SCI0/Config_SCI0_user.c ****     /* Clear the control register */
 174:../src/smc_gen/Config_SCI0/Config_SCI0_user.c ****     SCI0.SCR.BYTE = 0x00U;
 175                             		.loc 1 174 19
 176 000d FB 5E 00 A0 08          		mov.L	#0x8a000, r5
 175:../src/smc_gen/Config_SCI0/Config_SCI0_user.c **** 
 176:../src/smc_gen/Config_SCI0/Config_SCI0_user.c ****     /* Set clock enable */
 177:../src/smc_gen/Config_SCI0/Config_SCI0_user.c ****     SCI0.SCR.BYTE = _00_SCI_INTERNAL_SCK_UNUSED;
 178:../src/smc_gen/Config_SCI0/Config_SCI0_user.c **** 
 179:../src/smc_gen/Config_SCI0/Config_SCI0_user.c ****     /* Clear the SIMR1.IICM, SPMR.CKPH, and CKPOL bit, and set SPMR */
 180:../src/smc_gen/Config_SCI0/Config_SCI0_user.c ****     SCI0.SIMR1.BIT.IICM = 0U;
 181:../src/smc_gen/Config_SCI0/Config_SCI0_user.c ****     SCI0.SPMR.BYTE = _00_SCI_RTS | _00_SCI_CLOCK_NOT_INVERTED | _00_SCI_CLOCK_NOT_DELAYED;
 182:../src/smc_gen/Config_SCI0/Config_SCI0_user.c **** 
 183:../src/smc_gen/Config_SCI0/Config_SCI0_user.c ****     /* Set control registers */
 184:../src/smc_gen/Config_SCI0/Config_SCI0_user.c ****     SCI0.SMR.BYTE = _00_SCI_CLOCK_PCLK | _00_SCI_MULTI_PROCESSOR_DISABLE | _00_SCI_STOP_1 | _00_SCI
 185:../src/smc_gen/Config_SCI0/Config_SCI0_user.c ****                     _00_SCI_DATA_LENGTH_8 | _00_SCI_ASYNCHRONOUS_OR_I2C_MODE;
 186:../src/smc_gen/Config_SCI0/Config_SCI0_user.c ****     SCI0.SCMR.BYTE = _00_SCI_SERIAL_MODE | _00_SCI_DATA_INVERT_NONE | _00_SCI_DATA_LSB_FIRST | 
 187:../src/smc_gen/Config_SCI0/Config_SCI0_user.c ****                      _10_SCI_DATA_LENGTH_8_OR_7 | _62_SCI_SCMR_DEFAULT;
 188:../src/smc_gen/Config_SCI0/Config_SCI0_user.c ****     SCI0.SEMR.BYTE = _00_SCI_BIT_MODULATION_DISABLE | _00_SCI_16_BASE_CLOCK | _00_SCI_NOISE_FILTER_
 189:../src/smc_gen/Config_SCI0/Config_SCI0_user.c ****                      _00_SCI_BAUDRATE_SINGLE | _00_SCI_LOW_LEVEL_START_BIT;
 190:../src/smc_gen/Config_SCI0/Config_SCI0_user.c **** 
 191:../src/smc_gen/Config_SCI0/Config_SCI0_user.c ****     /* Set bit rate */
 192:../src/smc_gen/Config_SCI0/Config_SCI0_user.c ****     SCI0.BRR = 0xC2U;
 193:../src/smc_gen/Config_SCI0/Config_SCI0_user.c **** 
 194:../src/smc_gen/Config_SCI0/Config_SCI0_user.c ****     /* Set RXD0 pin */
 195:../src/smc_gen/Config_SCI0/Config_SCI0_user.c ****     MPC.P33PFS.BYTE = 0x0BU;
 177                             		.loc 1 195 21
 178 0012 FB 1E 00 C1 08          		mov.L	#0x8c100, r1
 196:../src/smc_gen/Config_SCI0/Config_SCI0_user.c ****     PORT3.PMR.BYTE |= 0x08U;
 179                             		.loc 1 196 20
 180 0017 FB 4E 03 C0 08          		mov.L	#0x8c003, r4
 167:../src/smc_gen/Config_SCI0/Config_SCI0_user.c **** 
 181                             		.loc 1 167 16
 182 001c 7B FE                   		bclr	#31, r14
 183 001e E7 3E 05                		mov.L	r14, 20[r3]
 170:../src/smc_gen/Config_SCI0/Config_SCI0_user.c ****     IPR(SCI0, TXI0) = _02_SCI_PRIORITY_LEVEL2;
 184                             		.loc 1 170 5 is_stmt 1
 170:../src/smc_gen/Config_SCI0/Config_SCI0_user.c ****     IPR(SCI0, TXI0) = _02_SCI_PRIORITY_LEVEL2;
 185                             		.loc 1 170 21 is_stmt 0
 186 0021 CE 23 3A 03             		mov.B	826[r2], r3
 187 0025 75 23 F0                		and #-16, r3
 188 0028 78 13                   		bset	#1, r3
 189 002a CB 23 3A 03             		mov.B	r3, 826[r2]
 171:../src/smc_gen/Config_SCI0/Config_SCI0_user.c **** 
 190                             		.loc 1 171 5 is_stmt 1
 171:../src/smc_gen/Config_SCI0/Config_SCI0_user.c **** 
 191                             		.loc 1 171 21 is_stmt 0
 192 002e CE 23 3B 03             		mov.B	827[r2], r3
 193 0032 75 23 F0                		and #-16, r3
 194 0035 78 13                   		bset	#1, r3
 195 0037 CB 23 3B 03             		mov.B	r3, 827[r2]
 174:../src/smc_gen/Config_SCI0/Config_SCI0_user.c **** 
 196                             		.loc 1 174 5 is_stmt 1
 174:../src/smc_gen/Config_SCI0/Config_SCI0_user.c **** 
 197                             		.loc 1 174 19 is_stmt 0
 198 003b 3C 52 00                		mov.B	#0, 2[r5]
 177:../src/smc_gen/Config_SCI0/Config_SCI0_user.c **** 
 199                             		.loc 1 177 5 is_stmt 1
 177:../src/smc_gen/Config_SCI0/Config_SCI0_user.c **** 
 200                             		.loc 1 177 19 is_stmt 0
 201 003e 3C 52 00                		mov.B	#0, 2[r5]
 180:../src/smc_gen/Config_SCI0/Config_SCI0_user.c ****     SCI0.SPMR.BYTE = _00_SCI_RTS | _00_SCI_CLOCK_NOT_INVERTED | _00_SCI_CLOCK_NOT_DELAYED;
 202                             		.loc 1 180 5 is_stmt 1
 180:../src/smc_gen/Config_SCI0/Config_SCI0_user.c ****     SCI0.SPMR.BYTE = _00_SCI_RTS | _00_SCI_CLOCK_NOT_INVERTED | _00_SCI_CLOCK_NOT_DELAYED;
 203                             		.loc 1 180 25 is_stmt 0
 204 0041 F1 58 09                		bclr	#0, 9[r5].B
 181:../src/smc_gen/Config_SCI0/Config_SCI0_user.c **** 
 205                             		.loc 1 181 5 is_stmt 1
 181:../src/smc_gen/Config_SCI0/Config_SCI0_user.c **** 
 206                             		.loc 1 181 20 is_stmt 0
 207 0044 3C 5D 00                		mov.B	#0, 13[r5]
 184:../src/smc_gen/Config_SCI0/Config_SCI0_user.c ****                     _00_SCI_DATA_LENGTH_8 | _00_SCI_ASYNCHRONOUS_OR_I2C_MODE;
 208                             		.loc 1 184 5 is_stmt 1
 184:../src/smc_gen/Config_SCI0/Config_SCI0_user.c ****                     _00_SCI_DATA_LENGTH_8 | _00_SCI_ASYNCHRONOUS_OR_I2C_MODE;
 209                             		.loc 1 184 19 is_stmt 0
 210 0047 F8 54 00                		mov.B	#0, [r5]
 186:../src/smc_gen/Config_SCI0/Config_SCI0_user.c ****                      _10_SCI_DATA_LENGTH_8_OR_7 | _62_SCI_SCMR_DEFAULT;
 211                             		.loc 1 186 5 is_stmt 1
 186:../src/smc_gen/Config_SCI0/Config_SCI0_user.c ****                      _10_SCI_DATA_LENGTH_8_OR_7 | _62_SCI_SCMR_DEFAULT;
 212                             		.loc 1 186 20 is_stmt 0
 213 004a 3C 56 72                		mov.B	#0x72, 6[r5]
 188:../src/smc_gen/Config_SCI0/Config_SCI0_user.c ****                      _00_SCI_BAUDRATE_SINGLE | _00_SCI_LOW_LEVEL_START_BIT;
 214                             		.loc 1 188 5 is_stmt 1
 188:../src/smc_gen/Config_SCI0/Config_SCI0_user.c ****                      _00_SCI_BAUDRATE_SINGLE | _00_SCI_LOW_LEVEL_START_BIT;
 215                             		.loc 1 188 20 is_stmt 0
 216 004d 3C 57 00                		mov.B	#0, 7[r5]
 192:../src/smc_gen/Config_SCI0/Config_SCI0_user.c **** 
 217                             		.loc 1 192 5 is_stmt 1
 192:../src/smc_gen/Config_SCI0/Config_SCI0_user.c **** 
 218                             		.loc 1 192 14 is_stmt 0
 219 0050 F9 54 01 C2             		mov.B	#-62, 1[r5]
 195:../src/smc_gen/Config_SCI0/Config_SCI0_user.c ****     PORT3.PMR.BYTE |= 0x08U;
 220                             		.loc 1 195 5 is_stmt 1
 195:../src/smc_gen/Config_SCI0/Config_SCI0_user.c ****     PORT3.PMR.BYTE |= 0x08U;
 221                             		.loc 1 195 21 is_stmt 0
 222 0054 F9 14 5B 0B             		mov.B	#11, 91[r1]
 223                             		.loc 1 196 5 is_stmt 1
 197:../src/smc_gen/Config_SCI0/Config_SCI0_user.c **** 
 198:../src/smc_gen/Config_SCI0/Config_SCI0_user.c ****     /* Set TXD0 pin */
 199:../src/smc_gen/Config_SCI0/Config_SCI0_user.c ****     MPC.P32PFS.BYTE = 0x0BU;
 224                             		.loc 1 199 5
 196:../src/smc_gen/Config_SCI0/Config_SCI0_user.c **** 
 225                             		.loc 1 196 20 is_stmt 0
 226 0058 F1 43 60                		bset	#3, 96[r4].B
 227                             		.loc 1 199 21
 228 005b F9 14 5A 0B             		mov.B	#11, 90[r1]
 200:../src/smc_gen/Config_SCI0/Config_SCI0_user.c ****     PORT3.PODR.BYTE |= 0x04U;
 229                             		.loc 1 200 5 is_stmt 1
 201:../src/smc_gen/Config_SCI0/Config_SCI0_user.c ****     PORT3.PDR.BYTE |= 0x04U;
 230                             		.loc 1 201 5
 202:../src/smc_gen/Config_SCI0/Config_SCI0_user.c **** 
 203:../src/smc_gen/Config_SCI0/Config_SCI0_user.c ****     R_Config_SCI0_Create_UserInit();
 231                             		.loc 1 203 5
 232                             	.LBB8:
 233                             	.LBB9:
  69:../src/smc_gen/Config_SCI0/Config_SCI0_user.c ****     g_sci0_rx_length = TRANSFER_LENGTH;
 234                             		.loc 1 69 5
 235                             	.LBE9:
 236                             	.LBE8:
 200:../src/smc_gen/Config_SCI0/Config_SCI0_user.c ****     PORT3.PDR.BYTE |= 0x04U;
 237                             		.loc 1 200 21 is_stmt 0
 238 005f F1 42 20                		bset	#2, 32[r4].B
 201:../src/smc_gen/Config_SCI0/Config_SCI0_user.c **** 
 239                             		.loc 1 201 20
 240 0062 F0 42                   		bset	#2, [r4].B
 241                             	.LBB11:
 242                             	.LBB10:
  69:../src/smc_gen/Config_SCI0/Config_SCI0_user.c ****     g_sci0_rx_length = TRANSFER_LENGTH;
 243                             		.loc 1 69 21
 244 0064 FB 42 00 00 00 00       		mov.L	#_g_sci0_rx_count, r4
 245 006a F8 45 00                		mov.W	#0, [r4]
  70:../src/smc_gen/Config_SCI0/Config_SCI0_user.c ****     gp_sci0_rx_address = g_out_of_band_received;
 246                             		.loc 1 70 5 is_stmt 1
  70:../src/smc_gen/Config_SCI0/Config_SCI0_user.c ****     gp_sci0_rx_address = g_out_of_band_received;
 247                             		.loc 1 70 22 is_stmt 0
 248 006d FB 42 00 00 00 00       		mov.L	#_g_sci0_rx_length, r4
 249 0073 F8 49 80 00             		mov.W	#0x80, [r4]
  71:../src/smc_gen/Config_SCI0/Config_SCI0_user.c ****     SCI0.SCR.BIT.RIE = 1U;
 250                             		.loc 1 71 5 is_stmt 1
  71:../src/smc_gen/Config_SCI0/Config_SCI0_user.c ****     SCI0.SCR.BIT.RIE = 1U;
 251                             		.loc 1 71 24 is_stmt 0
 252 0077 FB 42 00 00 00 00       		mov.L	#_gp_sci0_rx_address, r4
 253 007d F8 42 00 00 00 00       		mov.L	#.LANCHOR0, [r4]
  72:../src/smc_gen/Config_SCI0/Config_SCI0_user.c ****     SCI0.SCR.BIT.RE = 1U;
 254                             		.loc 1 72 5 is_stmt 1
  72:../src/smc_gen/Config_SCI0/Config_SCI0_user.c ****     SCI0.SCR.BIT.RE = 1U;
 255                             		.loc 1 72 22 is_stmt 0
 256 0083 F1 56 02                		bset	#6, 2[r5].B
  73:../src/smc_gen/Config_SCI0/Config_SCI0_user.c **** 
 257                             		.loc 1 73 5 is_stmt 1
  73:../src/smc_gen/Config_SCI0/Config_SCI0_user.c **** 
 258                             		.loc 1 73 21 is_stmt 0
 259 0086 F1 54 02                		bset	#4, 2[r5].B
 260                             	.LBE10:
 261                             	.LBE11:
 204:../src/smc_gen/Config_SCI0/Config_SCI0_user.c **** }
 262                             		.loc 1 204 1
 263 0089 02                      		rts
 264                             	.LFE9:
 266                             		.global	_g_out_of_band_index
 267                             		.global	_g_receive_complete
 268                             		.global	_g_transfer_complete
 269                             		.global	_g_out_of_band_received
 270                             		.section	.bss.g_out_of_band_index,"aw",@nobits
 271                             		.balign 4
 272                             		.set	.LANCHOR2,. + 0
 275                             	_g_out_of_band_index:
 276 0000 00 00 00 00             		.zero	4
 277                             		.section	.bss.g_out_of_band_received,"aw",@nobits
 278                             		.balign 4
 279                             		.set	.LANCHOR0,. + 0
 282                             	_g_out_of_band_received:
 283 0000 00 00 00 00 00 00 00 00 		.zero	128
 283      00 00 00 00 00 00 00 00 
 283      00 00 00 00 00 00 00 00 
 283      00 00 00 00 00 00 00 00 
 283      00 00 00 00 00 00 00 00 
 284                             		.section	.bss.g_receive_complete,"aw",@nobits
 285                             		.balign 4
 288                             	_g_receive_complete:
 289 0000 00 00 00 00             		.zero	4
 290                             		.section	.bss.g_transfer_complete,"aw",@nobits
 291                             		.balign 4
 292                             		.set	.LANCHOR1,. + 0
 295                             	_g_transfer_complete:
 296 0000 00 00 00 00             		.zero	4
 383                             	.Letext0:
 384                             		.file 2 "c:\\gcc for renesas rx 8.3.0.202004-gnurx-elf\\rx-elf\\rx-elf\\rx-elf\\include\\machine\\
 385                             		.file 3 "c:\\gcc for renesas rx 8.3.0.202004-gnurx-elf\\rx-elf\\rx-elf\\rx-elf\\include\\sys\\_std
 386                             		.file 4 "c:\\gcc for renesas rx 8.3.0.202004-gnurx-elf\\rx-elf\\rx-elf\\rx-elf\\include\\sys\\lock
 387                             		.file 5 "c:\\gcc for renesas rx 8.3.0.202004-gnurx-elf\\rx-elf\\rx-elf\\rx-elf\\include\\sys\\_typ
 388                             		.file 6 "c:\\gcc for renesas rx 8.3.0.202004-gnurx-elf\\rx-elf\\rx-elf\\lib\\gcc\\rx-elf\\8.3.0.20
 389                             		.file 7 "c:\\gcc for renesas rx 8.3.0.202004-gnurx-elf\\rx-elf\\rx-elf\\rx-elf\\include\\sys\\reen
 390                             		.file 8 "C:\\Users\\a5116938\\Desktop\\e2_studio_workspace\\EEMBC_final\\RX65N_Cloud_Kit\\src\\smc
 391                             		.file 9 "C:\\Users\\a5116938\\Desktop\\e2_studio_workspace\\EEMBC_final\\RX65N_Cloud_Kit\\src\\smc
 392                             		.file 10 "C:\\Users\\a5116938\\Desktop\\e2_studio_workspace\\EEMBC_final\\RX65N_Cloud_Kit\\src\\sm
