   1                             		.file	"Config_PORT.c"
   2                             		.section P,"ax"
   3                             	.Ltext0:
   4                             		.section	.text.R_Config_PORT_Create,"ax",@progbits
   5                             		.global	_R_Config_PORT_Create
   7                             	_R_Config_PORT_Create:
   8                             	.LFB3:
   9                             		.file 1 "../src/smc_gen/Config_PORT/Config_PORT.c"
   1:../src/smc_gen/Config_PORT/Config_PORT.c **** /**************************************************************************************************
   2:../src/smc_gen/Config_PORT/Config_PORT.c **** * DISCLAIMER
   3:../src/smc_gen/Config_PORT/Config_PORT.c **** * This software is supplied by Renesas Electronics Corporation and is only intended for use with Re
   4:../src/smc_gen/Config_PORT/Config_PORT.c **** * No other uses are authorized. This software is owned by Renesas Electronics Corporation and is pr
   5:../src/smc_gen/Config_PORT/Config_PORT.c **** * applicable laws, including copyright laws. 
   6:../src/smc_gen/Config_PORT/Config_PORT.c **** * THIS SOFTWARE IS PROVIDED "AS IS" AND RENESAS MAKES NO WARRANTIES REGARDING THIS SOFTWARE, WHETHE
   7:../src/smc_gen/Config_PORT/Config_PORT.c **** * OR STATUTORY, INCLUDING BUT NOT LIMITED TO WARRANTIES OF MERCHANTABILITY, FITNESS FOR A PARTICULA
   8:../src/smc_gen/Config_PORT/Config_PORT.c **** * NON-INFRINGEMENT.  ALL SUCH WARRANTIES ARE EXPRESSLY DISCLAIMED.TO THE MAXIMUM EXTENT PERMITTED N
   9:../src/smc_gen/Config_PORT/Config_PORT.c **** * LAW, NEITHER RENESAS ELECTRONICS CORPORATION NOR ANY OF ITS AFFILIATED COMPANIES SHALL BE LIABLE 
  10:../src/smc_gen/Config_PORT/Config_PORT.c **** * INDIRECT, SPECIAL, INCIDENTAL OR CONSEQUENTIAL DAMAGES FOR ANY REASON RELATED TO THIS SOFTWARE, E
  11:../src/smc_gen/Config_PORT/Config_PORT.c **** * ITS AFFILIATES HAVE BEEN ADVISED OF THE POSSIBILITY OF SUCH DAMAGES.
  12:../src/smc_gen/Config_PORT/Config_PORT.c **** * Renesas reserves the right, without notice, to make changes to this software and to discontinue t
  13:../src/smc_gen/Config_PORT/Config_PORT.c **** * of this software. 
  14:../src/smc_gen/Config_PORT/Config_PORT.c **** *
  15:../src/smc_gen/Config_PORT/Config_PORT.c **** * Copyright (C) 2019 Renesas Electronics Corporation. All rights reserved.
  16:../src/smc_gen/Config_PORT/Config_PORT.c **** ***************************************************************************************************
  17:../src/smc_gen/Config_PORT/Config_PORT.c **** 
  18:../src/smc_gen/Config_PORT/Config_PORT.c **** /**************************************************************************************************
  19:../src/smc_gen/Config_PORT/Config_PORT.c **** * File Name    : Config_PORT.c
  20:../src/smc_gen/Config_PORT/Config_PORT.c **** * Version      : 2.1.3
  21:../src/smc_gen/Config_PORT/Config_PORT.c **** * Device(s)    : R5F565NEDxFP
  22:../src/smc_gen/Config_PORT/Config_PORT.c **** * Description  : This file implements device driver for Config_PORT.
  23:../src/smc_gen/Config_PORT/Config_PORT.c **** * Creation Date: 2021-06-15
  24:../src/smc_gen/Config_PORT/Config_PORT.c **** ***************************************************************************************************
  25:../src/smc_gen/Config_PORT/Config_PORT.c **** 
  26:../src/smc_gen/Config_PORT/Config_PORT.c **** /**************************************************************************************************
  27:../src/smc_gen/Config_PORT/Config_PORT.c **** Pragma directive
  28:../src/smc_gen/Config_PORT/Config_PORT.c **** ***************************************************************************************************
  29:../src/smc_gen/Config_PORT/Config_PORT.c **** /* Start user code for pragma. Do not edit comment generated here */
  30:../src/smc_gen/Config_PORT/Config_PORT.c **** /* End user code. Do not edit comment generated here */
  31:../src/smc_gen/Config_PORT/Config_PORT.c **** 
  32:../src/smc_gen/Config_PORT/Config_PORT.c **** /**************************************************************************************************
  33:../src/smc_gen/Config_PORT/Config_PORT.c **** Includes
  34:../src/smc_gen/Config_PORT/Config_PORT.c **** ***************************************************************************************************
  35:../src/smc_gen/Config_PORT/Config_PORT.c **** #include "r_cg_macrodriver.h"
  36:../src/smc_gen/Config_PORT/Config_PORT.c **** #include "Config_PORT.h"
  37:../src/smc_gen/Config_PORT/Config_PORT.c **** /* Start user code for include. Do not edit comment generated here */
  38:../src/smc_gen/Config_PORT/Config_PORT.c **** /* End user code. Do not edit comment generated here */
  39:../src/smc_gen/Config_PORT/Config_PORT.c **** #include "r_cg_userdefine.h"
  40:../src/smc_gen/Config_PORT/Config_PORT.c **** 
  41:../src/smc_gen/Config_PORT/Config_PORT.c **** /**************************************************************************************************
  42:../src/smc_gen/Config_PORT/Config_PORT.c **** Global variables and functions
  43:../src/smc_gen/Config_PORT/Config_PORT.c **** ***************************************************************************************************
  44:../src/smc_gen/Config_PORT/Config_PORT.c **** /* Start user code for global. Do not edit comment generated here */
  45:../src/smc_gen/Config_PORT/Config_PORT.c **** /* End user code. Do not edit comment generated here */
  46:../src/smc_gen/Config_PORT/Config_PORT.c **** 
  47:../src/smc_gen/Config_PORT/Config_PORT.c **** /**************************************************************************************************
  48:../src/smc_gen/Config_PORT/Config_PORT.c **** * Function Name: R_Config_PORT_Create
  49:../src/smc_gen/Config_PORT/Config_PORT.c **** * Description  : This function initializes the PORT
  50:../src/smc_gen/Config_PORT/Config_PORT.c **** * Arguments    : None
  51:../src/smc_gen/Config_PORT/Config_PORT.c **** * Return Value : None
  52:../src/smc_gen/Config_PORT/Config_PORT.c **** ***************************************************************************************************
  53:../src/smc_gen/Config_PORT/Config_PORT.c **** 
  54:../src/smc_gen/Config_PORT/Config_PORT.c **** void R_Config_PORT_Create(void)
  55:../src/smc_gen/Config_PORT/Config_PORT.c **** {
  10                             		.loc 1 55 1
  56:../src/smc_gen/Config_PORT/Config_PORT.c ****     /* Set PORTD registers */
  57:../src/smc_gen/Config_PORT/Config_PORT.c ****     PORTD.PODR.BYTE = _40_Pm6_OUTPUT_1;
  11                             		.loc 1 57 5
  12                             		.loc 1 57 21 is_stmt 0
  13 0000 FB 5E 0D C0 08          		mov.L	#0x8c00d, r5
  14 0005 F9 54 20 40             		mov.B	#0x40, 32[r5]
  58:../src/smc_gen/Config_PORT/Config_PORT.c ****     PORTD.ODR0.BYTE = _00_Pm0_CMOS_OUTPUT | _00_Pm1_CMOS_OUTPUT | _00_Pm2_CMOS_OUTPUT | _00_Pm3_CMO
  15                             		.loc 1 58 5 is_stmt 1
  16                             		.loc 1 58 21 is_stmt 0
  17 0009 F9 54 8D 00             		mov.B	#0, 141[r5]
  59:../src/smc_gen/Config_PORT/Config_PORT.c ****     PORTD.ODR1.BYTE = _00_Pm4_CMOS_OUTPUT | _00_Pm5_CMOS_OUTPUT | _00_Pm6_CMOS_OUTPUT | _00_Pm7_CMO
  18                             		.loc 1 59 5 is_stmt 1
  19                             		.loc 1 59 21 is_stmt 0
  20 000d F9 54 8E 00             		mov.B	#0, 142[r5]
  60:../src/smc_gen/Config_PORT/Config_PORT.c ****     PORTD.DSCR.BYTE = _00_Pm0_HIDRV_OFF | _00_Pm1_HIDRV_OFF | _00_Pm2_HIDRV_OFF | _00_Pm3_HIDRV_OFF
  21                             		.loc 1 60 5 is_stmt 1
  22                             		.loc 1 60 21 is_stmt 0
  23 0011 F9 54 E0 00             		mov.B	#0, 224[r5]
  61:../src/smc_gen/Config_PORT/Config_PORT.c ****                       _00_Pm4_HIDRV_OFF | _00_Pm5_HIDRV_OFF | _00_Pm6_HIDRV_OFF | _00_Pm7_HIDRV_OFF
  62:../src/smc_gen/Config_PORT/Config_PORT.c ****     PORTD.DSCR2.BYTE = _00_Pm0_HISPEED_OFF | _00_Pm1_HISPEED_OFF | _00_Pm2_HISPEED_OFF | _00_Pm3_HI
  24                             		.loc 1 62 5 is_stmt 1
  25                             		.loc 1 62 22 is_stmt 0
  26 0015 FA 54 28 01 00          		mov.B	#0, 296[r5]
  63:../src/smc_gen/Config_PORT/Config_PORT.c ****                        _00_Pm4_HISPEED_OFF | _00_Pm5_HISPEED_OFF | _00_Pm6_HISPEED_OFF | _00_Pm7_HI
  64:../src/smc_gen/Config_PORT/Config_PORT.c ****     PORTD.PMR.BYTE = _00_Pm6_PIN_GPIO;
  27                             		.loc 1 64 5 is_stmt 1
  28                             		.loc 1 64 20 is_stmt 0
  29 001a F9 54 60 00             		mov.B	#0, 96[r5]
  65:../src/smc_gen/Config_PORT/Config_PORT.c ****     PORTD.PDR.BYTE = _40_Pm6_MODE_OUTPUT;
  30                             		.loc 1 65 5 is_stmt 1
  31                             		.loc 1 65 20 is_stmt 0
  32 001e F8 54 40                		mov.B	#0x40, [r5]
  66:../src/smc_gen/Config_PORT/Config_PORT.c **** 
  67:../src/smc_gen/Config_PORT/Config_PORT.c ****     R_Config_PORT_Create_UserInit();
  33                             		.loc 1 67 5 is_stmt 1
  34 0021 04 00 00 00             		bra	_R_Config_PORT_Create_UserInit
  35                             	.LVL0:
  36                             	.LFE3:
  64                             	.Letext0:
  65                             		.file 2 "c:\\gcc for renesas rx 8.3.0.202004-gnurx-elf\\rx-elf\\rx-elf\\rx-elf\\include\\machine\\
  66                             		.file 3 "c:\\gcc for renesas rx 8.3.0.202004-gnurx-elf\\rx-elf\\rx-elf\\rx-elf\\include\\sys\\_std
  67                             		.file 4 "c:\\gcc for renesas rx 8.3.0.202004-gnurx-elf\\rx-elf\\rx-elf\\rx-elf\\include\\sys\\lock
  68                             		.file 5 "c:\\gcc for renesas rx 8.3.0.202004-gnurx-elf\\rx-elf\\rx-elf\\rx-elf\\include\\sys\\_typ
  69                             		.file 6 "c:\\gcc for renesas rx 8.3.0.202004-gnurx-elf\\rx-elf\\rx-elf\\lib\\gcc\\rx-elf\\8.3.0.20
  70                             		.file 7 "c:\\gcc for renesas rx 8.3.0.202004-gnurx-elf\\rx-elf\\rx-elf\\rx-elf\\include\\sys\\reen
  71                             		.file 8 "C:\\Users\\a5116938\\Desktop\\e2_studio_workspace\\EEMBC_final\\RX65N_Cloud_Kit\\src\\smc
  72                             		.file 9 "C:\\Users\\a5116938\\Desktop\\e2_studio_workspace\\EEMBC_final\\RX65N_Cloud_Kit\\src\\smc
  73                             		.file 10 "C:\\Users\\a5116938\\Desktop\\e2_studio_workspace\\EEMBC_final\\RX65N_Cloud_Kit\\src\\sm
  74                             		.file 11 "../src/smc_gen/Config_PORT/Config_PORT.h"
