   1                             		.file	"Config_MTU1_user.c"
   2                             		.section P,"ax"
   3                             	.Ltext0:
   4                             		.section	.text.R_Config_MTU1_Create_UserInit,"ax",@progbits
   5                             		.global	_R_Config_MTU1_Create_UserInit
   7                             	_R_Config_MTU1_Create_UserInit:
   8                             	.LFB3:
   9                             		.file 1 "../src/smc_gen/Config_MTU1/Config_MTU1_user.c"
   1:../src/smc_gen/Config_MTU1/Config_MTU1_user.c **** /**************************************************************************************************
   2:../src/smc_gen/Config_MTU1/Config_MTU1_user.c **** * DISCLAIMER
   3:../src/smc_gen/Config_MTU1/Config_MTU1_user.c **** * This software is supplied by Renesas Electronics Corporation and is only intended for use with Re
   4:../src/smc_gen/Config_MTU1/Config_MTU1_user.c **** * No other uses are authorized. This software is owned by Renesas Electronics Corporation and is pr
   5:../src/smc_gen/Config_MTU1/Config_MTU1_user.c **** * applicable laws, including copyright laws. 
   6:../src/smc_gen/Config_MTU1/Config_MTU1_user.c **** * THIS SOFTWARE IS PROVIDED "AS IS" AND RENESAS MAKES NO WARRANTIES REGARDING THIS SOFTWARE, WHETHE
   7:../src/smc_gen/Config_MTU1/Config_MTU1_user.c **** * OR STATUTORY, INCLUDING BUT NOT LIMITED TO WARRANTIES OF MERCHANTABILITY, FITNESS FOR A PARTICULA
   8:../src/smc_gen/Config_MTU1/Config_MTU1_user.c **** * NON-INFRINGEMENT.  ALL SUCH WARRANTIES ARE EXPRESSLY DISCLAIMED.TO THE MAXIMUM EXTENT PERMITTED N
   9:../src/smc_gen/Config_MTU1/Config_MTU1_user.c **** * LAW, NEITHER RENESAS ELECTRONICS CORPORATION NOR ANY OF ITS AFFILIATED COMPANIES SHALL BE LIABLE 
  10:../src/smc_gen/Config_MTU1/Config_MTU1_user.c **** * INDIRECT, SPECIAL, INCIDENTAL OR CONSEQUENTIAL DAMAGES FOR ANY REASON RELATED TO THIS SOFTWARE, E
  11:../src/smc_gen/Config_MTU1/Config_MTU1_user.c **** * ITS AFFILIATES HAVE BEEN ADVISED OF THE POSSIBILITY OF SUCH DAMAGES.
  12:../src/smc_gen/Config_MTU1/Config_MTU1_user.c **** * Renesas reserves the right, without notice, to make changes to this software and to discontinue t
  13:../src/smc_gen/Config_MTU1/Config_MTU1_user.c **** * of this software.
  14:../src/smc_gen/Config_MTU1/Config_MTU1_user.c **** *
  15:../src/smc_gen/Config_MTU1/Config_MTU1_user.c **** * Copyright (C) 2019 Renesas Electronics Corporation. All rights reserved.
  16:../src/smc_gen/Config_MTU1/Config_MTU1_user.c **** ***************************************************************************************************
  17:../src/smc_gen/Config_MTU1/Config_MTU1_user.c **** 
  18:../src/smc_gen/Config_MTU1/Config_MTU1_user.c **** /**************************************************************************************************
  19:../src/smc_gen/Config_MTU1/Config_MTU1_user.c **** * File Name    : Config_MTU1_user.c
  20:../src/smc_gen/Config_MTU1/Config_MTU1_user.c **** * Version      : 1.9.2
  21:../src/smc_gen/Config_MTU1/Config_MTU1_user.c **** * Device(s)    : R5F565NEDxFP
  22:../src/smc_gen/Config_MTU1/Config_MTU1_user.c **** * Description  : This file implements device driver for Config_MTU1.
  23:../src/smc_gen/Config_MTU1/Config_MTU1_user.c **** * Creation Date: 2021-06-15
  24:../src/smc_gen/Config_MTU1/Config_MTU1_user.c **** ***************************************************************************************************
  25:../src/smc_gen/Config_MTU1/Config_MTU1_user.c **** 
  26:../src/smc_gen/Config_MTU1/Config_MTU1_user.c **** /**************************************************************************************************
  27:../src/smc_gen/Config_MTU1/Config_MTU1_user.c **** Pragma directive
  28:../src/smc_gen/Config_MTU1/Config_MTU1_user.c **** ***************************************************************************************************
  29:../src/smc_gen/Config_MTU1/Config_MTU1_user.c **** /* Start user code for pragma. Do not edit comment generated here */
  30:../src/smc_gen/Config_MTU1/Config_MTU1_user.c **** /* End user code. Do not edit comment generated here */
  31:../src/smc_gen/Config_MTU1/Config_MTU1_user.c **** 
  32:../src/smc_gen/Config_MTU1/Config_MTU1_user.c **** /**************************************************************************************************
  33:../src/smc_gen/Config_MTU1/Config_MTU1_user.c **** Includes
  34:../src/smc_gen/Config_MTU1/Config_MTU1_user.c **** ***************************************************************************************************
  35:../src/smc_gen/Config_MTU1/Config_MTU1_user.c **** #include "r_cg_macrodriver.h"
  36:../src/smc_gen/Config_MTU1/Config_MTU1_user.c **** #include "Config_MTU1.h"
  37:../src/smc_gen/Config_MTU1/Config_MTU1_user.c **** /* Start user code for include. Do not edit comment generated here */
  38:../src/smc_gen/Config_MTU1/Config_MTU1_user.c **** /* End user code. Do not edit comment generated here */
  39:../src/smc_gen/Config_MTU1/Config_MTU1_user.c **** #include "r_cg_userdefine.h"
  40:../src/smc_gen/Config_MTU1/Config_MTU1_user.c **** 
  41:../src/smc_gen/Config_MTU1/Config_MTU1_user.c **** /**************************************************************************************************
  42:../src/smc_gen/Config_MTU1/Config_MTU1_user.c **** Global variables and functions
  43:../src/smc_gen/Config_MTU1/Config_MTU1_user.c **** ***************************************************************************************************
  44:../src/smc_gen/Config_MTU1/Config_MTU1_user.c **** /* Start user code for global. Do not edit comment generated here */
  45:../src/smc_gen/Config_MTU1/Config_MTU1_user.c **** uint64_t  g_capture_overflows = 0U;
  46:../src/smc_gen/Config_MTU1/Config_MTU1_user.c **** /* End user code. Do not edit comment generated here */
  47:../src/smc_gen/Config_MTU1/Config_MTU1_user.c **** 
  48:../src/smc_gen/Config_MTU1/Config_MTU1_user.c **** /**************************************************************************************************
  49:../src/smc_gen/Config_MTU1/Config_MTU1_user.c **** * Function Name: R_Config_MTU1_Create_UserInit
  50:../src/smc_gen/Config_MTU1/Config_MTU1_user.c **** * Description  : This function adds user code after initializing the MTU1 channel
  51:../src/smc_gen/Config_MTU1/Config_MTU1_user.c **** * Arguments    : None
  52:../src/smc_gen/Config_MTU1/Config_MTU1_user.c **** * Return Value : None
  53:../src/smc_gen/Config_MTU1/Config_MTU1_user.c **** ***************************************************************************************************
  54:../src/smc_gen/Config_MTU1/Config_MTU1_user.c **** 
  55:../src/smc_gen/Config_MTU1/Config_MTU1_user.c **** void R_Config_MTU1_Create_UserInit(void)
  56:../src/smc_gen/Config_MTU1/Config_MTU1_user.c **** {
  10                             		.loc 1 56 1
  11 0000 7E A7                   		push.l	r7
  12                             	.LCFI0:
  57:../src/smc_gen/Config_MTU1/Config_MTU1_user.c ****     /* Start user code for user init. Do not edit comment generated here */
  58:../src/smc_gen/Config_MTU1/Config_MTU1_user.c ****     g_capture_overflows++;
  13                             		.loc 1 58 5
  14                             		.loc 1 58 24 is_stmt 0
  15 0002 FB 52 00 00 00 00       		mov.L	#.LANCHOR0, r5
  16 0008 EC 53                   		mov.L	[r5], r3
  17 000a A8 5C                   		mov.L	4[r5], r4
  18 000c 71 32 01                		add	#1, r3, r2
  19 000f FD 74 24 00             		adc	#0, r4
  20 0013 E3 52                   		mov.L	r2, [r5]
  21 0015 A0 5C                   		mov.L	r4, 4[r5]
  59:../src/smc_gen/Config_MTU1/Config_MTU1_user.c ****     /* End user code. Do not edit comment generated here */
  60:../src/smc_gen/Config_MTU1/Config_MTU1_user.c **** }
  22                             		.loc 1 60 1
  23 0017 3F 77 01                		rtsd	#4, r7-r7
  24                             	.LFE3:
  26                             		.section	.text.r_Config_MTU1_tciv1_interrupt,"ax",@progbits
  27                             		.global	_r_Config_MTU1_tciv1_interrupt
  29                             	_r_Config_MTU1_tciv1_interrupt:
  30                             	.LFB4:
  61:../src/smc_gen/Config_MTU1/Config_MTU1_user.c **** 
  62:../src/smc_gen/Config_MTU1/Config_MTU1_user.c **** /**************************************************************************************************
  63:../src/smc_gen/Config_MTU1/Config_MTU1_user.c **** * Function Name: r_Config_MTU1_tciv1_interrupt
  64:../src/smc_gen/Config_MTU1/Config_MTU1_user.c **** * Description  : This function is TCIV1 interrupt service routine
  65:../src/smc_gen/Config_MTU1/Config_MTU1_user.c **** * Arguments    : None
  66:../src/smc_gen/Config_MTU1/Config_MTU1_user.c **** * Return Value : None
  67:../src/smc_gen/Config_MTU1/Config_MTU1_user.c **** ***************************************************************************************************
  68:../src/smc_gen/Config_MTU1/Config_MTU1_user.c **** 
  69:../src/smc_gen/Config_MTU1/Config_MTU1_user.c **** void r_Config_MTU1_tciv1_interrupt(void)
  70:../src/smc_gen/Config_MTU1/Config_MTU1_user.c **** {
  31                             		.loc 1 70 1 is_stmt 1
  32                             		.global	$tableentry$217$.rvectors
  33                             	$tableentry$217$.rvectors:
  34                             		; Note: Interrupt Handler
  71:../src/smc_gen/Config_MTU1/Config_MTU1_user.c ****     /* Start user code for r_Config_MTU1_tciv1_interrupt. Do not edit comment generated here */
  72:../src/smc_gen/Config_MTU1/Config_MTU1_user.c ****     /* End user code. Do not edit comment generated here */
  73:../src/smc_gen/Config_MTU1/Config_MTU1_user.c **** }
  35                             		.loc 1 73 1
  36 0000 7F 95                   		rte
  37                             	.LFE4:
  39                             		.global	_g_capture_overflows
  40                             		.section	.bss.g_capture_overflows,"aw",@nobits
  41                             		.balign 4
  42                             		.set	.LANCHOR0,. + 0
  45                             	_g_capture_overflows:
  46 0000 00 00 00 00 00 00 00 00 		.zero	8
  87                             	.Letext0:
  88                             		.file 2 "c:\\gcc for renesas rx 8.3.0.202004-gnurx-elf\\rx-elf\\rx-elf\\rx-elf\\include\\machine\\
  89                             		.file 3 "c:\\gcc for renesas rx 8.3.0.202004-gnurx-elf\\rx-elf\\rx-elf\\rx-elf\\include\\sys\\_std
  90                             		.file 4 "c:\\gcc for renesas rx 8.3.0.202004-gnurx-elf\\rx-elf\\rx-elf\\rx-elf\\include\\sys\\lock
  91                             		.file 5 "c:\\gcc for renesas rx 8.3.0.202004-gnurx-elf\\rx-elf\\rx-elf\\rx-elf\\include\\sys\\_typ
  92                             		.file 6 "c:\\gcc for renesas rx 8.3.0.202004-gnurx-elf\\rx-elf\\rx-elf\\lib\\gcc\\rx-elf\\8.3.0.20
  93                             		.file 7 "c:\\gcc for renesas rx 8.3.0.202004-gnurx-elf\\rx-elf\\rx-elf\\rx-elf\\include\\sys\\reen
  94                             		.file 8 "C:\\Users\\a5116938\\Desktop\\e2_studio_workspace\\EEMBC_final\\RX65N_Cloud_Kit\\src\\smc
  95                             		.file 9 "C:\\Users\\a5116938\\Desktop\\e2_studio_workspace\\EEMBC_final\\RX65N_Cloud_Kit\\src\\smc
