   1                             		.file	"linear_memory_planner.cc"
   2                             		.section P,"ax"
   3                             	.Ltext0:
   4                             		.section	.text._ZN6tflite19LinearMemoryPlannerD2Ev,"ax",@progbits
   5                             		.global	__ZN6tflite19LinearMemoryPlannerD2Ev
   7                             	__ZN6tflite19LinearMemoryPlannerD2Ev:
   8                             	.LFB15:
   9                             		.file 1 "../src/tensorflow/lite/micro/memory_planner/linear_memory_planner.cc"
   1:../src/tensorflow/lite/micro/memory_planner/linear_memory_planner.cc **** /* Copyright 2019 The TensorFlow Authors. All Rights Reserved.
   2:../src/tensorflow/lite/micro/memory_planner/linear_memory_planner.cc **** 
   3:../src/tensorflow/lite/micro/memory_planner/linear_memory_planner.cc **** Licensed under the Apache License, Version 2.0 (the "License");
   4:../src/tensorflow/lite/micro/memory_planner/linear_memory_planner.cc **** you may not use this file except in compliance with the License.
   5:../src/tensorflow/lite/micro/memory_planner/linear_memory_planner.cc **** You may obtain a copy of the License at
   6:../src/tensorflow/lite/micro/memory_planner/linear_memory_planner.cc **** 
   7:../src/tensorflow/lite/micro/memory_planner/linear_memory_planner.cc ****     http://www.apache.org/licenses/LICENSE-2.0
   8:../src/tensorflow/lite/micro/memory_planner/linear_memory_planner.cc **** 
   9:../src/tensorflow/lite/micro/memory_planner/linear_memory_planner.cc **** Unless required by applicable law or agreed to in writing, software
  10:../src/tensorflow/lite/micro/memory_planner/linear_memory_planner.cc **** distributed under the License is distributed on an "AS IS" BASIS,
  11:../src/tensorflow/lite/micro/memory_planner/linear_memory_planner.cc **** WITHOUT WARRANTIES OR CONDITIONS OF ANY KIND, either express or implied.
  12:../src/tensorflow/lite/micro/memory_planner/linear_memory_planner.cc **** See the License for the specific language governing permissions and
  13:../src/tensorflow/lite/micro/memory_planner/linear_memory_planner.cc **** limitations under the License.
  14:../src/tensorflow/lite/micro/memory_planner/linear_memory_planner.cc **** ==============================================================================*/
  15:../src/tensorflow/lite/micro/memory_planner/linear_memory_planner.cc **** 
  16:../src/tensorflow/lite/micro/memory_planner/linear_memory_planner.cc **** #include "tensorflow/lite/micro/memory_planner/linear_memory_planner.h"
  17:../src/tensorflow/lite/micro/memory_planner/linear_memory_planner.cc **** 
  18:../src/tensorflow/lite/micro/memory_planner/linear_memory_planner.cc **** namespace tflite {
  19:../src/tensorflow/lite/micro/memory_planner/linear_memory_planner.cc **** 
  20:../src/tensorflow/lite/micro/memory_planner/linear_memory_planner.cc **** LinearMemoryPlanner::LinearMemoryPlanner()
  21:../src/tensorflow/lite/micro/memory_planner/linear_memory_planner.cc ****     : current_buffer_count_(0), next_free_offset_(0) {}
  22:../src/tensorflow/lite/micro/memory_planner/linear_memory_planner.cc **** LinearMemoryPlanner::~LinearMemoryPlanner() {}
  10                             		.loc 1 22 1
  11                             	.LVL0:
  12                             		.loc 1 22 46 is_stmt 0
  13 0000 02                      		rts
  14                             	.LFE15:
  16                             		.global	__ZN6tflite19LinearMemoryPlannerD1Ev
  17                             		.set	__ZN6tflite19LinearMemoryPlannerD1Ev,__ZN6tflite19LinearMemoryPlannerD2Ev
  18                             		.section	.text._ZN6tflite19LinearMemoryPlanner20GetMaximumMemorySizeEv,"ax",@progbits
  19                             		.global	__ZN6tflite19LinearMemoryPlanner20GetMaximumMemorySizeEv
  21                             	__ZN6tflite19LinearMemoryPlanner20GetMaximumMemorySizeEv:
  22                             	.LFB19:
  23:../src/tensorflow/lite/micro/memory_planner/linear_memory_planner.cc **** 
  24:../src/tensorflow/lite/micro/memory_planner/linear_memory_planner.cc **** TfLiteStatus LinearMemoryPlanner::AddBuffer(
  25:../src/tensorflow/lite/micro/memory_planner/linear_memory_planner.cc ****     tflite::ErrorReporter* error_reporter, int size, int first_time_used,
  26:../src/tensorflow/lite/micro/memory_planner/linear_memory_planner.cc ****     int last_time_used) {
  27:../src/tensorflow/lite/micro/memory_planner/linear_memory_planner.cc ****   if (current_buffer_count_ >= kMaxBufferCount) {
  28:../src/tensorflow/lite/micro/memory_planner/linear_memory_planner.cc ****     TF_LITE_REPORT_ERROR(error_reporter, "Too many buffers (max is %d)",
  29:../src/tensorflow/lite/micro/memory_planner/linear_memory_planner.cc ****                          kMaxBufferCount);
  30:../src/tensorflow/lite/micro/memory_planner/linear_memory_planner.cc ****     return kTfLiteError;
  31:../src/tensorflow/lite/micro/memory_planner/linear_memory_planner.cc ****   }
  32:../src/tensorflow/lite/micro/memory_planner/linear_memory_planner.cc ****   buffer_offsets_[current_buffer_count_] = next_free_offset_;
  33:../src/tensorflow/lite/micro/memory_planner/linear_memory_planner.cc ****   next_free_offset_ += size;
  34:../src/tensorflow/lite/micro/memory_planner/linear_memory_planner.cc ****   ++current_buffer_count_;
  35:../src/tensorflow/lite/micro/memory_planner/linear_memory_planner.cc ****   return kTfLiteOk;
  36:../src/tensorflow/lite/micro/memory_planner/linear_memory_planner.cc **** }
  37:../src/tensorflow/lite/micro/memory_planner/linear_memory_planner.cc **** 
  38:../src/tensorflow/lite/micro/memory_planner/linear_memory_planner.cc **** size_t LinearMemoryPlanner::GetMaximumMemorySize() { return next_free_offset_; }
  23                             		.loc 1 38 52 is_stmt 1
  24                             	.LVL1:
  25                             		.loc 1 38 54
  26                             		.loc 1 38 80 is_stmt 0
  27 0000 EE 11 02 04             		mov.L	4104[r1], r1
  28                             	.LVL2:
  29 0004 02                      		rts
  30                             	.LFE19:
  32                             		.section	.text._ZN6tflite19LinearMemoryPlanner14GetBufferCountEv,"ax",@progbits
  33                             		.global	__ZN6tflite19LinearMemoryPlanner14GetBufferCountEv
  35                             	__ZN6tflite19LinearMemoryPlanner14GetBufferCountEv:
  36                             	.LFB20:
  39:../src/tensorflow/lite/micro/memory_planner/linear_memory_planner.cc **** 
  40:../src/tensorflow/lite/micro/memory_planner/linear_memory_planner.cc **** int LinearMemoryPlanner::GetBufferCount() { return current_buffer_count_; }
  37                             		.loc 1 40 43 is_stmt 1
  38                             	.LVL3:
  39                             		.loc 1 40 45
  40                             		.loc 1 40 75 is_stmt 0
  41 0000 EE 11 01 04             		mov.L	4100[r1], r1
  42                             	.LVL4:
  43 0004 02                      		rts
  44                             	.LFE20:
  46                             		.section	.text._ZN6tflite19LinearMemoryPlannerD0Ev,"ax",@progbits
  47                             		.global	__ZN6tflite19LinearMemoryPlannerD0Ev
  49                             	__ZN6tflite19LinearMemoryPlannerD0Ev:
  50                             	.LFB17:
  22:../src/tensorflow/lite/micro/memory_planner/linear_memory_planner.cc **** 
  51                             		.loc 1 22 1 is_stmt 1
  52                             	.LVL5:
  22:../src/tensorflow/lite/micro/memory_planner/linear_memory_planner.cc **** 
  53                             		.loc 1 22 46 is_stmt 0
  54 0000 FB 2A 0C 10             		mov.L	#0x100c, r2
  55 0004 04 00 00 00             		bra	__ZdlPvm
  56                             	.LVL6:
  57                             	.LFE17:
  59                             		.section	.text._ZN6tflite19LinearMemoryPlanner9AddBufferEPNS_13ErrorReporterEiii,"ax",@progbits
  60                             		.global	__ZN6tflite19LinearMemoryPlanner9AddBufferEPNS_13ErrorReporterEiii
  62                             	__ZN6tflite19LinearMemoryPlanner9AddBufferEPNS_13ErrorReporterEiii:
  63                             	.LFB18:
  26:../src/tensorflow/lite/micro/memory_planner/linear_memory_planner.cc ****   if (current_buffer_count_ >= kMaxBufferCount) {
  64                             		.loc 1 26 25 is_stmt 1
  65                             	.LVL7:
  27:../src/tensorflow/lite/micro/memory_planner/linear_memory_planner.cc ****     TF_LITE_REPORT_ERROR(error_reporter, "Too many buffers (max is %d)",
  66                             		.loc 1 27 3
  27:../src/tensorflow/lite/micro/memory_planner/linear_memory_planner.cc ****     TF_LITE_REPORT_ERROR(error_reporter, "Too many buffers (max is %d)",
  67                             		.loc 1 27 7 is_stmt 0
  68 0000 EE 14 01 04             		mov.L	4100[r1], r4
  69                             	.LVL8:
  27:../src/tensorflow/lite/micro/memory_planner/linear_memory_planner.cc ****     TF_LITE_REPORT_ERROR(error_reporter, "Too many buffers (max is %d)",
  70                             		.loc 1 27 3
  71 0004 76 04 FF 03             		cmp	#0x3ff, r4
  72 0008 2A 1A                   		bgt	.L13
  73 000a EF 15                   		mov.L	r1, r5
  32:../src/tensorflow/lite/micro/memory_planner/linear_memory_planner.cc ****   next_free_offset_ += size;
  74                             		.loc 1 32 3 is_stmt 1
  32:../src/tensorflow/lite/micro/memory_planner/linear_memory_planner.cc ****   next_free_offset_ += size;
  75                             		.loc 1 32 42 is_stmt 0
  76 000c 62 14                   		add	#1, r4
  32:../src/tensorflow/lite/micro/memory_planner/linear_memory_planner.cc ****   next_free_offset_ += size;
  77                             		.loc 1 32 44
  78 000e EE 12 02 04             		mov.L	4104[r1], r2
  79                             	.LVL9:
  35:../src/tensorflow/lite/micro/memory_planner/linear_memory_planner.cc **** }
  80                             		.loc 1 35 10
  81 0012 66 01                   		mov.L	#0, r1
  82                             	.LVL10:
  33:../src/tensorflow/lite/micro/memory_planner/linear_memory_planner.cc ****   ++current_buffer_count_;
  83                             		.loc 1 33 21
  84 0014 4B 23                   		add	r2, r3
  85                             	.LVL11:
  32:../src/tensorflow/lite/micro/memory_planner/linear_memory_planner.cc ****   next_free_offset_ += size;
  86                             		.loc 1 32 42
  87 0016 FE 24 52                		mov.L	r2, [r4,r5]
  33:../src/tensorflow/lite/micro/memory_planner/linear_memory_planner.cc ****   ++current_buffer_count_;
  88                             		.loc 1 33 3 is_stmt 1
  33:../src/tensorflow/lite/micro/memory_planner/linear_memory_planner.cc ****   ++current_buffer_count_;
  89                             		.loc 1 33 21 is_stmt 0
  90 0019 EB 53 02 04             		mov.L	r3, 4104[r5]
  34:../src/tensorflow/lite/micro/memory_planner/linear_memory_planner.cc ****   return kTfLiteOk;
  91                             		.loc 1 34 3 is_stmt 1
  92 001d EB 54 01 04             		mov.L	r4, 4100[r5]
  35:../src/tensorflow/lite/micro/memory_planner/linear_memory_planner.cc **** }
  93                             		.loc 1 35 3
  36:../src/tensorflow/lite/micro/memory_planner/linear_memory_planner.cc **** 
  94                             		.loc 1 36 1 is_stmt 0
  95 0021 02                      		rts
  96                             	.LVL12:
  97                             	.L13:
  26:../src/tensorflow/lite/micro/memory_planner/linear_memory_planner.cc ****   if (current_buffer_count_ >= kMaxBufferCount) {
  98                             		.loc 1 26 25
  99 0022 60 C0                   		sub	#12, r0
 100                             	.LCFI0:
 101 0024 EF 21                   		mov.L	r2, r1
 102                             	.LVL13:
 103                             	.LBB19:
 104                             	.LBB20:
  28:../src/tensorflow/lite/micro/memory_planner/linear_memory_planner.cc ****                          kMaxBufferCount);
 105                             		.loc 1 28 5 is_stmt 1
  28:../src/tensorflow/lite/micro/memory_planner/linear_memory_planner.cc ****                          kMaxBufferCount);
 106                             		.loc 1 28 5
 107 0026 F9 0A 01 00 04          		mov.L	#0x400, 4[r0]
 108 002b F8 02 00 00 00 00       		mov.L	#.LC0, [r0]
 109 0031 05 00 00 00             		bsr	__ZN6tflite13ErrorReporter6ReportEPKcz
 110                             	.LVL14:
  30:../src/tensorflow/lite/micro/memory_planner/linear_memory_planner.cc ****   }
 111                             		.loc 1 30 5
  28:../src/tensorflow/lite/micro/memory_planner/linear_memory_planner.cc ****                          kMaxBufferCount);
 112                             		.loc 1 28 5 is_stmt 0
 113 0035 66 11                   		mov.L	#1, r1
 114                             	.LBE20:
 115                             	.LBE19:
  36:../src/tensorflow/lite/micro/memory_planner/linear_memory_planner.cc **** 
 116                             		.loc 1 36 1
 117 0037 67 03                   		rtsd	#12
 118                             	.LFE18:
 120                             		.section	.text._ZN6tflite19LinearMemoryPlanner18GetOffsetForBufferEPNS_13ErrorReporterEiPi,"ax",@p
 121                             		.global	__ZN6tflite19LinearMemoryPlanner18GetOffsetForBufferEPNS_13ErrorReporterEiPi
 123                             	__ZN6tflite19LinearMemoryPlanner18GetOffsetForBufferEPNS_13ErrorReporterEiPi:
 124                             	.LFB21:
  41:../src/tensorflow/lite/micro/memory_planner/linear_memory_planner.cc **** 
  42:../src/tensorflow/lite/micro/memory_planner/linear_memory_planner.cc **** TfLiteStatus LinearMemoryPlanner::GetOffsetForBuffer(
  43:../src/tensorflow/lite/micro/memory_planner/linear_memory_planner.cc ****     tflite::ErrorReporter* error_reporter, int buffer_index, int* offset) {
 125                             		.loc 1 43 75 is_stmt 1
 126                             	.LVL15:
  44:../src/tensorflow/lite/micro/memory_planner/linear_memory_planner.cc ****   if ((buffer_index < 0) || (buffer_index >= current_buffer_count_)) {
 127                             		.loc 1 44 3
 128 0000 EE 1E 01 04             		mov.L	4100[r1], r14
 129 0004 61 03                   		cmp	#0, r3
 130 0006 29 12                   		blt	.L15
 131                             		.loc 1 44 26 is_stmt 0 discriminator 1
 132 0008 47 E3                   		cmp	r14, r3
 133 000a 28 0E                   		bge	.L15
 134 000c EF 15                   		mov.L	r1, r5
  45:../src/tensorflow/lite/micro/memory_planner/linear_memory_planner.cc ****     TF_LITE_REPORT_ERROR(error_reporter,
  46:../src/tensorflow/lite/micro/memory_planner/linear_memory_planner.cc ****                          "buffer index %d is outside range 0 to %d",
  47:../src/tensorflow/lite/micro/memory_planner/linear_memory_planner.cc ****                          buffer_index, current_buffer_count_);
  48:../src/tensorflow/lite/micro/memory_planner/linear_memory_planner.cc ****     return kTfLiteError;
  49:../src/tensorflow/lite/micro/memory_planner/linear_memory_planner.cc ****   }
  50:../src/tensorflow/lite/micro/memory_planner/linear_memory_planner.cc ****   *offset = buffer_offsets_[buffer_index];
 135                             		.loc 1 50 3 is_stmt 1
 136                             		.loc 1 50 41 is_stmt 0
 137 000e 62 13                   		add	#1, r3
 138                             	.LVL16:
  51:../src/tensorflow/lite/micro/memory_planner/linear_memory_planner.cc ****   return kTfLiteOk;
 139                             		.loc 1 51 10
 140 0010 66 01                   		mov.L	#0, r1
 141                             	.LVL17:
  50:../src/tensorflow/lite/micro/memory_planner/linear_memory_planner.cc ****   return kTfLiteOk;
 142                             		.loc 1 50 11
 143 0012 FE 63 53                		mov.L	[r3,r5], r3
 144                             	.LVL18:
 145 0015 E3 43                   		mov.L	r3, [r4]
 146                             		.loc 1 51 3 is_stmt 1
  52:../src/tensorflow/lite/micro/memory_planner/linear_memory_planner.cc **** }
 147                             		.loc 1 52 1 is_stmt 0
 148 0017 02                      		rts
 149                             	.LVL19:
 150                             	.L15:
  43:../src/tensorflow/lite/micro/memory_planner/linear_memory_planner.cc ****   if ((buffer_index < 0) || (buffer_index >= current_buffer_count_)) {
 151                             		.loc 1 43 75
 152 0018 60 C0                   		sub	#12, r0
 153                             	.LCFI1:
 154 001a EF 21                   		mov.L	r2, r1
 155                             	.LVL20:
 156                             	.LBB23:
 157                             	.LBB24:
  45:../src/tensorflow/lite/micro/memory_planner/linear_memory_planner.cc ****                          "buffer index %d is outside range 0 to %d",
 158                             		.loc 1 45 5 is_stmt 1
  45:../src/tensorflow/lite/micro/memory_planner/linear_memory_planner.cc ****                          "buffer index %d is outside range 0 to %d",
 159                             		.loc 1 45 5
 160 001c E7 0E 02                		mov.L	r14, 8[r0]
 161 001f A0 0B                   		mov.L	r3, 4[r0]
 162 0021 F8 02 00 00 00 00       		mov.L	#.LC1, [r0]
 163 0027 05 00 00 00             		bsr	__ZN6tflite13ErrorReporter6ReportEPKcz
 164                             	.LVL21:
  48:../src/tensorflow/lite/micro/memory_planner/linear_memory_planner.cc ****   }
 165                             		.loc 1 48 5
  45:../src/tensorflow/lite/micro/memory_planner/linear_memory_planner.cc ****                          "buffer index %d is outside range 0 to %d",
 166                             		.loc 1 45 5 is_stmt 0
 167 002b 66 11                   		mov.L	#1, r1
 168                             	.LBE24:
 169                             	.LBE23:
 170                             		.loc 1 52 1
 171 002d 67 03                   		rtsd	#12
 172                             	.LFE21:
 174                             		.section	.text._ZN6tflite19LinearMemoryPlannerC2Ev,"ax",@progbits
 175                             		.global	__ZN6tflite19LinearMemoryPlannerC2Ev
 177                             	__ZN6tflite19LinearMemoryPlannerC2Ev:
 178                             	.LFB12:
  20:../src/tensorflow/lite/micro/memory_planner/linear_memory_planner.cc ****     : current_buffer_count_(0), next_free_offset_(0) {}
 179                             		.loc 1 20 1 is_stmt 1
 180                             	.LVL22:
 181                             	.LBB25:
  21:../src/tensorflow/lite/micro/memory_planner/linear_memory_planner.cc **** LinearMemoryPlanner::~LinearMemoryPlanner() {}
 182                             		.loc 1 21 52 is_stmt 0
 183 0000 F8 12 00 00 00 00       		mov.L	#__ZTVN6tflite19LinearMemoryPlannerE+8, [r1]
 184 0006 FA 16 01 04 00          		mov.L	#0, 4100[r1]
 185 000b FA 16 02 04 00          		mov.L	#0, 4104[r1]
 186                             	.LBE25:
  21:../src/tensorflow/lite/micro/memory_planner/linear_memory_planner.cc **** LinearMemoryPlanner::~LinearMemoryPlanner() {}
 187                             		.loc 1 21 55
 188 0010 02                      		rts
 189                             	.LFE12:
 191                             		.global	__ZN6tflite19LinearMemoryPlannerC1Ev
 192                             		.set	__ZN6tflite19LinearMemoryPlannerC1Ev,__ZN6tflite19LinearMemoryPlannerC2Ev
 193                             		.weak	__ZTVN6tflite19LinearMemoryPlannerE
 194                             		.section	.rodata._ZTVN6tflite19LinearMemoryPlannerE,"aG",@progbits,_ZTVN6tflite19LinearMemoryPlann
 195                             		.balign 4
 198                             	__ZTVN6tflite19LinearMemoryPlannerE:
 199 0000 00 00 00 00             		.long	0
 200 0004 00 00 00 00             		.long	0
 201 0008 00 00 00 00             		.long	__ZN6tflite19LinearMemoryPlannerD1Ev
 202 000c 00 00 00 00             		.long	__ZN6tflite19LinearMemoryPlannerD0Ev
 203 0010 00 00 00 00             		.long	__ZN6tflite19LinearMemoryPlanner9AddBufferEPNS_13ErrorReporterEiii
 204 0014 00 00 00 00             		.long	__ZN6tflite19LinearMemoryPlanner20GetMaximumMemorySizeEv
 205 0018 00 00 00 00             		.long	__ZN6tflite19LinearMemoryPlanner14GetBufferCountEv
 206 001c 00 00 00 00             		.long	__ZN6tflite19LinearMemoryPlanner18GetOffsetForBufferEPNS_13ErrorReporterEiPi
 207                             		.section	.rodata._ZN6tflite19LinearMemoryPlanner18GetOffsetForBufferEPNS_13ErrorReporterEiPi.str1.
 208                             	.LC1:
 209 0000 62 75 66 66 65 72 20 69 		.string	"buffer index %d is outside range 0 to %d"
 209      6E 64 65 78 20 25 64 20 
 209      69 73 20 6F 75 74 73 69 
 209      64 65 20 72 61 6E 67 65 
 209      20 30 20 74 6F 20 25 64 
 210                             		.section	.rodata._ZN6tflite19LinearMemoryPlanner9AddBufferEPNS_13ErrorReporterEiii.str1.1,"aMS",@p
 211                             	.LC0:
 212 0000 54 6F 6F 20 6D 61 6E 79 		.string	"Too many buffers (max is %d)"
 212      20 62 75 66 66 65 72 73 
 212      20 28 6D 61 78 20 69 73 
 212      20 25 64 29 00 
 295                             	.Letext0:
 296                             		.file 2 "c:\\gcc for renesas rx 8.3.0.202004-gnurx-elf\\rx-elf\\rx-elf\\lib\\gcc\\rx-elf\\8.3.0.20
 297                             		.file 3 "C:\\Users\\a5116938\\Desktop\\e2_studio_workspace\\EEMBC_final\\RX65N_Cloud_Kit\\src/tens
 298                             		.file 4 "c:\\gcc for renesas rx 8.3.0.202004-gnurx-elf\\rx-elf\\rx-elf\\rx-elf\\include\\c++\\8.3.
 299                             		.file 5 "c:\\gcc for renesas rx 8.3.0.202004-gnurx-elf\\rx-elf\\rx-elf\\lib\\gcc\\rx-elf\\8.3.0.20
 300                             		.file 6 "C:\\Users\\a5116938\\Desktop\\e2_studio_workspace\\EEMBC_final\\RX65N_Cloud_Kit\\src/tens
 301                             		.file 7 "C:\\Users\\a5116938\\Desktop\\e2_studio_workspace\\EEMBC_final\\RX65N_Cloud_Kit\\src/tens
 302                             		.file 8 "C:\\Users\\a5116938\\Desktop\\e2_studio_workspace\\EEMBC_final\\RX65N_Cloud_Kit\\src/tens
 303                             		.file 9 "<built-in>"
 304                             		.file 10 "c:\\gcc for renesas rx 8.3.0.202004-gnurx-elf\\rx-elf\\rx-elf\\rx-elf\\include\\c++\\8.3
