   1                             		.file	"lowlvl.c"
   2                             		.section P,"ax"
   3                             	.Ltext0:
   4                             		.section	.text.charput,"ax",@progbits
   5                             		.global	_charput
   7                             	_charput:
   8                             	.LFB3:
   9                             		.file 1 "../src/smc_gen/r_bsp/mcu/all/lowlvl.c"
   1:../src/smc_gen/r_bsp/mcu/all/lowlvl.c **** /**************************************************************************************************
   2:../src/smc_gen/r_bsp/mcu/all/lowlvl.c **** * DISCLAIMER
   3:../src/smc_gen/r_bsp/mcu/all/lowlvl.c **** * This software is supplied by Renesas Electronics Corporation and is only intended for use with Re
   4:../src/smc_gen/r_bsp/mcu/all/lowlvl.c **** * other uses are authorized. This software is owned by Renesas Electronics Corporation and is prote
   5:../src/smc_gen/r_bsp/mcu/all/lowlvl.c **** * applicable laws, including copyright laws.
   6:../src/smc_gen/r_bsp/mcu/all/lowlvl.c **** * THIS SOFTWARE IS PROVIDED "AS IS" AND RENESAS MAKES NO WARRANTIES REGARDING
   7:../src/smc_gen/r_bsp/mcu/all/lowlvl.c **** * THIS SOFTWARE, WHETHER EXPRESS, IMPLIED OR STATUTORY, INCLUDING BUT NOT LIMITED TO WARRANTIES OF 
   8:../src/smc_gen/r_bsp/mcu/all/lowlvl.c **** * FITNESS FOR A PARTICULAR PURPOSE AND NON-INFRINGEMENT. ALL SUCH WARRANTIES ARE EXPRESSLY DISCLAIM
   9:../src/smc_gen/r_bsp/mcu/all/lowlvl.c **** * EXTENT PERMITTED NOT PROHIBITED BY LAW, NEITHER RENESAS ELECTRONICS CORPORATION NOR ANY OF ITS AF
  10:../src/smc_gen/r_bsp/mcu/all/lowlvl.c **** * SHALL BE LIABLE FOR ANY DIRECT, INDIRECT, SPECIAL, INCIDENTAL OR CONSEQUENTIAL DAMAGES FOR ANY RE
  11:../src/smc_gen/r_bsp/mcu/all/lowlvl.c **** * SOFTWARE, EVEN IF RENESAS OR ITS AFFILIATES HAVE BEEN ADVISED OF THE POSSIBILITY OF SUCH DAMAGES.
  12:../src/smc_gen/r_bsp/mcu/all/lowlvl.c **** * Renesas reserves the right, without notice, to make changes to this software and to discontinue t
  13:../src/smc_gen/r_bsp/mcu/all/lowlvl.c **** * this software. 
  14:../src/smc_gen/r_bsp/mcu/all/lowlvl.c **** *
  15:../src/smc_gen/r_bsp/mcu/all/lowlvl.c **** * Copyright (C) 2013 Renesas Electronics Corporation. All rights reserved.
  16:../src/smc_gen/r_bsp/mcu/all/lowlvl.c **** ***************************************************************************************************
  17:../src/smc_gen/r_bsp/mcu/all/lowlvl.c **** /**************************************************************************************************
  18:../src/smc_gen/r_bsp/mcu/all/lowlvl.c **** * File Name    : lowlvl.c
  19:../src/smc_gen/r_bsp/mcu/all/lowlvl.c **** * Description  : Functions to support stream I/O to the E1 virtual Console
  20:../src/smc_gen/r_bsp/mcu/all/lowlvl.c **** ***************************************************************************************************
  21:../src/smc_gen/r_bsp/mcu/all/lowlvl.c **** /**************************************************************************************************
  22:../src/smc_gen/r_bsp/mcu/all/lowlvl.c **** * History : DD.MM.YYYY Version  Description
  23:../src/smc_gen/r_bsp/mcu/all/lowlvl.c **** *         : 28.02.2019 3.00     Merged processing of all devices.
  24:../src/smc_gen/r_bsp/mcu/all/lowlvl.c **** *                               Fixed coding style.
  25:../src/smc_gen/r_bsp/mcu/all/lowlvl.c **** ***************************************************************************************************
  26:../src/smc_gen/r_bsp/mcu/all/lowlvl.c **** 
  27:../src/smc_gen/r_bsp/mcu/all/lowlvl.c **** /**************************************************************************************************
  28:../src/smc_gen/r_bsp/mcu/all/lowlvl.c **** Includes   <System Includes> , "Project Includes"
  29:../src/smc_gen/r_bsp/mcu/all/lowlvl.c **** ***************************************************************************************************
  30:../src/smc_gen/r_bsp/mcu/all/lowlvl.c **** #include "platform.h"
  31:../src/smc_gen/r_bsp/mcu/all/lowlvl.c **** 
  32:../src/smc_gen/r_bsp/mcu/all/lowlvl.c **** /* When using the user startup program, disable the following code. */
  33:../src/smc_gen/r_bsp/mcu/all/lowlvl.c **** #if BSP_CFG_STARTUP_DISABLE == 0
  34:../src/smc_gen/r_bsp/mcu/all/lowlvl.c **** 
  35:../src/smc_gen/r_bsp/mcu/all/lowlvl.c **** /**************************************************************************************************
  36:../src/smc_gen/r_bsp/mcu/all/lowlvl.c **** Macro definitions
  37:../src/smc_gen/r_bsp/mcu/all/lowlvl.c **** ***************************************************************************************************
  38:../src/smc_gen/r_bsp/mcu/all/lowlvl.c **** #define BSP_PRV_E1_DBG_PORT (*(volatile st_dbg_t     R_BSP_EVENACCESS_SFR *)0x84080)
  39:../src/smc_gen/r_bsp/mcu/all/lowlvl.c **** #define BSP_PRV_TXFL0EN     (0x00000100)          /* debug tx flow control bit */
  40:../src/smc_gen/r_bsp/mcu/all/lowlvl.c **** #define BSP_PRV_RXFL0EN     (0x00001000)          /* debug RX flow control bit */
  41:../src/smc_gen/r_bsp/mcu/all/lowlvl.c **** 
  42:../src/smc_gen/r_bsp/mcu/all/lowlvl.c **** /**************************************************************************************************
  43:../src/smc_gen/r_bsp/mcu/all/lowlvl.c **** Typedef definitions
  44:../src/smc_gen/r_bsp/mcu/all/lowlvl.c **** ***************************************************************************************************
  45:../src/smc_gen/r_bsp/mcu/all/lowlvl.c **** typedef struct
  46:../src/smc_gen/r_bsp/mcu/all/lowlvl.c **** {
  47:../src/smc_gen/r_bsp/mcu/all/lowlvl.c ****     uint32_t   tx_data;     /* Debug Virtual Console TX data */
  48:../src/smc_gen/r_bsp/mcu/all/lowlvl.c ****     char       wk1[12];     /* spacer */
  49:../src/smc_gen/r_bsp/mcu/all/lowlvl.c ****     uint32_t   rx_data;     /* Debug Virtual Console RX data */
  50:../src/smc_gen/r_bsp/mcu/all/lowlvl.c ****     char       wk2[44];     /* spacer */
  51:../src/smc_gen/r_bsp/mcu/all/lowlvl.c ****     uint32_t   dbgstat;     /* Debug Virtual Console Status */
  52:../src/smc_gen/r_bsp/mcu/all/lowlvl.c **** } st_dbg_t;
  53:../src/smc_gen/r_bsp/mcu/all/lowlvl.c **** 
  54:../src/smc_gen/r_bsp/mcu/all/lowlvl.c **** /**************************************************************************************************
  55:../src/smc_gen/r_bsp/mcu/all/lowlvl.c **** Exported global variables (to be accessed by other files)
  56:../src/smc_gen/r_bsp/mcu/all/lowlvl.c **** ***************************************************************************************************
  57:../src/smc_gen/r_bsp/mcu/all/lowlvl.c **** #if BSP_CFG_USER_CHARPUT_ENABLED != 0
  58:../src/smc_gen/r_bsp/mcu/all/lowlvl.c **** /* If user has indicated they want to provide their own charput function then this is the prototype
  59:../src/smc_gen/r_bsp/mcu/all/lowlvl.c **** void BSP_CFG_USER_CHARPUT_FUNCTION(char output_char);
  60:../src/smc_gen/r_bsp/mcu/all/lowlvl.c **** #endif
  61:../src/smc_gen/r_bsp/mcu/all/lowlvl.c **** 
  62:../src/smc_gen/r_bsp/mcu/all/lowlvl.c **** #if BSP_CFG_USER_CHARGET_ENABLED != 0
  63:../src/smc_gen/r_bsp/mcu/all/lowlvl.c **** /* If user has indicated they want to provide their own charget function then this is the prototype
  64:../src/smc_gen/r_bsp/mcu/all/lowlvl.c **** char BSP_CFG_USER_CHARGET_FUNCTION(void);
  65:../src/smc_gen/r_bsp/mcu/all/lowlvl.c **** #endif
  66:../src/smc_gen/r_bsp/mcu/all/lowlvl.c **** 
  67:../src/smc_gen/r_bsp/mcu/all/lowlvl.c **** /**************************************************************************************************
  68:../src/smc_gen/r_bsp/mcu/all/lowlvl.c **** Private global variables and functions
  69:../src/smc_gen/r_bsp/mcu/all/lowlvl.c **** ***************************************************************************************************
  70:../src/smc_gen/r_bsp/mcu/all/lowlvl.c **** 
  71:../src/smc_gen/r_bsp/mcu/all/lowlvl.c **** /**************************************************************************************************
  72:../src/smc_gen/r_bsp/mcu/all/lowlvl.c **** * Function Name: charput
  73:../src/smc_gen/r_bsp/mcu/all/lowlvl.c **** * Description  : Outputs a character on a serial port
  74:../src/smc_gen/r_bsp/mcu/all/lowlvl.c **** * Arguments    : character to output
  75:../src/smc_gen/r_bsp/mcu/all/lowlvl.c **** * Return Value : none
  76:../src/smc_gen/r_bsp/mcu/all/lowlvl.c **** ***************************************************************************************************
  77:../src/smc_gen/r_bsp/mcu/all/lowlvl.c **** void charput (char output_char)
  78:../src/smc_gen/r_bsp/mcu/all/lowlvl.c **** {
  10                             		.loc 1 78 1
  11                             	.LVL0:
  79:../src/smc_gen/r_bsp/mcu/all/lowlvl.c ****     /* If user has provided their own charput() function, then call it. */
  80:../src/smc_gen/r_bsp/mcu/all/lowlvl.c **** #if BSP_CFG_USER_CHARPUT_ENABLED == 1
  81:../src/smc_gen/r_bsp/mcu/all/lowlvl.c ****     BSP_CFG_USER_CHARPUT_FUNCTION(output_char);
  82:../src/smc_gen/r_bsp/mcu/all/lowlvl.c **** #else
  83:../src/smc_gen/r_bsp/mcu/all/lowlvl.c ****     /* Wait for transmit buffer to be empty */
  84:../src/smc_gen/r_bsp/mcu/all/lowlvl.c ****     /* WAIT_LOOP */
  85:../src/smc_gen/r_bsp/mcu/all/lowlvl.c ****     while(0 != (BSP_PRV_E1_DBG_PORT.dbgstat & BSP_PRV_TXFL0EN))
  12                             		.loc 1 85 5
  13                             		.loc 1 85 36 is_stmt 0
  14 0000 FB 4E 80 40 08          		mov.L	#0x84080, r4
  15 0005 AC 45                   		mov.L	64[r4], r5
  16                             		.loc 1 85 10
  17 0007 7C 85                   		btst	#8, r5
  18 0009 10                      		beq	.L2
  19                             	.L3:
  86:../src/smc_gen/r_bsp/mcu/all/lowlvl.c ****     {
  87:../src/smc_gen/r_bsp/mcu/all/lowlvl.c ****         /* do nothing */
  88:../src/smc_gen/r_bsp/mcu/all/lowlvl.c ****         R_BSP_NOP();
  20                             		.loc 1 88 9 is_stmt 1
  21                             	 ; 88 "../src/smc_gen/r_bsp/mcu/all/lowlvl.c" 1
  22 000a 03                      		nop
  23                             	 ; 0 "" 2
  85:../src/smc_gen/r_bsp/mcu/all/lowlvl.c ****     {
  24                             		.loc 1 85 36 is_stmt 0
  25 000b AC 45                   		mov.L	64[r4], r5
  85:../src/smc_gen/r_bsp/mcu/all/lowlvl.c ****     {
  26                             		.loc 1 85 10
  27 000d 7C 85                   		btst	#8, r5
  28 000f 21 FB                   		bne	.L3
  29                             		.balign 8,3,1
  30                             	.L2:
  89:../src/smc_gen/r_bsp/mcu/all/lowlvl.c ****     }
  90:../src/smc_gen/r_bsp/mcu/all/lowlvl.c **** 
  91:../src/smc_gen/r_bsp/mcu/all/lowlvl.c ****     /* Write the character out */
  92:../src/smc_gen/r_bsp/mcu/all/lowlvl.c ****     /* Casting is valid because it matches the type to the right side or argument. */
  93:../src/smc_gen/r_bsp/mcu/all/lowlvl.c ****     BSP_PRV_E1_DBG_PORT.tx_data = (int32_t)output_char;
  31                             		.loc 1 93 5 is_stmt 1
  32                             		.loc 1 93 35 is_stmt 0
  33 0011 5B 11                   		movu.B	r1, r1
  34                             		.loc 1 93 33
  35 0013 FB 5E 80 40 08          		mov.L	#0x84080, r5
  36 0018 E3 51                   		mov.L	r1, [r5]
  94:../src/smc_gen/r_bsp/mcu/all/lowlvl.c **** #endif
  95:../src/smc_gen/r_bsp/mcu/all/lowlvl.c **** } /* End of function charput() */
  37                             		.loc 1 95 1
  38 001a 02                      		rts
  39                             	.LFE3:
  41 001b 77 10 01 00 00          		.section	.text.charget,"ax",@progbits
  42                             		.global	_charget
  44                             	_charget:
  45                             	.LFB4:
  96:../src/smc_gen/r_bsp/mcu/all/lowlvl.c **** 
  97:../src/smc_gen/r_bsp/mcu/all/lowlvl.c **** /**************************************************************************************************
  98:../src/smc_gen/r_bsp/mcu/all/lowlvl.c **** * Function Name: charget
  99:../src/smc_gen/r_bsp/mcu/all/lowlvl.c **** * Description  : Gets a character on a serial port
 100:../src/smc_gen/r_bsp/mcu/all/lowlvl.c **** * Arguments    : none
 101:../src/smc_gen/r_bsp/mcu/all/lowlvl.c **** * Return Value : received character
 102:../src/smc_gen/r_bsp/mcu/all/lowlvl.c **** ***************************************************************************************************
 103:../src/smc_gen/r_bsp/mcu/all/lowlvl.c **** char charget (void)
 104:../src/smc_gen/r_bsp/mcu/all/lowlvl.c **** {
  46                             		.loc 1 104 1 is_stmt 1
 105:../src/smc_gen/r_bsp/mcu/all/lowlvl.c ****     /* If user has provided their own charget() function, then call it. */
 106:../src/smc_gen/r_bsp/mcu/all/lowlvl.c **** #if BSP_CFG_USER_CHARGET_ENABLED == 1
 107:../src/smc_gen/r_bsp/mcu/all/lowlvl.c ****     return BSP_CFG_USER_CHARGET_FUNCTION();
 108:../src/smc_gen/r_bsp/mcu/all/lowlvl.c **** #else
 109:../src/smc_gen/r_bsp/mcu/all/lowlvl.c ****     /* Wait for rx buffer buffer to be ready */
 110:../src/smc_gen/r_bsp/mcu/all/lowlvl.c ****     /* WAIT_LOOP */
 111:../src/smc_gen/r_bsp/mcu/all/lowlvl.c ****     while(0 == (BSP_PRV_E1_DBG_PORT.dbgstat & BSP_PRV_RXFL0EN))
  47                             		.loc 1 111 5
  48                             		.loc 1 111 36 is_stmt 0
  49 0000 FB 4E 80 40 08          		mov.L	#0x84080, r4
  50 0005 AC 45                   		mov.L	64[r4], r5
  51                             		.loc 1 111 10
  52 0007 7C C5                   		btst	#12, r5
  53 0009 18                      		bne	.L10
  54                             	.L11:
 112:../src/smc_gen/r_bsp/mcu/all/lowlvl.c ****     {
 113:../src/smc_gen/r_bsp/mcu/all/lowlvl.c ****         /* do nothing */
 114:../src/smc_gen/r_bsp/mcu/all/lowlvl.c ****         R_BSP_NOP();
  55                             		.loc 1 114 9 is_stmt 1
  56                             	 ; 114 "../src/smc_gen/r_bsp/mcu/all/lowlvl.c" 1
  57 000a 03                      		nop
  58                             	 ; 0 "" 2
 111:../src/smc_gen/r_bsp/mcu/all/lowlvl.c ****     {
  59                             		.loc 1 111 36 is_stmt 0
  60 000b AC 45                   		mov.L	64[r4], r5
 111:../src/smc_gen/r_bsp/mcu/all/lowlvl.c ****     {
  61                             		.loc 1 111 10
  62 000d 7C C5                   		btst	#12, r5
  63 000f 20 FB                   		beq	.L11
  64                             		.balign 8,3,4
  65                             	.L10:
 115:../src/smc_gen/r_bsp/mcu/all/lowlvl.c ****     }
 116:../src/smc_gen/r_bsp/mcu/all/lowlvl.c **** 
 117:../src/smc_gen/r_bsp/mcu/all/lowlvl.c ****     /* Read data, send back up */
 118:../src/smc_gen/r_bsp/mcu/all/lowlvl.c ****     /* Casting is valid because it matches the type to the retern value. */
 119:../src/smc_gen/r_bsp/mcu/all/lowlvl.c ****     return (char)BSP_PRV_E1_DBG_PORT.rx_data;
  66                             		.loc 1 119 5 is_stmt 1
  67                             		.loc 1 119 37 is_stmt 0
  68 0011 FB 5E 80 40 08          		mov.L	#0x84080, r5
  69 0016 A9 51                   		mov.L	16[r5], r1
 120:../src/smc_gen/r_bsp/mcu/all/lowlvl.c **** #endif
 121:../src/smc_gen/r_bsp/mcu/all/lowlvl.c **** } /* End of function charget() */
  70                             		.loc 1 121 1
  71 0018 5B 11                   		movu.B	r1, r1
  72 001a 02                      		rts
  73                             	.LFE4:
 109                             	.Letext0:
 110                             		.file 2 "c:\\gcc for renesas rx 8.3.0.202004-gnurx-elf\\rx-elf\\rx-elf\\rx-elf\\include\\machine\\
 111                             		.file 3 "c:\\gcc for renesas rx 8.3.0.202004-gnurx-elf\\rx-elf\\rx-elf\\rx-elf\\include\\sys\\_std
 112                             		.file 4 "c:\\gcc for renesas rx 8.3.0.202004-gnurx-elf\\rx-elf\\rx-elf\\rx-elf\\include\\sys\\lock
 113                             		.file 5 "c:\\gcc for renesas rx 8.3.0.202004-gnurx-elf\\rx-elf\\rx-elf\\rx-elf\\include\\sys\\_typ
 114                             		.file 6 "c:\\gcc for renesas rx 8.3.0.202004-gnurx-elf\\rx-elf\\rx-elf\\lib\\gcc\\rx-elf\\8.3.0.20
 115                             		.file 7 "c:\\gcc for renesas rx 8.3.0.202004-gnurx-elf\\rx-elf\\rx-elf\\rx-elf\\include\\sys\\reen
 116                             		.file 8 "C:\\Users\\a5116938\\Desktop\\e2_studio_workspace\\EEMBC_final\\RX65N_Cloud_Kit\\src\\smc
 117                             		.file 9 "C:\\Users\\a5116938\\Desktop\\e2_studio_workspace\\EEMBC_final\\RX65N_Cloud_Kit\\src\\smc
