   1                             		.file	"Pin.c"
   2                             		.section P,"ax"
   3                             	.Ltext0:
   4                             		.section	.text.R_Pins_Create,"ax",@progbits
   5                             		.global	_R_Pins_Create
   7                             	_R_Pins_Create:
   8                             	.LFB3:
   9                             		.file 1 "../src/smc_gen/r_pincfg/Pin.c"
   1:../src/smc_gen/r_pincfg/Pin.c **** /**************************************************************************************************
   2:../src/smc_gen/r_pincfg/Pin.c **** * DISCLAIMER
   3:../src/smc_gen/r_pincfg/Pin.c **** * This software is supplied by Renesas Electronics Corporation and is only intended for use with Re
   4:../src/smc_gen/r_pincfg/Pin.c **** * No other uses are authorized. This software is owned by Renesas Electronics Corporation and is pr
   5:../src/smc_gen/r_pincfg/Pin.c **** * applicable laws, including copyright laws. 
   6:../src/smc_gen/r_pincfg/Pin.c **** * THIS SOFTWARE IS PROVIDED "AS IS" AND RENESAS MAKES NO WARRANTIES REGARDING THIS SOFTWARE, WHETHE
   7:../src/smc_gen/r_pincfg/Pin.c **** * OR STATUTORY, INCLUDING BUT NOT LIMITED TO WARRANTIES OF MERCHANTABILITY, FITNESS FOR A PARTICULA
   8:../src/smc_gen/r_pincfg/Pin.c **** * NON-INFRINGEMENT.  ALL SUCH WARRANTIES ARE EXPRESSLY DISCLAIMED.TO THE MAXIMUM EXTENT PERMITTED N
   9:../src/smc_gen/r_pincfg/Pin.c **** * LAW, NEITHER RENESAS ELECTRONICS CORPORATION NOR ANY OF ITS AFFILIATED COMPANIES SHALL BE LIABLE 
  10:../src/smc_gen/r_pincfg/Pin.c **** * INDIRECT, SPECIAL, INCIDENTAL OR CONSEQUENTIAL DAMAGES FOR ANY REASON RELATED TO THIS SOFTWARE, E
  11:../src/smc_gen/r_pincfg/Pin.c **** * ITS AFFILIATES HAVE BEEN ADVISED OF THE POSSIBILITY OF SUCH DAMAGES.
  12:../src/smc_gen/r_pincfg/Pin.c **** * Renesas reserves the right, without notice, to make changes to this software and to discontinue t
  13:../src/smc_gen/r_pincfg/Pin.c **** * of this software. 
  14:../src/smc_gen/r_pincfg/Pin.c **** *
  15:../src/smc_gen/r_pincfg/Pin.c **** * Copyright (C) 2018 Renesas Electronics Corporation. All rights reserved.
  16:../src/smc_gen/r_pincfg/Pin.c **** ***************************************************************************************************
  17:../src/smc_gen/r_pincfg/Pin.c **** 
  18:../src/smc_gen/r_pincfg/Pin.c **** /**************************************************************************************************
  19:../src/smc_gen/r_pincfg/Pin.c **** * File Name    : Pin.c
  20:../src/smc_gen/r_pincfg/Pin.c **** * Version      : 1.0.2
  21:../src/smc_gen/r_pincfg/Pin.c **** * Device(s)    : R5F565NEDxFP
  22:../src/smc_gen/r_pincfg/Pin.c **** * Description  : This file implements SMC pin code generation.
  23:../src/smc_gen/r_pincfg/Pin.c **** * Creation Date: 2021-06-15
  24:../src/smc_gen/r_pincfg/Pin.c **** ***************************************************************************************************
  25:../src/smc_gen/r_pincfg/Pin.c **** 
  26:../src/smc_gen/r_pincfg/Pin.c **** /**************************************************************************************************
  27:../src/smc_gen/r_pincfg/Pin.c **** Pragma directive
  28:../src/smc_gen/r_pincfg/Pin.c **** ***************************************************************************************************
  29:../src/smc_gen/r_pincfg/Pin.c **** /* Start user code for pragma. Do not edit comment generated here */
  30:../src/smc_gen/r_pincfg/Pin.c **** /* End user code. Do not edit comment generated here */
  31:../src/smc_gen/r_pincfg/Pin.c **** 
  32:../src/smc_gen/r_pincfg/Pin.c **** /**************************************************************************************************
  33:../src/smc_gen/r_pincfg/Pin.c **** Includes
  34:../src/smc_gen/r_pincfg/Pin.c **** ***************************************************************************************************
  35:../src/smc_gen/r_pincfg/Pin.c **** #include "r_cg_macrodriver.h"
  36:../src/smc_gen/r_pincfg/Pin.c **** /* Start user code for include. Do not edit comment generated here */
  37:../src/smc_gen/r_pincfg/Pin.c **** /* End user code. Do not edit comment generated here */
  38:../src/smc_gen/r_pincfg/Pin.c **** #include "r_cg_userdefine.h"
  39:../src/smc_gen/r_pincfg/Pin.c **** 
  40:../src/smc_gen/r_pincfg/Pin.c **** /**************************************************************************************************
  41:../src/smc_gen/r_pincfg/Pin.c **** Global variables and functions
  42:../src/smc_gen/r_pincfg/Pin.c **** ***************************************************************************************************
  43:../src/smc_gen/r_pincfg/Pin.c **** /* Start user code for global. Do not edit comment generated here */
  44:../src/smc_gen/r_pincfg/Pin.c **** /* End user code. Do not edit comment generated here */
  45:../src/smc_gen/r_pincfg/Pin.c **** 
  46:../src/smc_gen/r_pincfg/Pin.c **** /**************************************************************************************************
  47:../src/smc_gen/r_pincfg/Pin.c **** * Function Name: R_Pins_Create
  48:../src/smc_gen/r_pincfg/Pin.c **** * Description  : This function initializes Smart Configurator pins
  49:../src/smc_gen/r_pincfg/Pin.c **** * Arguments    : None
  50:../src/smc_gen/r_pincfg/Pin.c **** * Return Value : None
  51:../src/smc_gen/r_pincfg/Pin.c **** ***************************************************************************************************
  52:../src/smc_gen/r_pincfg/Pin.c **** 
  53:../src/smc_gen/r_pincfg/Pin.c **** void R_Pins_Create(void)
  54:../src/smc_gen/r_pincfg/Pin.c **** {
  10                             		.loc 1 54 1
  55:../src/smc_gen/r_pincfg/Pin.c ****     R_BSP_RegisterProtectDisable(BSP_REG_PROTECT_MPC);
  11                             		.loc 1 55 5
  12 0000 66 31                   		mov.L	#3, r1
  13 0002 05 00 00 00             		bsr	_R_BSP_RegisterProtectDisable
  14                             	.LVL0:
  56:../src/smc_gen/r_pincfg/Pin.c **** 
  57:../src/smc_gen/r_pincfg/Pin.c ****     /* Set RXD0 pin */
  58:../src/smc_gen/r_pincfg/Pin.c ****     MPC.P33PFS.BYTE = 0x0BU;
  15                             		.loc 1 58 5
  16                             		.loc 1 58 21 is_stmt 0
  17 0006 FB 4E 00 C1 08          		mov.L	#0x8c100, r4
  59:../src/smc_gen/r_pincfg/Pin.c ****     PORT3.PMR.BYTE |= 0x08U;
  18                             		.loc 1 59 20
  19 000b FB 5E 03 C0 08          		mov.L	#0x8c003, r5
  60:../src/smc_gen/r_pincfg/Pin.c **** 
  61:../src/smc_gen/r_pincfg/Pin.c ****     /* Set TXD0 pin */
  62:../src/smc_gen/r_pincfg/Pin.c ****     PORT3.PODR.BYTE |= 0x04U;
  63:../src/smc_gen/r_pincfg/Pin.c ****     MPC.P32PFS.BYTE = 0x0BU;
  64:../src/smc_gen/r_pincfg/Pin.c ****     PORT3.PDR.BYTE |= 0x04U;
  65:../src/smc_gen/r_pincfg/Pin.c ****     // PORT3.PMR.BIT.B2 = 1U; // Please set the PMR bit after TE bit is set to 1.
  66:../src/smc_gen/r_pincfg/Pin.c **** 
  67:../src/smc_gen/r_pincfg/Pin.c ****     R_BSP_RegisterProtectEnable(BSP_REG_PROTECT_MPC);
  20                             		.loc 1 67 5
  21 0010 66 31                   		mov.L	#3, r1
  58:../src/smc_gen/r_pincfg/Pin.c ****     PORT3.PMR.BYTE |= 0x08U;
  22                             		.loc 1 58 21
  23 0012 F9 44 5B 0B             		mov.B	#11, 91[r4]
  59:../src/smc_gen/r_pincfg/Pin.c ****     PORT3.PMR.BYTE |= 0x08U;
  24                             		.loc 1 59 5 is_stmt 1
  62:../src/smc_gen/r_pincfg/Pin.c ****     MPC.P32PFS.BYTE = 0x0BU;
  25                             		.loc 1 62 5
  63:../src/smc_gen/r_pincfg/Pin.c ****     PORT3.PDR.BYTE |= 0x04U;
  26                             		.loc 1 63 5
  59:../src/smc_gen/r_pincfg/Pin.c **** 
  27                             		.loc 1 59 20 is_stmt 0
  28 0016 F1 53 60                		bset	#3, 96[r5].B
  62:../src/smc_gen/r_pincfg/Pin.c ****     MPC.P32PFS.BYTE = 0x0BU;
  29                             		.loc 1 62 21
  30 0019 F1 52 20                		bset	#2, 32[r5].B
  63:../src/smc_gen/r_pincfg/Pin.c ****     PORT3.PDR.BYTE |= 0x04U;
  31                             		.loc 1 63 21
  32 001c F9 44 5A 0B             		mov.B	#11, 90[r4]
  64:../src/smc_gen/r_pincfg/Pin.c ****     // PORT3.PMR.BIT.B2 = 1U; // Please set the PMR bit after TE bit is set to 1.
  33                             		.loc 1 64 5 is_stmt 1
  34                             		.loc 1 67 5
  64:../src/smc_gen/r_pincfg/Pin.c ****     // PORT3.PMR.BIT.B2 = 1U; // Please set the PMR bit after TE bit is set to 1.
  35                             		.loc 1 64 20 is_stmt 0
  36 0020 F0 52                   		bset	#2, [r5].B
  37                             		.loc 1 67 5
  38 0022 04 00 00 00             		bra	_R_BSP_RegisterProtectEnable
  39                             	.LVL1:
  40                             	.LFE3:
  68                             	.Letext0:
  69                             		.file 2 "c:\\gcc for renesas rx 8.3.0.202004-gnurx-elf\\rx-elf\\rx-elf\\rx-elf\\include\\machine\\
  70                             		.file 3 "c:\\gcc for renesas rx 8.3.0.202004-gnurx-elf\\rx-elf\\rx-elf\\rx-elf\\include\\sys\\_std
  71                             		.file 4 "c:\\gcc for renesas rx 8.3.0.202004-gnurx-elf\\rx-elf\\rx-elf\\rx-elf\\include\\sys\\lock
  72                             		.file 5 "c:\\gcc for renesas rx 8.3.0.202004-gnurx-elf\\rx-elf\\rx-elf\\rx-elf\\include\\sys\\_typ
  73                             		.file 6 "c:\\gcc for renesas rx 8.3.0.202004-gnurx-elf\\rx-elf\\rx-elf\\lib\\gcc\\rx-elf\\8.3.0.20
  74                             		.file 7 "c:\\gcc for renesas rx 8.3.0.202004-gnurx-elf\\rx-elf\\rx-elf\\rx-elf\\include\\sys\\reen
  75                             		.file 8 "C:\\Users\\a5116938\\Desktop\\e2_studio_workspace\\EEMBC_final\\RX65N_Cloud_Kit\\src\\smc
  76                             		.file 9 "C:\\Users\\a5116938\\Desktop\\e2_studio_workspace\\EEMBC_final\\RX65N_Cloud_Kit\\src\\smc
  77                             		.file 10 "C:\\Users\\a5116938\\Desktop\\e2_studio_workspace\\EEMBC_final\\RX65N_Cloud_Kit\\src\\sm
  78                             		.file 11 "C:\\Users\\a5116938\\Desktop\\e2_studio_workspace\\EEMBC_final\\RX65N_Cloud_Kit\\src\\sm
