   1                             		.file	"r_cg_hardware_setup.c"
   2                             		.section P,"ax"
   3                             	.Ltext0:
   4                             		.section	.text.r_undefined_exception,"ax",@progbits
   5                             		.global	_r_undefined_exception
   7                             	_r_undefined_exception:
   8                             	.LFB3:
   9                             		.file 1 "../src/smc_gen/general/r_cg_hardware_setup.c"
   1:../src/smc_gen/general/r_cg_hardware_setup.c **** /**************************************************************************************************
   2:../src/smc_gen/general/r_cg_hardware_setup.c **** * DISCLAIMER
   3:../src/smc_gen/general/r_cg_hardware_setup.c **** * This software is supplied by Renesas Electronics Corporation and is only intended for use with Re
   4:../src/smc_gen/general/r_cg_hardware_setup.c **** * No other uses are authorized. This software is owned by Renesas Electronics Corporation and is pr
   5:../src/smc_gen/general/r_cg_hardware_setup.c **** * applicable laws, including copyright laws. 
   6:../src/smc_gen/general/r_cg_hardware_setup.c **** * THIS SOFTWARE IS PROVIDED "AS IS" AND RENESAS MAKES NO WARRANTIES REGARDING THIS SOFTWARE, WHETHE
   7:../src/smc_gen/general/r_cg_hardware_setup.c **** * OR STATUTORY, INCLUDING BUT NOT LIMITED TO WARRANTIES OF MERCHANTABILITY, FITNESS FOR A PARTICULA
   8:../src/smc_gen/general/r_cg_hardware_setup.c **** * NON-INFRINGEMENT.  ALL SUCH WARRANTIES ARE EXPRESSLY DISCLAIMED.TO THE MAXIMUM EXTENT PERMITTED N
   9:../src/smc_gen/general/r_cg_hardware_setup.c **** * LAW, NEITHER RENESAS ELECTRONICS CORPORATION NOR ANY OF ITS AFFILIATED COMPANIES SHALL BE LIABLE 
  10:../src/smc_gen/general/r_cg_hardware_setup.c **** * INDIRECT, SPECIAL, INCIDENTAL OR CONSEQUENTIAL DAMAGES FOR ANY REASON RELATED TO THIS SOFTWARE, E
  11:../src/smc_gen/general/r_cg_hardware_setup.c **** * ITS AFFILIATES HAVE BEEN ADVISED OF THE POSSIBILITY OF SUCH DAMAGES.
  12:../src/smc_gen/general/r_cg_hardware_setup.c **** * Renesas reserves the right, without notice, to make changes to this software and to discontinue t
  13:../src/smc_gen/general/r_cg_hardware_setup.c **** * of this software. 
  14:../src/smc_gen/general/r_cg_hardware_setup.c **** *
  15:../src/smc_gen/general/r_cg_hardware_setup.c **** * Copyright (C) 2019 Renesas Electronics Corporation. All rights reserved.
  16:../src/smc_gen/general/r_cg_hardware_setup.c **** ***************************************************************************************************
  17:../src/smc_gen/general/r_cg_hardware_setup.c **** 
  18:../src/smc_gen/general/r_cg_hardware_setup.c **** /**************************************************************************************************
  19:../src/smc_gen/general/r_cg_hardware_setup.c **** * File Name    : r_cg_hardware_setup.c
  20:../src/smc_gen/general/r_cg_hardware_setup.c **** * Version      : 1.2.102
  21:../src/smc_gen/general/r_cg_hardware_setup.c **** * Device(s)    : R5F565NEDxFP
  22:../src/smc_gen/general/r_cg_hardware_setup.c **** * Description  : Initialization file for code generation configurations.
  23:../src/smc_gen/general/r_cg_hardware_setup.c **** * Creation Date: 2021-06-15
  24:../src/smc_gen/general/r_cg_hardware_setup.c **** ***************************************************************************************************
  25:../src/smc_gen/general/r_cg_hardware_setup.c **** 
  26:../src/smc_gen/general/r_cg_hardware_setup.c **** /**************************************************************************************************
  27:../src/smc_gen/general/r_cg_hardware_setup.c **** Pragma directive
  28:../src/smc_gen/general/r_cg_hardware_setup.c **** ***************************************************************************************************
  29:../src/smc_gen/general/r_cg_hardware_setup.c **** /* Start user code for pragma. Do not edit comment generated here */
  30:../src/smc_gen/general/r_cg_hardware_setup.c **** /* End user code. Do not edit comment generated here */
  31:../src/smc_gen/general/r_cg_hardware_setup.c **** 
  32:../src/smc_gen/general/r_cg_hardware_setup.c **** /**************************************************************************************************
  33:../src/smc_gen/general/r_cg_hardware_setup.c **** Includes
  34:../src/smc_gen/general/r_cg_hardware_setup.c **** ***************************************************************************************************
  35:../src/smc_gen/general/r_cg_hardware_setup.c **** #include "r_cg_macrodriver.h"
  36:../src/smc_gen/general/r_cg_hardware_setup.c **** #include "Config_MTU1.h"
  37:../src/smc_gen/general/r_cg_hardware_setup.c **** #include "Config_MTU2.h"
  38:../src/smc_gen/general/r_cg_hardware_setup.c **** #include "Config_SCI0.h"
  39:../src/smc_gen/general/r_cg_hardware_setup.c **** #include "Config_PORT.h"
  40:../src/smc_gen/general/r_cg_hardware_setup.c **** #include "r_smc_cgc.h"
  41:../src/smc_gen/general/r_cg_hardware_setup.c **** #include "r_smc_interrupt.h"
  42:../src/smc_gen/general/r_cg_hardware_setup.c **** /* Start user code for include. Do not edit comment generated here */
  43:../src/smc_gen/general/r_cg_hardware_setup.c **** /* End user code. Do not edit comment generated here */
  44:../src/smc_gen/general/r_cg_hardware_setup.c **** #include "r_cg_userdefine.h"
  45:../src/smc_gen/general/r_cg_hardware_setup.c **** 
  46:../src/smc_gen/general/r_cg_hardware_setup.c **** /**************************************************************************************************
  47:../src/smc_gen/general/r_cg_hardware_setup.c **** Global variables and functions
  48:../src/smc_gen/general/r_cg_hardware_setup.c **** ***************************************************************************************************
  49:../src/smc_gen/general/r_cg_hardware_setup.c **** /* Start user code for global. Do not edit comment generated here */
  50:../src/smc_gen/general/r_cg_hardware_setup.c **** /* End user code. Do not edit comment generated here */
  51:../src/smc_gen/general/r_cg_hardware_setup.c **** 
  52:../src/smc_gen/general/r_cg_hardware_setup.c **** /**************************************************************************************************
  53:../src/smc_gen/general/r_cg_hardware_setup.c **** * Function Name: r_undefined_exception
  54:../src/smc_gen/general/r_cg_hardware_setup.c **** * Description  : This function is undefined interrupt service routine
  55:../src/smc_gen/general/r_cg_hardware_setup.c **** * Arguments    : None
  56:../src/smc_gen/general/r_cg_hardware_setup.c **** * Return Value : None
  57:../src/smc_gen/general/r_cg_hardware_setup.c **** ***************************************************************************************************
  58:../src/smc_gen/general/r_cg_hardware_setup.c **** 
  59:../src/smc_gen/general/r_cg_hardware_setup.c **** void r_undefined_exception(void)
  60:../src/smc_gen/general/r_cg_hardware_setup.c **** {
  10                             		.loc 1 60 1
  61:../src/smc_gen/general/r_cg_hardware_setup.c ****     /* Start user code for r_undefined_exception. Do not edit comment generated here */
  62:../src/smc_gen/general/r_cg_hardware_setup.c ****     /* End user code. Do not edit comment generated here */
  63:../src/smc_gen/general/r_cg_hardware_setup.c **** }
  11                             		.loc 1 63 1
  12 0000 02                      		rts
  13                             	.LFE3:
  15                             		.section	.text.R_Systeminit,"ax",@progbits
  16                             		.global	_R_Systeminit
  18                             	_R_Systeminit:
  19                             	.LFB4:
  64:../src/smc_gen/general/r_cg_hardware_setup.c **** 
  65:../src/smc_gen/general/r_cg_hardware_setup.c **** /**************************************************************************************************
  66:../src/smc_gen/general/r_cg_hardware_setup.c **** * Function Name: R_Systeminit
  67:../src/smc_gen/general/r_cg_hardware_setup.c **** * Description  : This function initializes every configuration
  68:../src/smc_gen/general/r_cg_hardware_setup.c **** * Arguments    : None
  69:../src/smc_gen/general/r_cg_hardware_setup.c **** * Return Value : None
  70:../src/smc_gen/general/r_cg_hardware_setup.c **** ***************************************************************************************************
  71:../src/smc_gen/general/r_cg_hardware_setup.c **** 
  72:../src/smc_gen/general/r_cg_hardware_setup.c **** void R_Systeminit(void)
  73:../src/smc_gen/general/r_cg_hardware_setup.c **** {
  20                             		.loc 1 73 1
  21 0000 6E 7A                   		pushm	r7-r10
  22                             	.LCFI0:
  74:../src/smc_gen/general/r_cg_hardware_setup.c ****     /* Enable writing to registers related to operating modes, LPC, CGC and software reset */
  75:../src/smc_gen/general/r_cg_hardware_setup.c ****     SYSTEM.PRCR.WORD = 0xA50BU;
  23                             		.loc 1 75 5
  24                             		.loc 1 75 22 is_stmt 0
  25 0002 FB AE 00 00 08          		mov.L	#0x80000, r10
  76:../src/smc_gen/general/r_cg_hardware_setup.c **** 
  77:../src/smc_gen/general/r_cg_hardware_setup.c ****     /* Enable writing to MPC pin function control registers */
  78:../src/smc_gen/general/r_cg_hardware_setup.c ****     MPC.PWPR.BIT.B0WI = 0U;
  26                             		.loc 1 78 23
  27 0007 FB 7E 00 C1 08          		mov.L	#0x8c100, r7
  75:../src/smc_gen/general/r_cg_hardware_setup.c **** 
  28                             		.loc 1 75 22
  29 000c FA A9 FF 01 0B A5       		mov.W	#-23285, 1022[r10]
  30                             		.loc 1 78 5 is_stmt 1
  31                             		.loc 1 78 23 is_stmt 0
  32 0012 8F FD                   		mov.B	31[r7], r5
  33 0014 7A 75                   		bclr	#7, r5
  34 0016 87 FD                   		mov.B	r5, 31[r7]
  79:../src/smc_gen/general/r_cg_hardware_setup.c ****     MPC.PWPR.BIT.PFSWE = 1U;
  35                             		.loc 1 79 5 is_stmt 1
  36                             		.loc 1 79 24 is_stmt 0
  37 0018 F1 76 1F                		bset	#6, 31[r7].B
  80:../src/smc_gen/general/r_cg_hardware_setup.c **** 
  81:../src/smc_gen/general/r_cg_hardware_setup.c ****     /* Write 0 to the target bits in the POECR2 registers */
  82:../src/smc_gen/general/r_cg_hardware_setup.c ****     POE3.POECR2.WORD = 0x0000U;
  38                             		.loc 1 82 5 is_stmt 1
  39                             		.loc 1 82 22 is_stmt 0
  40 001b FB 5E C0 C4 08          		mov.L	#0x8c4c0, r5
  41 0020 3D 56 00                		mov.W	#0, 12[r5]
  83:../src/smc_gen/general/r_cg_hardware_setup.c **** 
  84:../src/smc_gen/general/r_cg_hardware_setup.c ****     /* Initialize clocks settings */
  85:../src/smc_gen/general/r_cg_hardware_setup.c ****     R_CGC_Create();
  42                             		.loc 1 85 5 is_stmt 1
  43 0023 05 00 00 00             		bsr	_R_CGC_Create
  44                             	.LVL0:
  86:../src/smc_gen/general/r_cg_hardware_setup.c **** 
  87:../src/smc_gen/general/r_cg_hardware_setup.c ****     /* Set peripheral settings */
  88:../src/smc_gen/general/r_cg_hardware_setup.c ****     R_Config_PORT_Create();
  45                             		.loc 1 88 5
  46 0027 05 00 00 00             		bsr	_R_Config_PORT_Create
  47                             	.LVL1:
  89:../src/smc_gen/general/r_cg_hardware_setup.c ****     R_Config_MTU1_Create();
  48                             		.loc 1 89 5
  49 002b 05 00 00 00             		bsr	_R_Config_MTU1_Create
  50                             	.LVL2:
  90:../src/smc_gen/general/r_cg_hardware_setup.c ****     R_Config_MTU2_Create();
  51                             		.loc 1 90 5
  52 002f 05 00 00 00             		bsr	_R_Config_MTU2_Create
  53                             	.LVL3:
  91:../src/smc_gen/general/r_cg_hardware_setup.c ****     R_Config_SCI0_Create();
  54                             		.loc 1 91 5
  55 0033 05 00 00 00             		bsr	_R_Config_SCI0_Create
  56                             	.LVL4:
  92:../src/smc_gen/general/r_cg_hardware_setup.c **** 
  93:../src/smc_gen/general/r_cg_hardware_setup.c ****     /* Set interrupt settings */
  94:../src/smc_gen/general/r_cg_hardware_setup.c ****     R_Interrupt_Create();
  57                             		.loc 1 94 5
  58 0037 05 00 00 00             		bsr	_R_Interrupt_Create
  59                             	.LVL5:
  95:../src/smc_gen/general/r_cg_hardware_setup.c **** 
  96:../src/smc_gen/general/r_cg_hardware_setup.c ****     /* Register undefined interrupt */
  97:../src/smc_gen/general/r_cg_hardware_setup.c ****     R_BSP_InterruptWrite(BSP_INT_SRC_UNDEFINED_INTERRUPT,(bsp_int_cb_t)r_undefined_exception);
  60                             		.loc 1 97 5
  61 003b FB 22 00 00 00 00       		mov.L	#_r_undefined_exception, r2
  62 0041 66 A1                   		mov.L	#10, r1
  63 0043 05 00 00 00             		bsr	_R_BSP_InterruptWrite
  64                             	.LVL6:
  98:../src/smc_gen/general/r_cg_hardware_setup.c **** 
  99:../src/smc_gen/general/r_cg_hardware_setup.c ****     /* Register group BL0 interrupt TEI0 (SCI0) */
 100:../src/smc_gen/general/r_cg_hardware_setup.c ****     R_BSP_InterruptWrite(BSP_INT_SRC_BL0_SCI0_TEI0,(bsp_int_cb_t)r_Config_SCI0_transmitend_interrup
  65                             		.loc 1 100 5
  66 0047 FB 22 00 00 00 00       		mov.L	#_r_Config_SCI0_transmitend_interrupt, r2
  67 004d 75 41 14                		mov.L	#20, r1
  68 0050 05 00 00 00             		bsr	_R_BSP_InterruptWrite
  69                             	.LVL7:
 101:../src/smc_gen/general/r_cg_hardware_setup.c **** 
 102:../src/smc_gen/general/r_cg_hardware_setup.c ****     /* Disable writing to MPC pin function control registers */
 103:../src/smc_gen/general/r_cg_hardware_setup.c ****     MPC.PWPR.BIT.PFSWE = 0U;
  70                             		.loc 1 103 5
  71                             		.loc 1 103 24 is_stmt 0
  72 0054 F1 7E 1F                		bclr	#6, 31[r7].B
 104:../src/smc_gen/general/r_cg_hardware_setup.c ****     MPC.PWPR.BIT.B0WI = 1U;
  73                             		.loc 1 104 5 is_stmt 1
  74                             		.loc 1 104 23 is_stmt 0
  75 0057 8F FD                   		mov.B	31[r7], r5
  76 0059 78 75                   		bset	#7, r5
  77 005b 87 FD                   		mov.B	r5, 31[r7]
 105:../src/smc_gen/general/r_cg_hardware_setup.c **** 
 106:../src/smc_gen/general/r_cg_hardware_setup.c ****     /* Enable protection */
 107:../src/smc_gen/general/r_cg_hardware_setup.c ****     SYSTEM.PRCR.WORD = 0xA500U;
  78                             		.loc 1 107 5 is_stmt 1
  79                             		.loc 1 107 22 is_stmt 0
  80 005d FA A9 FF 01 00 A5       		mov.W	#-23296, 1022[r10]
 108:../src/smc_gen/general/r_cg_hardware_setup.c **** }
  81                             		.loc 1 108 1
  82 0063 3F 7A 04                		rtsd	#16, r7-r10
  83                             	.LFE4:
 131                             	.Letext0:
 132                             		.file 2 "c:\\gcc for renesas rx 8.3.0.202004-gnurx-elf\\rx-elf\\rx-elf\\rx-elf\\include\\machine\\
 133                             		.file 3 "c:\\gcc for renesas rx 8.3.0.202004-gnurx-elf\\rx-elf\\rx-elf\\rx-elf\\include\\sys\\_std
 134                             		.file 4 "c:\\gcc for renesas rx 8.3.0.202004-gnurx-elf\\rx-elf\\rx-elf\\rx-elf\\include\\sys\\lock
 135                             		.file 5 "c:\\gcc for renesas rx 8.3.0.202004-gnurx-elf\\rx-elf\\rx-elf\\rx-elf\\include\\sys\\_typ
 136                             		.file 6 "c:\\gcc for renesas rx 8.3.0.202004-gnurx-elf\\rx-elf\\rx-elf\\lib\\gcc\\rx-elf\\8.3.0.20
 137                             		.file 7 "c:\\gcc for renesas rx 8.3.0.202004-gnurx-elf\\rx-elf\\rx-elf\\rx-elf\\include\\sys\\reen
 138                             		.file 8 "C:\\Users\\a5116938\\Desktop\\e2_studio_workspace\\EEMBC_final\\RX65N_Cloud_Kit\\src\\smc
 139                             		.file 9 "C:\\Users\\a5116938\\Desktop\\e2_studio_workspace\\EEMBC_final\\RX65N_Cloud_Kit\\src\\smc
 140                             		.file 10 "C:\\Users\\a5116938\\Desktop\\e2_studio_workspace\\EEMBC_final\\RX65N_Cloud_Kit\\src\\sm
 141                             		.file 11 "C:\\Users\\a5116938\\Desktop\\e2_studio_workspace\\EEMBC_final\\RX65N_Cloud_Kit\\src\\sm
 142                             		.file 12 "../src/smc_gen/general/r_smc_cgc.h"
 143                             		.file 13 "C:\\Users\\a5116938\\Desktop\\e2_studio_workspace\\EEMBC_final\\RX65N_Cloud_Kit\\src\\sm
 144                             		.file 14 "C:\\Users\\a5116938\\Desktop\\e2_studio_workspace\\EEMBC_final\\RX65N_Cloud_Kit\\src\\sm
 145                             		.file 15 "C:\\Users\\a5116938\\Desktop\\e2_studio_workspace\\EEMBC_final\\RX65N_Cloud_Kit\\src\\sm
 146                             		.file 16 "C:\\Users\\a5116938\\Desktop\\e2_studio_workspace\\EEMBC_final\\RX65N_Cloud_Kit\\src\\sm
 147                             		.file 17 "../src/smc_gen/general/r_smc_interrupt.h"
 148                             		.file 18 "C:\\Users\\a5116938\\Desktop\\e2_studio_workspace\\EEMBC_final\\RX65N_Cloud_Kit\\src\\sm
