   1                             		.file	"r_smc_interrupt.c"
   2                             		.section P,"ax"
   3                             	.Ltext0:
   4                             		.section	.text.R_Interrupt_Create,"ax",@progbits
   5                             		.global	_R_Interrupt_Create
   7                             	_R_Interrupt_Create:
   8                             	.LFB3:
   9                             		.file 1 "../src/smc_gen/general/r_smc_interrupt.c"
   1:../src/smc_gen/general/r_smc_interrupt.c **** /**************************************************************************************************
   2:../src/smc_gen/general/r_smc_interrupt.c **** * DISCLAIMER
   3:../src/smc_gen/general/r_smc_interrupt.c **** * This software is supplied by Renesas Electronics Corporation and is only intended for use with Re
   4:../src/smc_gen/general/r_smc_interrupt.c **** * No other uses are authorized. This software is owned by Renesas Electronics Corporation and is pr
   5:../src/smc_gen/general/r_smc_interrupt.c **** * applicable laws, including copyright laws. 
   6:../src/smc_gen/general/r_smc_interrupt.c **** * THIS SOFTWARE IS PROVIDED "AS IS" AND RENESAS MAKES NO WARRANTIES REGARDING THIS SOFTWARE, WHETHE
   7:../src/smc_gen/general/r_smc_interrupt.c **** * OR STATUTORY, INCLUDING BUT NOT LIMITED TO WARRANTIES OF MERCHANTABILITY, FITNESS FOR A PARTICULA
   8:../src/smc_gen/general/r_smc_interrupt.c **** * NON-INFRINGEMENT.  ALL SUCH WARRANTIES ARE EXPRESSLY DISCLAIMED.TO THE MAXIMUM EXTENT PERMITTED N
   9:../src/smc_gen/general/r_smc_interrupt.c **** * LAW, NEITHER RENESAS ELECTRONICS CORPORATION NOR ANY OF ITS AFFILIATED COMPANIES SHALL BE LIABLE 
  10:../src/smc_gen/general/r_smc_interrupt.c **** * INDIRECT, SPECIAL, INCIDENTAL OR CONSEQUENTIAL DAMAGES FOR ANY REASON RELATED TO THIS SOFTWARE, E
  11:../src/smc_gen/general/r_smc_interrupt.c **** * ITS AFFILIATES HAVE BEEN ADVISED OF THE POSSIBILITY OF SUCH DAMAGES.
  12:../src/smc_gen/general/r_smc_interrupt.c **** * Renesas reserves the right, without notice, to make changes to this software and to discontinue t
  13:../src/smc_gen/general/r_smc_interrupt.c **** * of this software. 
  14:../src/smc_gen/general/r_smc_interrupt.c **** *
  15:../src/smc_gen/general/r_smc_interrupt.c **** * Copyright (C) 2019 Renesas Electronics Corporation. All rights reserved.
  16:../src/smc_gen/general/r_smc_interrupt.c **** ***************************************************************************************************
  17:../src/smc_gen/general/r_smc_interrupt.c **** 
  18:../src/smc_gen/general/r_smc_interrupt.c **** /**************************************************************************************************
  19:../src/smc_gen/general/r_smc_interrupt.c **** * File Name    : r_smc_interrupt.c
  20:../src/smc_gen/general/r_smc_interrupt.c **** * Version      : 1.2.2
  21:../src/smc_gen/general/r_smc_interrupt.c **** * Device(s)    : R5F565NEDxFP
  22:../src/smc_gen/general/r_smc_interrupt.c **** * Description  : This file implements interrupt setting.
  23:../src/smc_gen/general/r_smc_interrupt.c **** * Creation Date: 2021-06-15
  24:../src/smc_gen/general/r_smc_interrupt.c **** ***************************************************************************************************
  25:../src/smc_gen/general/r_smc_interrupt.c **** 
  26:../src/smc_gen/general/r_smc_interrupt.c **** /**************************************************************************************************
  27:../src/smc_gen/general/r_smc_interrupt.c **** Pragma directive
  28:../src/smc_gen/general/r_smc_interrupt.c **** ***************************************************************************************************
  29:../src/smc_gen/general/r_smc_interrupt.c **** /* Start user code for pragma. Do not edit comment generated here */
  30:../src/smc_gen/general/r_smc_interrupt.c **** /* End user code. Do not edit comment generated here */
  31:../src/smc_gen/general/r_smc_interrupt.c **** 
  32:../src/smc_gen/general/r_smc_interrupt.c **** /**************************************************************************************************
  33:../src/smc_gen/general/r_smc_interrupt.c **** Includes
  34:../src/smc_gen/general/r_smc_interrupt.c **** ***************************************************************************************************
  35:../src/smc_gen/general/r_smc_interrupt.c **** #include "r_cg_macrodriver.h"
  36:../src/smc_gen/general/r_smc_interrupt.c **** #include "r_smc_interrupt.h"
  37:../src/smc_gen/general/r_smc_interrupt.c **** /* Start user code for include. Do not edit comment generated here */
  38:../src/smc_gen/general/r_smc_interrupt.c **** /* End user code. Do not edit comment generated here */
  39:../src/smc_gen/general/r_smc_interrupt.c **** #include "r_cg_userdefine.h"
  40:../src/smc_gen/general/r_smc_interrupt.c **** 
  41:../src/smc_gen/general/r_smc_interrupt.c **** /**************************************************************************************************
  42:../src/smc_gen/general/r_smc_interrupt.c **** Global variables and functions
  43:../src/smc_gen/general/r_smc_interrupt.c **** ***************************************************************************************************
  44:../src/smc_gen/general/r_smc_interrupt.c **** /* Start user code for global. Do not edit comment generated here */
  45:../src/smc_gen/general/r_smc_interrupt.c **** /* End user code. Do not edit comment generated here */
  46:../src/smc_gen/general/r_smc_interrupt.c **** 
  47:../src/smc_gen/general/r_smc_interrupt.c **** /**************************************************************************************************
  48:../src/smc_gen/general/r_smc_interrupt.c **** * Function Name: R_Interrupt_Create
  49:../src/smc_gen/general/r_smc_interrupt.c **** * Description  : This function Used to set the fast interrupt or group interrupt 
  50:../src/smc_gen/general/r_smc_interrupt.c **** * Arguments    : None
  51:../src/smc_gen/general/r_smc_interrupt.c **** * Return Value : None
  52:../src/smc_gen/general/r_smc_interrupt.c **** ***************************************************************************************************
  53:../src/smc_gen/general/r_smc_interrupt.c **** 
  54:../src/smc_gen/general/r_smc_interrupt.c **** void R_Interrupt_Create(void)
  55:../src/smc_gen/general/r_smc_interrupt.c **** {
  10                             		.loc 1 55 1
  56:../src/smc_gen/general/r_smc_interrupt.c ****     /* Disable group BL0 interrupt*/
  57:../src/smc_gen/general/r_smc_interrupt.c ****     IEN(ICU,GROUPBL0) = 0U;
  11                             		.loc 1 57 5
  12                             		.loc 1 57 23 is_stmt 0
  13 0000 FB 5E 00 70 08          		mov.L	#0x87000, r5
  14 0005 F2 5E 0D 02             		bclr	#6, 525[r5].B
  58:../src/smc_gen/general/r_smc_interrupt.c ****     
  59:../src/smc_gen/general/r_smc_interrupt.c **** 
  60:../src/smc_gen/general/r_smc_interrupt.c ****     /* Set group BL0 interrupt priority level */
  61:../src/smc_gen/general/r_smc_interrupt.c ****     IPR(ICU,GROUPBL0) = _02_ICU_PRIORITY_LEVEL2;
  15                             		.loc 1 61 5 is_stmt 1
  16                             		.loc 1 61 23 is_stmt 0
  17 0009 CE 54 6E 03             		mov.B	878[r5], r4
  18 000d 75 24 F0                		and #-16, r4
  19 0010 78 14                   		bset	#1, r4
  20 0012 CB 54 6E 03             		mov.B	r4, 878[r5]
  62:../src/smc_gen/general/r_smc_interrupt.c **** 
  63:../src/smc_gen/general/r_smc_interrupt.c ****     /* Enable group BL0 interrupt */
  64:../src/smc_gen/general/r_smc_interrupt.c ****     IEN(ICU,GROUPBL0) = 1U;
  21                             		.loc 1 64 5 is_stmt 1
  22                             		.loc 1 64 23 is_stmt 0
  23 0016 F2 56 0D 02             		bset	#6, 525[r5].B
  65:../src/smc_gen/general/r_smc_interrupt.c **** }
  24                             		.loc 1 65 1
  25 001a 02                      		rts
  26                             	.LFE3:
  54                             	.Letext0:
  55                             		.file 2 "c:\\gcc for renesas rx 8.3.0.202004-gnurx-elf\\rx-elf\\rx-elf\\rx-elf\\include\\machine\\
  56                             		.file 3 "c:\\gcc for renesas rx 8.3.0.202004-gnurx-elf\\rx-elf\\rx-elf\\rx-elf\\include\\sys\\_std
  57                             		.file 4 "c:\\gcc for renesas rx 8.3.0.202004-gnurx-elf\\rx-elf\\rx-elf\\rx-elf\\include\\sys\\lock
  58                             		.file 5 "c:\\gcc for renesas rx 8.3.0.202004-gnurx-elf\\rx-elf\\rx-elf\\rx-elf\\include\\sys\\_typ
  59                             		.file 6 "c:\\gcc for renesas rx 8.3.0.202004-gnurx-elf\\rx-elf\\rx-elf\\lib\\gcc\\rx-elf\\8.3.0.20
  60                             		.file 7 "c:\\gcc for renesas rx 8.3.0.202004-gnurx-elf\\rx-elf\\rx-elf\\rx-elf\\include\\sys\\reen
  61                             		.file 8 "C:\\Users\\a5116938\\Desktop\\e2_studio_workspace\\EEMBC_final\\RX65N_Cloud_Kit\\src\\smc
  62                             		.file 9 "C:\\Users\\a5116938\\Desktop\\e2_studio_workspace\\EEMBC_final\\RX65N_Cloud_Kit\\src\\smc
  63                             		.file 10 "C:\\Users\\a5116938\\Desktop\\e2_studio_workspace\\EEMBC_final\\RX65N_Cloud_Kit\\src\\sm
