   1                             	# 1 "../src/smc_gen/r_bsp/mcu/all/reset_program.S"
   1                             	;;/************************************************************************************************
   0                             	
   0                             	
   0                             	
   2                             	;;* DISCLAIMER
   3                             	;;* This software is supplied by Renesas Electronics Corporation and is only intended for use with 
   4                             	;;* other uses are authorized. This software is owned by Renesas Electronics Corporation and is pro
   5                             	;;* applicable laws, including copyright laws. 
   6                             	;;* THIS SOFTWARE IS PROVIDED "AS IS" AND RENESAS MAKES NO WARRANTIES REGARDING
   7                             	;;* THIS SOFTWARE, WHETHER EXPRESS, IMPLIED OR STATUTORY, INCLUDING BUT NOT LIMITED TO WARRANTIES O
   8                             	;;* FITNESS FOR A PARTICULAR PURPOSE AND NON-INFRINGEMENT. ALL SUCH WARRANTIES ARE EXPRESSLY DISCLA
   9                             	;;* EXTENT PERMITTED NOT PROHIBITED BY LAW, NEITHER RENESAS ELECTRONICS CORPORATION NOR ANY OF ITS 
  10                             	;;* SHALL BE LIABLE FOR ANY DIRECT, INDIRECT, SPECIAL, INCIDENTAL OR CONSEQUENTIAL DAMAGES FOR ANY 
  11                             	;;* SOFTWARE, EVEN IF RENESAS OR ITS AFFILIATES HAVE BEEN ADVISED OF THE POSSIBILITY OF SUCH DAMAGE
  12                             	;;* Renesas reserves the right, without notice, to make changes to this software and to discontinue
  13                             	;;* this software. 
  14                             	;;*
  15                             	;;* Copyright (C) 2019 Renesas Electronics Corporation. All rights reserved.
  16                             	;;*************************************************************************************************
  17                             	;;/************************************************************************************************
  18                             	;;* File Name    : reset_program.asm
  19                             	;;* Description  : Defines post-reset routines that are used to configure the MCU prior to the main
  20                             	;;*                This is where the program counter starts on power-up or reset.
  21                             	;;*************************************************************************************************
  22                             	;;/************************************************************************************************
  23                             	;;* History : DD.MM.YYYY Version   Description
  24                             	;;*         : 28.02.2019 1.00      First Release
  25                             	;;*************************************************************************************************
  26                             	
  27                             	    .if __GNUC__
  28                             	
  29                             	;;reset_program.asm
  30                             	
